#
# A fatal error has been detected by the Java Runtime Environment:
#
#  EXCEPTION_ACCESS_VIOLATION (0xc0000005) at pc=0x000000006e952a57, pid=23200, tid=13484
#
# JRE version: Java(TM) SE Runtime Environment (15.0.2+7) (build 15.0.2+7-27)
# Java VM: Java HotSpot(TM) 64-Bit Server VM (15.0.2+7-27, mixed mode, sharing, tiered, compressed oops, g1 gc, windows-amd64)
# Problematic frame:
# C  [xuggle3832401088045687954.dll+0x212a57]
#
# No core dump will be written. Minidumps are not enabled by default on client versions of Windows
#
# If you would like to submit a bug report, please visit:
#   https://bugreport.java.com/bugreport/crash.jsp
# The crash happened outside the Java Virtual Machine in native code.
# See problematic frame for where to report the bug.
#

---------------  S U M M A R Y ------------

Command Line: -Dfile.encoding=Cp1252 -XX:+ShowCodeDetailsInExceptionMessages RecordingApp.ScreenRecorder

Host: Intel(R) Core(TM) i5-9300H CPU @ 2.40GHz, 8 cores, 7G,  Windows 10 , 64 bit Build 19041 (10.0.19041.804)
Time: Thu Apr  8 23:23:33 2021 Eastern Daylight Time elapsed time: 4.144504 seconds (0d 0h 0m 4s)

---------------  T H R E A D  ---------------

Current thread (0x00000262e6f0cbd0):  JavaThread "AWT-EventQueue-0" [_thread_in_native, id=13484, stack(0x00000089c6a00000,0x00000089c6b00000)]

Stack: [0x00000089c6a00000,0x00000089c6b00000],  sp=0x00000089c6afdb10,  free space=1014k
Native frames: (J=compiled Java code, j=interpreted, Vv=VM code, C=native code)
C  [xuggle3832401088045687954.dll+0x212a57]

Java frames: (J=compiled Java code, j=interpreted, Vv=VM code)
j  com.xuggle.xuggler.XugglerJNI.IContainer_flushPackets(JLcom/xuggle/xuggler/IContainer;)I+0
j  com.xuggle.xuggler.IContainer.flushPackets()I+5
j  com.xuggle.mediatool.MediaWriter.flush()V+301
j  RecordingApp.captureWindow.stop()V+11
j  RecordingApp.ScreenRecorder$2.actionPerformed(Ljava/awt/event/ActionEvent;)V+4
j  javax.swing.AbstractButton.fireActionPerformed(Ljava/awt/event/ActionEvent;)V+84 java.desktop@15.0.2
j  javax.swing.AbstractButton$Handler.actionPerformed(Ljava/awt/event/ActionEvent;)V+5 java.desktop@15.0.2
j  javax.swing.DefaultButtonModel.fireActionPerformed(Ljava/awt/event/ActionEvent;)V+34 java.desktop@15.0.2
j  javax.swing.DefaultButtonModel.setPressed(Z)V+117 java.desktop@15.0.2
j  javax.swing.plaf.basic.BasicButtonListener.mouseReleased(Ljava/awt/event/MouseEvent;)V+35 java.desktop@15.0.2
j  java.awt.Component.processMouseEvent(Ljava/awt/event/MouseEvent;)V+64 java.desktop@15.0.2
j  javax.swing.JComponent.processMouseEvent(Ljava/awt/event/MouseEvent;)V+23 java.desktop@15.0.2
j  java.awt.Component.processEvent(Ljava/awt/AWTEvent;)V+81 java.desktop@15.0.2
j  java.awt.Container.processEvent(Ljava/awt/AWTEvent;)V+18 java.desktop@15.0.2
j  java.awt.Component.dispatchEventImpl(Ljava/awt/AWTEvent;)V+496 java.desktop@15.0.2
j  java.awt.Container.dispatchEventImpl(Ljava/awt/AWTEvent;)V+42 java.desktop@15.0.2
j  java.awt.Component.dispatchEvent(Ljava/awt/AWTEvent;)V+2 java.desktop@15.0.2
j  java.awt.LightweightDispatcher.retargetMouseEvent(Ljava/awt/Component;ILjava/awt/event/MouseEvent;)V+349 java.desktop@15.0.2
j  java.awt.LightweightDispatcher.processMouseEvent(Ljava/awt/event/MouseEvent;)Z+155 java.desktop@15.0.2
j  java.awt.LightweightDispatcher.dispatchEvent(Ljava/awt/AWTEvent;)Z+50 java.desktop@15.0.2
j  java.awt.Container.dispatchEventImpl(Ljava/awt/AWTEvent;)V+12 java.desktop@15.0.2
j  java.awt.Window.dispatchEventImpl(Ljava/awt/AWTEvent;)V+19 java.desktop@15.0.2
j  java.awt.Component.dispatchEvent(Ljava/awt/AWTEvent;)V+2 java.desktop@15.0.2
j  java.awt.EventQueue.dispatchEventImpl(Ljava/awt/AWTEvent;Ljava/lang/Object;)V+41 java.desktop@15.0.2
j  java.awt.EventQueue$4.run()Ljava/lang/Void;+32 java.desktop@15.0.2
j  java.awt.EventQueue$4.run()Ljava/lang/Object;+1 java.desktop@15.0.2
J 742 c1 java.security.AccessController.executePrivileged(Ljava/security/PrivilegedAction;Ljava/security/AccessControlContext;Ljava/lang/Class;)Ljava/lang/Object; java.base@15.0.2 (65 bytes) @ 0x00000262cefe2744 [0x00000262cefe25e0+0x0000000000000164]
j  java.security.AccessController.doPrivileged(Ljava/security/PrivilegedAction;Ljava/security/AccessControlContext;)Ljava/lang/Object;+13 java.base@15.0.2
j  java.security.ProtectionDomain$JavaSecurityAccessImpl.doIntersectionPrivilege(Ljava/security/PrivilegedAction;Ljava/security/AccessControlContext;Ljava/security/AccessControlContext;)Ljava/lang/Object;+18 java.base@15.0.2
j  java.security.ProtectionDomain$JavaSecurityAccessImpl.doIntersectionPrivilege(Ljava/security/PrivilegedAction;Ljava/security/AccessControlContext;)Ljava/lang/Object;+6 java.base@15.0.2
j  java.awt.EventQueue$5.run()Ljava/lang/Void;+11 java.desktop@15.0.2
j  java.awt.EventQueue$5.run()Ljava/lang/Object;+1 java.desktop@15.0.2
J 742 c1 java.security.AccessController.executePrivileged(Ljava/security/PrivilegedAction;Ljava/security/AccessControlContext;Ljava/lang/Class;)Ljava/lang/Object; java.base@15.0.2 (65 bytes) @ 0x00000262cefe2744 [0x00000262cefe25e0+0x0000000000000164]
j  java.security.AccessController.doPrivileged(Ljava/security/PrivilegedAction;Ljava/security/AccessControlContext;)Ljava/lang/Object;+13 java.base@15.0.2
j  java.security.ProtectionDomain$JavaSecurityAccessImpl.doIntersectionPrivilege(Ljava/security/PrivilegedAction;Ljava/security/AccessControlContext;Ljava/security/AccessControlContext;)Ljava/lang/Object;+18 java.base@15.0.2
j  java.awt.EventQueue.dispatchEvent(Ljava/awt/AWTEvent;)V+73 java.desktop@15.0.2
j  java.awt.EventDispatchThread.pumpOneEventForFilters(I)V+78 java.desktop@15.0.2
j  java.awt.EventDispatchThread.pumpEventsForFilter(ILjava/awt/Conditional;Ljava/awt/EventFilter;)V+35 java.desktop@15.0.2
j  java.awt.EventDispatchThread.pumpEventsForHierarchy(ILjava/awt/Conditional;Ljava/awt/Component;)V+11 java.desktop@15.0.2
j  java.awt.EventDispatchThread.pumpEvents(ILjava/awt/Conditional;)V+4 java.desktop@15.0.2
j  java.awt.EventDispatchThread.pumpEvents(Ljava/awt/Conditional;)V+3 java.desktop@15.0.2
j  java.awt.EventDispatchThread.run()V+9 java.desktop@15.0.2
v  ~StubRoutines::call_stub

siginfo: EXCEPTION_ACCESS_VIOLATION (0xc0000005), reading address 0x0000000000000058


Register to memory mapping:

RIP=0x000000006e952a57 xuggle3832401088045687954.dll
RAX=0x0 is NULL
RBX={method} {0x00000262e5f11b28} 'IContainer_flushPackets' '(JLcom/xuggle/xuggler/IContainer;)I' in 'com/xuggle/xuggler/XugglerJNI'
RCX=0x0 is NULL
RDX=0x00000262c500d560 points into unknown readable memory: 0x000000006fe70ab0 | b0 0a e7 6f 00 00 00 00
RSP=0x00000089c6afdb10 is pointing into the stack for thread: 0x00000262e6f0cbd0
RBP=0x00000089c6afdbe0 is pointing into the stack for thread: 0x00000262e6f0cbd0
RSI=0x000000000000053d is an unknown value
RDI=0x0000000800b6d620 is a pointer to class: 
java.util.concurrent.atomic.AtomicBoolean {0x0000000800b6d628}
R8 =0x00000262c500d560 points into unknown readable memory: 0x000000006fe70ab0 | b0 0a e7 6f 00 00 00 00
R9 =0x00000089c6afdd18 is pointing into the stack for thread: 0x00000262e6f0cbd0
R10=0x00000262ce91f148 is at code_begin+1000 in an Interpreter codelet
method entry point (kind = native)  [0x00000262ce91ed60, 0x00000262ce91f7e0]  2688 bytes
R11=0x0000000089846738 is an oop: java.lang.Class 
{0x0000000089846738} - klass: 'java/lang/Class'
R12=0x0 is NULL
R13={method} {0x00000262e5f11b28} 'IContainer_flushPackets' '(JLcom/xuggle/xuggler/IContainer;)I' in 'com/xuggle/xuggler/XugglerJNI'
R14=0x00000089c6afdd28 is pointing into the stack for thread: 0x00000262e6f0cbd0
R15=0x00000262e6f0cbd0 is a thread


Registers:
RAX=0x0000000000000000, RBX=0x00000262e5f11b20, RCX=0x0000000000000000, RDX=0x00000262c500d560
RSP=0x00000089c6afdb10, RBP=0x00000089c6afdbe0, RSI=0x000000000000053d, RDI=0x0000000800b6d620
R8 =0x00000262c500d560, R9 =0x00000089c6afdd18, R10=0x00000262ce91f148, R11=0x0000000089846738
R12=0x0000000000000000, R13=0x00000262e5f11b20, R14=0x00000089c6afdd28, R15=0x00000262e6f0cbd0
RIP=0x000000006e952a57, EFLAGS=0x0000000000010202

Top of Stack: (sp=0x00000089c6afdb10)
0x00000089c6afdb10:   00000262e5f23e00 0000000000000000
0x00000089c6afdb20:   00000000000003d8 00000089c6afdc20
0x00000089c6afdb30:   000000006e7a35ab 00007ffa9b38ff68
0x00000089c6afdb40:   00000262e5f11b20 000000000000053d
0x00000089c6afdb50:   0000000800b6d620 000000006e749cb4
0x00000089c6afdb60:   00000262c500d560 00000089c6afdd88
0x00000089c6afdb70:   00003fb4da37d1a1 00000089c6afde48
0x00000089c6afdb80:   00000089c6afdd28 0000000800b6d620
0x00000089c6afdb90:   00000089c6afdc20 00000262e6f0cbd0
0x00000089c6afdba0:   0000000000000000 ffffffffe6f0cbd0
0x00000089c6afdbb0:   00000089c6afdcf8 00000262e5f11b20
0x00000089c6afdbc0:   000000000000053d 0000000800b6d620
0x00000089c6afdbd0:   00000089c6afdc60 000000006e7a361f
0x00000089c6afdbe0:   00000262c500d560 00000262e5f11b20
0x00000089c6afdbf0:   00000089c6afdcf8 00007ffa9b0dc687
0x00000089c6afdc00:   0000000000001975 00000262e6f0cbd0 

Instructions: (pc=0x000000006e952a57)
0x000000006e952957:   f7 fc ff ff 0f 1f 44 00 00 48 8b 43 48 49 39 c6
0x000000006e952967:   7e 1a 44 8b 43 54 45 85 c0 75 7a 48 89 d9 e8 46
0x000000006e952977:   f4 ff ff 48 8b 43 48 49 39 c6 7f e6 8b 4b 54 85
0x000000006e952987:   c9 75 62 48 8b 7b 20 4c 29 f0 48 29 c7 48 89 7b
0x000000006e952997:   18 e9 94 fe ff ff 0f 1f 00 45 85 c9 0f 84 30 fd
0x000000006e9529a7:   ff ff e9 38 fe ff ff 66 90 48 89 43 20 e9 69 fe
0x000000006e9529b7:   ff ff 0f 1f 80 00 00 00 00 41 89 f0 8b 4b 60 41
0x000000006e9529c7:   29 d0 41 ff d1 48 8b 4b 08 89 43 60 48 8b 43 30
0x000000006e9529d7:   e9 87 fd ff ff 0f 1f 40 00 48 c7 c0 e0 ff ff ff
0x000000006e9529e7:   e9 4f fe ff ff 48 c7 c0 bb b0 b9 df e9 43 fe ff
0x000000006e9529f7:   ff 48 89 73 20 c7 43 58 00 00 00 00 e9 21 ff ff
0x000000006e952a07:   ff 4c 8d 05 11 28 fc 00 ba 18 00 00 00 48 89 d9
0x000000006e952a17:   e8 94 9c d7 00 44 8b bb b8 00 00 00 48 8b 73 08
0x000000006e952a27:   e9 fd fe ff ff c7 43 54 01 00 00 00 0f 84 87 fd
0x000000006e952a37:   ff ff 89 43 78 e9 7f fd ff ff 0f 1f 44 00 00 66
0x000000006e952a47:   2e 0f 1f 84 00 00 00 00 00 57 56 53 48 83 ec 30
0x000000006e952a57:   8b 51 58 48 89 cb 85 d2 74 4f 48 8b 41 18 48 8b
0x000000006e952a67:   89 f8 00 00 00 41 b8 00 00 00 00 48 89 c2 48 29
0x000000006e952a77:   ca 48 85 d2 49 0f 4f d0 48 39 c8 89 d7 48 8b 53
0x000000006e952a87:   08 48 0f 42 c1 48 89 83 f8 00 00 00 48 39 c2 72
0x000000006e952a97:   49 85 ff 48 89 93 f8 00 00 00 48 89 53 18 75 22
0x000000006e952aa7:   48 83 c4 30 5b 5e 5f c3 90 48 8b 41 08 31 ff 48
0x000000006e952ab7:   89 81 f8 00 00 00 48 89 41 18 48 89 43 20 85 ff
0x000000006e952ac7:   74 de 48 63 d7 41 b8 01 00 00 00 48 89 d9 48 83
0x000000006e952ad7:   c4 30 5b 5e 5f e9 df fa ff ff 48 29 d0 48 89 c6
0x000000006e952ae7:   8b 43 78 85 c0 0f 85 d1 00 00 00 48 8b 83 d0 00
0x000000006e952af7:   00 00 48 85 c0 0f 84 ee 00 00 00 4c 8b 83 e0 00
0x000000006e952b07:   00 00 48 8b 4b 28 44 8b 8b dc 00 00 00 4c 89 44
0x000000006e952b17:   24 20 41 89 f0 ff d0 85 c0 0f 88 9a 00 00 00 48
0x000000006e952b27:   63 c6 48 03 43 48 48 3b 83 f0 00 00 00 0f 8f 96
0x000000006e952b37:   00 00 00 66 0f 1f 44 00 00 8b b3 dc 00 00 00 8d
0x000000006e952b47:   56 ff 83 fa 01 77 0a c7 83 dc 00 00 00 03 00 00 


Stack slot to memory mapping:
stack at sp + 0 slots: 0x00000262e5f23e00 is pointing into metadata
stack at sp + 1 slots: 0x0 is NULL
stack at sp + 2 slots: 0x00000000000003d8 is an unknown value
stack at sp + 3 slots: 0x00000089c6afdc20 is pointing into the stack for thread: 0x00000262e6f0cbd0
stack at sp + 4 slots: 0x000000006e7a35ab xuggle3832401088045687954.dll
stack at sp + 5 slots: 0x00007ffa9b38ff68 jvm.dll
stack at sp + 6 slots: {method} {0x00000262e5f11b28} 'IContainer_flushPackets' '(JLcom/xuggle/xuggler/IContainer;)I' in 'com/xuggle/xuggler/XugglerJNI'
stack at sp + 7 slots: 0x000000000000053d is an unknown value


---------------  P R O C E S S  ---------------

Threads class SMR info:
_java_thread_list=0x00000262e6f64650, length=18, elements={
0x00000262e58cff30, 0x00000262e58d12a0, 0x00000262e58ecfc0, 0x00000262e58ed980,
0x00000262e58ef370, 0x00000262e58f4660, 0x00000262e58f58f0, 0x00000262e590f300,
0x00000262e6324b20, 0x00000262e6326540, 0x00000262e65e2330, 0x00000262e66242b0,
0x00000262e6f12e10, 0x00000262e6f0cbd0, 0x00000262c4ec2e30, 0x00000262e6f89d90,
0x00000262e6fe0020, 0x00000262e64213a0
}

Java Threads: ( => current thread )
  0x00000262e58cff30 JavaThread "Reference Handler" daemon [_thread_blocked, id=8280, stack(0x00000089c5a00000,0x00000089c5b00000)]
  0x00000262e58d12a0 JavaThread "Finalizer" daemon [_thread_blocked, id=17436, stack(0x00000089c5b00000,0x00000089c5c00000)]
  0x00000262e58ecfc0 JavaThread "Signal Dispatcher" daemon [_thread_blocked, id=6016, stack(0x00000089c5c00000,0x00000089c5d00000)]
  0x00000262e58ed980 JavaThread "Attach Listener" daemon [_thread_blocked, id=12208, stack(0x00000089c5d00000,0x00000089c5e00000)]
  0x00000262e58ef370 JavaThread "Service Thread" daemon [_thread_blocked, id=11512, stack(0x00000089c5e00000,0x00000089c5f00000)]
  0x00000262e58f4660 JavaThread "C2 CompilerThread0" daemon [_thread_in_native, id=18356, stack(0x00000089c5f00000,0x00000089c6000000)]
  0x00000262e58f58f0 JavaThread "C1 CompilerThread0" daemon [_thread_blocked, id=12696, stack(0x00000089c6000000,0x00000089c6100000)]
  0x00000262e590f300 JavaThread "Sweeper thread" daemon [_thread_blocked, id=14520, stack(0x00000089c6100000,0x00000089c6200000)]
  0x00000262e6324b20 JavaThread "Notification Thread" daemon [_thread_blocked, id=19388, stack(0x00000089c6200000,0x00000089c6300000)]
  0x00000262e6326540 JavaThread "Common-Cleaner" daemon [_thread_blocked, id=10528, stack(0x00000089c6400000,0x00000089c6500000)]
  0x00000262e65e2330 JavaThread "Java2D Disposer" daemon [_thread_blocked, id=12032, stack(0x00000089c6600000,0x00000089c6700000)]
  0x00000262e66242b0 JavaThread "AWT-Windows" daemon [_thread_in_native, id=18208, stack(0x00000089c6800000,0x00000089c6900000)]
  0x00000262e6f12e10 JavaThread "AWT-Shutdown" [_thread_blocked, id=10620, stack(0x00000089c6900000,0x00000089c6a00000)]
=>0x00000262e6f0cbd0 JavaThread "AWT-EventQueue-0" [_thread_in_native, id=13484, stack(0x00000089c6a00000,0x00000089c6b00000)]
  0x00000262c4ec2e30 JavaThread "DestroyJavaVM" [_thread_blocked, id=13540, stack(0x00000089c5300000,0x00000089c5400000)]
  0x00000262e6f89d90 JavaThread "TimerQueue" daemon [_thread_blocked, id=13428, stack(0x00000089c6b00000,0x00000089c6c00000)]
  0x00000262e6fe0020 JavaThread "Java Sound Event Dispatcher" daemon [_thread_blocked, id=18740, stack(0x00000089c6c00000,0x00000089c6d00000)]
  0x00000262e64213a0 JavaThread "Thread-1" [_thread_in_native, id=8016, stack(0x00000089c7000000,0x00000089c7100000)]

Other Threads:
  0x00000262e58c9af0 VMThread "VM Thread" [stack: 0x00000089c5900000,0x00000089c5a00000] [id=13768]
  0x00000262e6325a10 WatcherThread [stack: 0x00000089c6300000,0x00000089c6400000] [id=16032]
  0x00000262c4f02e70 GCTaskThread "GC Thread#0" [stack: 0x00000089c5400000,0x00000089c5500000] [id=17560]
  0x00000262c4f14420 ConcurrentGCThread "G1 Main Marker" [stack: 0x00000089c5500000,0x00000089c5600000] [id=21016]
  0x00000262c4f16020 ConcurrentGCThread "G1 Conc#0" [stack: 0x00000089c5600000,0x00000089c5700000] [id=17576]
  0x00000262c4f9d560 ConcurrentGCThread "G1 Refine#0" [stack: 0x00000089c5700000,0x00000089c5800000] [id=9428]
  0x00000262e5740080 ConcurrentGCThread "G1 Young RemSet Sampling" [stack: 0x00000089c5800000,0x00000089c5900000] [id=20076]

Threads with active compile tasks:
C2 CompilerThread0     4200 1491       4       java.util.regex.Pattern$GroupHead::match (47 bytes)

VM state: not at safepoint (normal execution)

VM Mutex/Monitor currently owned by a thread: None

Heap address: 0x0000000082600000, size: 2010 MB, Compressed Oops mode: 32-bit
CDS archive(s) mapped at: [0x0000000800000000-0x0000000800b50000-0x0000000800b50000), size 11862016, SharedBaseAddress: 0x0000000800000000, ArchiveRelocationMode: 0.
Compressed class space mapped at: 0x0000000800b50000-0x0000000840b50000, size: 1073741824
Narrow klass base: 0x0000000800000000, Narrow klass shift: 3, Narrow klass range: 0x100000000

GC Precious Log:
 CPUs: 8 total, 8 available
 Memory: 8033M
 Large Page Support: Disabled
 NUMA Support: Disabled
 Compressed Oops: Enabled (32-bit)
 Heap Region Size: 1M
 Heap Min Capacity: 8M
 Heap Initial Capacity: 126M
 Heap Max Capacity: 2010M
 Pre-touch: Disabled
 Parallel Workers: 8
 Concurrent Workers: 2
 Concurrent Refinement Workers: 8
 Periodic GC: Disabled

Heap:
 garbage-first heap   total 129024K, used 37888K [0x0000000082600000, 0x0000000100000000)
  region size 1024K, 18 young (18432K), 0 survivors (0K)
 Metaspace       used 10309K, capacity 10518K, committed 10752K, reserved 1058816K
  class space    used 1085K, capacity 1170K, committed 1280K, reserved 1048576K

Heap Regions: E=young(eden), S=young(survivor), O=old, HS=humongous(starts), HC=humongous(continues), CS=collection set, F=free, OA=open archive, CA=closed archive, TAMS=top-at-mark-start (previous, next)
|   0|0x0000000082600000, 0x0000000082700000, 0x0000000082700000|100%|HS|  |TAMS 0x0000000082600000, 0x0000000082600000| Complete 
|   1|0x0000000082700000, 0x0000000082800000, 0x0000000082800000|100%|HC|  |TAMS 0x0000000082700000, 0x0000000082700000| Complete 
|   2|0x0000000082800000, 0x0000000082900000, 0x0000000082900000|100%|HS|  |TAMS 0x0000000082800000, 0x0000000082800000| Complete 
|   3|0x0000000082900000, 0x0000000082a00000, 0x0000000082a00000|100%|HC|  |TAMS 0x0000000082900000, 0x0000000082900000| Complete 
|   4|0x0000000082a00000, 0x0000000082b00000, 0x0000000082b00000|100%|HC|  |TAMS 0x0000000082a00000, 0x0000000082a00000| Complete 
|   5|0x0000000082b00000, 0x0000000082c00000, 0x0000000082c00000|100%|HC|  |TAMS 0x0000000082b00000, 0x0000000082b00000| Complete 
|   6|0x0000000082c00000, 0x0000000082d00000, 0x0000000082d00000|100%|HC|  |TAMS 0x0000000082c00000, 0x0000000082c00000| Complete 
|   7|0x0000000082d00000, 0x0000000082e00000, 0x0000000082e00000|100%|HC|  |TAMS 0x0000000082d00000, 0x0000000082d00000| Complete 
|   8|0x0000000082e00000, 0x0000000082f00000, 0x0000000082f00000|100%|HC|  |TAMS 0x0000000082e00000, 0x0000000082e00000| Complete 
|   9|0x0000000082f00000, 0x0000000083000000, 0x0000000083000000|100%|HC|  |TAMS 0x0000000082f00000, 0x0000000082f00000| Complete 
|  10|0x0000000083000000, 0x0000000083100000, 0x0000000083100000|100%|HS|  |TAMS 0x0000000083000000, 0x0000000083000000| Complete 
|  11|0x0000000083100000, 0x0000000083200000, 0x0000000083200000|100%|HC|  |TAMS 0x0000000083100000, 0x0000000083100000| Complete 
|  12|0x0000000083200000, 0x0000000083300000, 0x0000000083300000|100%|HC|  |TAMS 0x0000000083200000, 0x0000000083200000| Complete 
|  13|0x0000000083300000, 0x0000000083400000, 0x0000000083400000|100%|HC|  |TAMS 0x0000000083300000, 0x0000000083300000| Complete 
|  14|0x0000000083400000, 0x0000000083500000, 0x0000000083500000|100%|HC|  |TAMS 0x0000000083400000, 0x0000000083400000| Complete 
|  15|0x0000000083500000, 0x0000000083600000, 0x0000000083600000|100%|HC|  |TAMS 0x0000000083500000, 0x0000000083500000| Complete 
|  16|0x0000000083600000, 0x0000000083700000, 0x0000000083700000|100%|HS|  |TAMS 0x0000000083600000, 0x0000000083600000| Complete 
|  17|0x0000000083700000, 0x0000000083800000, 0x0000000083800000|100%|HC|  |TAMS 0x0000000083700000, 0x0000000083700000| Complete 
|  18|0x0000000083800000, 0x0000000083900000, 0x0000000083900000|100%|HC|  |TAMS 0x0000000083800000, 0x0000000083800000| Complete 
|  19|0x0000000083900000, 0x0000000083a00000, 0x0000000083a00000|100%|HC|  |TAMS 0x0000000083900000, 0x0000000083900000| Complete 
|  20|0x0000000083a00000, 0x0000000083a00000, 0x0000000083b00000|  0%| F|  |TAMS 0x0000000083a00000, 0x0000000083a00000| Untracked 
|  21|0x0000000083b00000, 0x0000000083b00000, 0x0000000083c00000|  0%| F|  |TAMS 0x0000000083b00000, 0x0000000083b00000| Untracked 
|  22|0x0000000083c00000, 0x0000000083c00000, 0x0000000083d00000|  0%| F|  |TAMS 0x0000000083c00000, 0x0000000083c00000| Untracked 
|  23|0x0000000083d00000, 0x0000000083d00000, 0x0000000083e00000|  0%| F|  |TAMS 0x0000000083d00000, 0x0000000083d00000| Untracked 
|  24|0x0000000083e00000, 0x0000000083e00000, 0x0000000083f00000|  0%| F|  |TAMS 0x0000000083e00000, 0x0000000083e00000| Untracked 
|  25|0x0000000083f00000, 0x0000000083f00000, 0x0000000084000000|  0%| F|  |TAMS 0x0000000083f00000, 0x0000000083f00000| Untracked 
|  26|0x0000000084000000, 0x0000000084000000, 0x0000000084100000|  0%| F|  |TAMS 0x0000000084000000, 0x0000000084000000| Untracked 
|  27|0x0000000084100000, 0x0000000084100000, 0x0000000084200000|  0%| F|  |TAMS 0x0000000084100000, 0x0000000084100000| Untracked 
|  28|0x0000000084200000, 0x0000000084200000, 0x0000000084300000|  0%| F|  |TAMS 0x0000000084200000, 0x0000000084200000| Untracked 
|  29|0x0000000084300000, 0x0000000084300000, 0x0000000084400000|  0%| F|  |TAMS 0x0000000084300000, 0x0000000084300000| Untracked 
|  30|0x0000000084400000, 0x0000000084400000, 0x0000000084500000|  0%| F|  |TAMS 0x0000000084400000, 0x0000000084400000| Untracked 
|  31|0x0000000084500000, 0x0000000084500000, 0x0000000084600000|  0%| F|  |TAMS 0x0000000084500000, 0x0000000084500000| Untracked 
|  32|0x0000000084600000, 0x0000000084600000, 0x0000000084700000|  0%| F|  |TAMS 0x0000000084600000, 0x0000000084600000| Untracked 
|  33|0x0000000084700000, 0x0000000084700000, 0x0000000084800000|  0%| F|  |TAMS 0x0000000084700000, 0x0000000084700000| Untracked 
|  34|0x0000000084800000, 0x0000000084800000, 0x0000000084900000|  0%| F|  |TAMS 0x0000000084800000, 0x0000000084800000| Untracked 
|  35|0x0000000084900000, 0x0000000084900000, 0x0000000084a00000|  0%| F|  |TAMS 0x0000000084900000, 0x0000000084900000| Untracked 
|  36|0x0000000084a00000, 0x0000000084a00000, 0x0000000084b00000|  0%| F|  |TAMS 0x0000000084a00000, 0x0000000084a00000| Untracked 
|  37|0x0000000084b00000, 0x0000000084b00000, 0x0000000084c00000|  0%| F|  |TAMS 0x0000000084b00000, 0x0000000084b00000| Untracked 
|  38|0x0000000084c00000, 0x0000000084c00000, 0x0000000084d00000|  0%| F|  |TAMS 0x0000000084c00000, 0x0000000084c00000| Untracked 
|  39|0x0000000084d00000, 0x0000000084d00000, 0x0000000084e00000|  0%| F|  |TAMS 0x0000000084d00000, 0x0000000084d00000| Untracked 
|  40|0x0000000084e00000, 0x0000000084e00000, 0x0000000084f00000|  0%| F|  |TAMS 0x0000000084e00000, 0x0000000084e00000| Untracked 
|  41|0x0000000084f00000, 0x0000000084f00000, 0x0000000085000000|  0%| F|  |TAMS 0x0000000084f00000, 0x0000000084f00000| Untracked 
|  42|0x0000000085000000, 0x0000000085000000, 0x0000000085100000|  0%| F|  |TAMS 0x0000000085000000, 0x0000000085000000| Untracked 
|  43|0x0000000085100000, 0x0000000085100000, 0x0000000085200000|  0%| F|  |TAMS 0x0000000085100000, 0x0000000085100000| Untracked 
|  44|0x0000000085200000, 0x0000000085200000, 0x0000000085300000|  0%| F|  |TAMS 0x0000000085200000, 0x0000000085200000| Untracked 
|  45|0x0000000085300000, 0x0000000085300000, 0x0000000085400000|  0%| F|  |TAMS 0x0000000085300000, 0x0000000085300000| Untracked 
|  46|0x0000000085400000, 0x0000000085400000, 0x0000000085500000|  0%| F|  |TAMS 0x0000000085400000, 0x0000000085400000| Untracked 
|  47|0x0000000085500000, 0x0000000085500000, 0x0000000085600000|  0%| F|  |TAMS 0x0000000085500000, 0x0000000085500000| Untracked 
|  48|0x0000000085600000, 0x0000000085600000, 0x0000000085700000|  0%| F|  |TAMS 0x0000000085600000, 0x0000000085600000| Untracked 
|  49|0x0000000085700000, 0x0000000085700000, 0x0000000085800000|  0%| F|  |TAMS 0x0000000085700000, 0x0000000085700000| Untracked 
|  50|0x0000000085800000, 0x0000000085800000, 0x0000000085900000|  0%| F|  |TAMS 0x0000000085800000, 0x0000000085800000| Untracked 
|  51|0x0000000085900000, 0x0000000085900000, 0x0000000085a00000|  0%| F|  |TAMS 0x0000000085900000, 0x0000000085900000| Untracked 
|  52|0x0000000085a00000, 0x0000000085a00000, 0x0000000085b00000|  0%| F|  |TAMS 0x0000000085a00000, 0x0000000085a00000| Untracked 
|  53|0x0000000085b00000, 0x0000000085b00000, 0x0000000085c00000|  0%| F|  |TAMS 0x0000000085b00000, 0x0000000085b00000| Untracked 
|  54|0x0000000085c00000, 0x0000000085c00000, 0x0000000085d00000|  0%| F|  |TAMS 0x0000000085c00000, 0x0000000085c00000| Untracked 
|  55|0x0000000085d00000, 0x0000000085d00000, 0x0000000085e00000|  0%| F|  |TAMS 0x0000000085d00000, 0x0000000085d00000| Untracked 
|  56|0x0000000085e00000, 0x0000000085e00000, 0x0000000085f00000|  0%| F|  |TAMS 0x0000000085e00000, 0x0000000085e00000| Untracked 
|  57|0x0000000085f00000, 0x0000000085f00000, 0x0000000086000000|  0%| F|  |TAMS 0x0000000085f00000, 0x0000000085f00000| Untracked 
|  58|0x0000000086000000, 0x0000000086000000, 0x0000000086100000|  0%| F|  |TAMS 0x0000000086000000, 0x0000000086000000| Untracked 
|  59|0x0000000086100000, 0x0000000086100000, 0x0000000086200000|  0%| F|  |TAMS 0x0000000086100000, 0x0000000086100000| Untracked 
|  60|0x0000000086200000, 0x0000000086200000, 0x0000000086300000|  0%| F|  |TAMS 0x0000000086200000, 0x0000000086200000| Untracked 
|  61|0x0000000086300000, 0x0000000086300000, 0x0000000086400000|  0%| F|  |TAMS 0x0000000086300000, 0x0000000086300000| Untracked 
|  62|0x0000000086400000, 0x0000000086400000, 0x0000000086500000|  0%| F|  |TAMS 0x0000000086400000, 0x0000000086400000| Untracked 
|  63|0x0000000086500000, 0x0000000086500000, 0x0000000086600000|  0%| F|  |TAMS 0x0000000086500000, 0x0000000086500000| Untracked 
|  64|0x0000000086600000, 0x0000000086600000, 0x0000000086700000|  0%| F|  |TAMS 0x0000000086600000, 0x0000000086600000| Untracked 
|  65|0x0000000086700000, 0x0000000086700000, 0x0000000086800000|  0%| F|  |TAMS 0x0000000086700000, 0x0000000086700000| Untracked 
|  66|0x0000000086800000, 0x0000000086800000, 0x0000000086900000|  0%| F|  |TAMS 0x0000000086800000, 0x0000000086800000| Untracked 
|  67|0x0000000086900000, 0x0000000086900000, 0x0000000086a00000|  0%| F|  |TAMS 0x0000000086900000, 0x0000000086900000| Untracked 
|  68|0x0000000086a00000, 0x0000000086a00000, 0x0000000086b00000|  0%| F|  |TAMS 0x0000000086a00000, 0x0000000086a00000| Untracked 
|  69|0x0000000086b00000, 0x0000000086b00000, 0x0000000086c00000|  0%| F|  |TAMS 0x0000000086b00000, 0x0000000086b00000| Untracked 
|  70|0x0000000086c00000, 0x0000000086c00000, 0x0000000086d00000|  0%| F|  |TAMS 0x0000000086c00000, 0x0000000086c00000| Untracked 
|  71|0x0000000086d00000, 0x0000000086d00000, 0x0000000086e00000|  0%| F|  |TAMS 0x0000000086d00000, 0x0000000086d00000| Untracked 
|  72|0x0000000086e00000, 0x0000000086e00000, 0x0000000086f00000|  0%| F|  |TAMS 0x0000000086e00000, 0x0000000086e00000| Untracked 
|  73|0x0000000086f00000, 0x0000000086f00000, 0x0000000087000000|  0%| F|  |TAMS 0x0000000086f00000, 0x0000000086f00000| Untracked 
|  74|0x0000000087000000, 0x0000000087000000, 0x0000000087100000|  0%| F|  |TAMS 0x0000000087000000, 0x0000000087000000| Untracked 
|  75|0x0000000087100000, 0x0000000087100000, 0x0000000087200000|  0%| F|  |TAMS 0x0000000087100000, 0x0000000087100000| Untracked 
|  76|0x0000000087200000, 0x0000000087200000, 0x0000000087300000|  0%| F|  |TAMS 0x0000000087200000, 0x0000000087200000| Untracked 
|  77|0x0000000087300000, 0x0000000087300000, 0x0000000087400000|  0%| F|  |TAMS 0x0000000087300000, 0x0000000087300000| Untracked 
|  78|0x0000000087400000, 0x0000000087400000, 0x0000000087500000|  0%| F|  |TAMS 0x0000000087400000, 0x0000000087400000| Untracked 
|  79|0x0000000087500000, 0x0000000087500000, 0x0000000087600000|  0%| F|  |TAMS 0x0000000087500000, 0x0000000087500000| Untracked 
|  80|0x0000000087600000, 0x0000000087600000, 0x0000000087700000|  0%| F|  |TAMS 0x0000000087600000, 0x0000000087600000| Untracked 
|  81|0x0000000087700000, 0x0000000087700000, 0x0000000087800000|  0%| F|  |TAMS 0x0000000087700000, 0x0000000087700000| Untracked 
|  82|0x0000000087800000, 0x0000000087800000, 0x0000000087900000|  0%| F|  |TAMS 0x0000000087800000, 0x0000000087800000| Untracked 
|  83|0x0000000087900000, 0x0000000087900000, 0x0000000087a00000|  0%| F|  |TAMS 0x0000000087900000, 0x0000000087900000| Untracked 
|  84|0x0000000087a00000, 0x0000000087a00000, 0x0000000087b00000|  0%| F|  |TAMS 0x0000000087a00000, 0x0000000087a00000| Untracked 
|  85|0x0000000087b00000, 0x0000000087b00000, 0x0000000087c00000|  0%| F|  |TAMS 0x0000000087b00000, 0x0000000087b00000| Untracked 
|  86|0x0000000087c00000, 0x0000000087c00000, 0x0000000087d00000|  0%| F|  |TAMS 0x0000000087c00000, 0x0000000087c00000| Untracked 
|  87|0x0000000087d00000, 0x0000000087d00000, 0x0000000087e00000|  0%| F|  |TAMS 0x0000000087d00000, 0x0000000087d00000| Untracked 
|  88|0x0000000087e00000, 0x0000000087e00000, 0x0000000087f00000|  0%| F|  |TAMS 0x0000000087e00000, 0x0000000087e00000| Untracked 
|  89|0x0000000087f00000, 0x0000000087f00000, 0x0000000088000000|  0%| F|  |TAMS 0x0000000087f00000, 0x0000000087f00000| Untracked 
|  90|0x0000000088000000, 0x0000000088000000, 0x0000000088100000|  0%| F|  |TAMS 0x0000000088000000, 0x0000000088000000| Untracked 
|  91|0x0000000088100000, 0x0000000088100000, 0x0000000088200000|  0%| F|  |TAMS 0x0000000088100000, 0x0000000088100000| Untracked 
|  92|0x0000000088200000, 0x0000000088200000, 0x0000000088300000|  0%| F|  |TAMS 0x0000000088200000, 0x0000000088200000| Untracked 
|  93|0x0000000088300000, 0x0000000088300000, 0x0000000088400000|  0%| F|  |TAMS 0x0000000088300000, 0x0000000088300000| Untracked 
|  94|0x0000000088400000, 0x0000000088400000, 0x0000000088500000|  0%| F|  |TAMS 0x0000000088400000, 0x0000000088400000| Untracked 
|  95|0x0000000088500000, 0x0000000088500000, 0x0000000088600000|  0%| F|  |TAMS 0x0000000088500000, 0x0000000088500000| Untracked 
|  96|0x0000000088600000, 0x0000000088600000, 0x0000000088700000|  0%| F|  |TAMS 0x0000000088600000, 0x0000000088600000| Untracked 
|  97|0x0000000088700000, 0x0000000088700000, 0x0000000088800000|  0%| F|  |TAMS 0x0000000088700000, 0x0000000088700000| Untracked 
|  98|0x0000000088800000, 0x0000000088800000, 0x0000000088900000|  0%| F|  |TAMS 0x0000000088800000, 0x0000000088800000| Untracked 
|  99|0x0000000088900000, 0x0000000088900000, 0x0000000088a00000|  0%| F|  |TAMS 0x0000000088900000, 0x0000000088900000| Untracked 
| 100|0x0000000088a00000, 0x0000000088a00000, 0x0000000088b00000|  0%| F|  |TAMS 0x0000000088a00000, 0x0000000088a00000| Untracked 
| 101|0x0000000088b00000, 0x0000000088b00000, 0x0000000088c00000|  0%| F|  |TAMS 0x0000000088b00000, 0x0000000088b00000| Untracked 
| 102|0x0000000088c00000, 0x0000000088c00000, 0x0000000088d00000|  0%| F|  |TAMS 0x0000000088c00000, 0x0000000088c00000| Untracked 
| 103|0x0000000088d00000, 0x0000000088d00000, 0x0000000088e00000|  0%| F|  |TAMS 0x0000000088d00000, 0x0000000088d00000| Untracked 
| 104|0x0000000088e00000, 0x0000000088e00000, 0x0000000088f00000|  0%| F|  |TAMS 0x0000000088e00000, 0x0000000088e00000| Untracked 
| 105|0x0000000088f00000, 0x0000000088f00000, 0x0000000089000000|  0%| F|  |TAMS 0x0000000088f00000, 0x0000000088f00000| Untracked 
| 106|0x0000000089000000, 0x0000000089000000, 0x0000000089100000|  0%| F|  |TAMS 0x0000000089000000, 0x0000000089000000| Untracked 
| 107|0x0000000089100000, 0x0000000089100000, 0x0000000089200000|  0%| F|  |TAMS 0x0000000089100000, 0x0000000089100000| Untracked 
| 108|0x0000000089200000, 0x00000000892ec088, 0x0000000089300000| 92%| E|  |TAMS 0x0000000089200000, 0x0000000089200000| Complete 
| 109|0x0000000089300000, 0x0000000089400000, 0x0000000089400000|100%| E|CS|TAMS 0x0000000089300000, 0x0000000089300000| Complete 
| 110|0x0000000089400000, 0x0000000089500000, 0x0000000089500000|100%| E|CS|TAMS 0x0000000089400000, 0x0000000089400000| Complete 
| 111|0x0000000089500000, 0x0000000089600000, 0x0000000089600000|100%| E|CS|TAMS 0x0000000089500000, 0x0000000089500000| Complete 
| 112|0x0000000089600000, 0x0000000089700000, 0x0000000089700000|100%| E|CS|TAMS 0x0000000089600000, 0x0000000089600000| Complete 
| 113|0x0000000089700000, 0x0000000089800000, 0x0000000089800000|100%| E|CS|TAMS 0x0000000089700000, 0x0000000089700000| Complete 
| 114|0x0000000089800000, 0x0000000089900000, 0x0000000089900000|100%| E|CS|TAMS 0x0000000089800000, 0x0000000089800000| Complete 
| 115|0x0000000089900000, 0x0000000089a00000, 0x0000000089a00000|100%| E|CS|TAMS 0x0000000089900000, 0x0000000089900000| Complete 
| 116|0x0000000089a00000, 0x0000000089b00000, 0x0000000089b00000|100%| E|CS|TAMS 0x0000000089a00000, 0x0000000089a00000| Complete 
| 117|0x0000000089b00000, 0x0000000089c00000, 0x0000000089c00000|100%| E|CS|TAMS 0x0000000089b00000, 0x0000000089b00000| Complete 
| 118|0x0000000089c00000, 0x0000000089d00000, 0x0000000089d00000|100%| E|CS|TAMS 0x0000000089c00000, 0x0000000089c00000| Complete 
| 119|0x0000000089d00000, 0x0000000089e00000, 0x0000000089e00000|100%| E|CS|TAMS 0x0000000089d00000, 0x0000000089d00000| Complete 
| 120|0x0000000089e00000, 0x0000000089f00000, 0x0000000089f00000|100%| E|CS|TAMS 0x0000000089e00000, 0x0000000089e00000| Complete 
| 121|0x0000000089f00000, 0x000000008a000000, 0x000000008a000000|100%| E|CS|TAMS 0x0000000089f00000, 0x0000000089f00000| Complete 
| 122|0x000000008a000000, 0x000000008a100000, 0x000000008a100000|100%| E|CS|TAMS 0x000000008a000000, 0x000000008a000000| Complete 
| 123|0x000000008a100000, 0x000000008a200000, 0x000000008a200000|100%| E|CS|TAMS 0x000000008a100000, 0x000000008a100000| Complete 
| 124|0x000000008a200000, 0x000000008a300000, 0x000000008a300000|100%| E|CS|TAMS 0x000000008a200000, 0x000000008a200000| Complete 
| 125|0x000000008a300000, 0x000000008a400000, 0x000000008a400000|100%| E|CS|TAMS 0x000000008a300000, 0x000000008a300000| Complete 

Card table byte_map: [0x00000262de770000,0x00000262deb60000] _byte_map_base: 0x00000262de35d000

Marking Bits (Prev, Next): (CMBitMap*) 0x00000262c4f036e0, (CMBitMap*) 0x00000262c4f03720
 Prev Bits: [0x00000262def50000, 0x00000262e0eb8000)
 Next Bits: [0x00000262e0ec0000, 0x00000262e2e28000)

Polling page: 0x00000262c4fa0000

Metaspace:

Usage:
  Non-class:      9.13 MB capacity,     9.01 MB ( 99%) used,   106.38 KB (  1%) free+waste,    15.38 KB ( <1%) overhead. 
      Class:      1.14 MB capacity,     1.06 MB ( 93%) used,    77.91 KB (  7%) free+waste,     6.25 KB ( <1%) overhead. 
       Both:     10.27 MB capacity,    10.07 MB ( 98%) used,   184.29 KB (  2%) free+waste,    21.62 KB ( <1%) overhead. 

Virtual space:
  Non-class space:       10.00 MB reserved,       9.25 MB ( 92%) committed 
      Class space:        1.00 GB reserved,       1.25 MB ( <1%) committed 
             Both:        1.01 GB reserved,      10.50 MB (  1%) committed 

Chunk freelists:
   Non-Class:  60.00 KB
       Class:  14.00 KB
        Both:  74.00 KB

MaxMetaspaceSize: 17179869184.00 GB
CompressedClassSpaceSize: 1.00 GB

CodeHeap 'non-profiled nmethods': size=120000Kb used=426Kb max_used=426Kb free=119573Kb
 bounds [0x00000262d63e0000, 0x00000262d6650000, 0x00000262dd910000]
CodeHeap 'profiled nmethods': size=120000Kb used=2535Kb max_used=2535Kb free=117464Kb
 bounds [0x00000262ceeb0000, 0x00000262cf130000, 0x00000262d63e0000]
CodeHeap 'non-nmethods': size=5760Kb used=1330Kb max_used=1356Kb free=4429Kb
 bounds [0x00000262ce910000, 0x00000262ceb80000, 0x00000262ceeb0000]
 total_blobs=2131 nmethods=1495 adapters=549
 compilation: enabled
              stopped_count=0, restarted_count=0
 full_count=0

Compilation events (20 events):
Event: 4.130 Thread 0x00000262e58f58f0 nmethod 1351 0x00000262cf0d0710 code [0x00000262cf0d08c0, 0x00000262cf0d0b48]
Event: 4.130 Thread 0x00000262e58f58f0 1352       1       java.util.Collections$EmptyEnumeration::hasMoreElements (2 bytes)
Event: 4.130 Thread 0x00000262e58f58f0 nmethod 1352 0x00000262d6441510 code [0x00000262d64416a0, 0x00000262d6441758]
Event: 4.132 Thread 0x00000262e58f58f0 1353  s    3       sun.java2d.loops.GraphicsPrimitiveMgr::locatePrim (95 bytes)
Event: 4.132 Thread 0x00000262e58f58f0 nmethod 1353 0x00000262cf0d0c90 code [0x00000262cf0d0ea0, 0x00000262cf0d16e8]
Event: 4.132 Thread 0x00000262e58f58f0 1355       3       java.lang.Class::arrayContentsEq (70 bytes)
Event: 4.132 Thread 0x00000262e58f58f0 nmethod 1355 0x00000262cf0d1a90 code [0x00000262cf0d1c60, 0x00000262cf0d2058]
Event: 4.132 Thread 0x00000262e58f58f0 1354       3       java.lang.Class::getConstructor0 (83 bytes)
Event: 4.133 Thread 0x00000262e58f58f0 nmethod 1354 0x00000262cf0d2190 code [0x00000262cf0d2420, 0x00000262cf0d2ed8]
Event: 4.134 Thread 0x00000262e58f58f0 1356       3       java.util.List::of (4 bytes)
Event: 4.134 Thread 0x00000262e58f58f0 nmethod 1356 0x00000262cf0d3390 code [0x00000262cf0d3520, 0x00000262cf0d3618]
Event: 4.134 Thread 0x00000262e58f58f0 1357       3       jdk.internal.loader.BootLoader::loadClassOrNull (8 bytes)
Event: 4.134 Thread 0x00000262e58f58f0 nmethod 1357 0x00000262cf0d3690 code [0x00000262cf0d3860, 0x00000262cf0d3c98]
Event: 4.135 Thread 0x00000262e58f58f0 1358       1       java.awt.Component::getHeight (5 bytes)
Event: 4.135 Thread 0x00000262e58f58f0 nmethod 1358 0x00000262d6441810 code [0x00000262d64419a0, 0x00000262d6441a58]
Event: 4.135 Thread 0x00000262e58f58f0 1359       3       java.util.Collections$UnmodifiableCollection$1::hasNext (10 bytes)
Event: 4.135 Thread 0x00000262e58f58f0 nmethod 1359 0x00000262cf0d3e90 code [0x00000262cf0d4040, 0x00000262cf0d4208]
Event: 4.135 Thread 0x00000262e58f58f0 1360       1       java.awt.Component::getWidth (5 bytes)
Event: 4.135 Thread 0x00000262e58f58f0 nmethod 1360 0x00000262d6441b10 code [0x00000262d6441ca0, 0x00000262d6441d58]
Event: 4.136 Thread 0x00000262e58f58f0 1361       3       java.io.WinNTFileSystem::normalize (224 bytes)

GC Heap History (0 events):
No events

Deoptimization events (20 events):
Event: 0.257 Thread 0x00000262c4ec2e30 DEOPT PACKING pc=0x00000262d640a07c sp=0x00000089c53fbb90
Event: 0.257 Thread 0x00000262c4ec2e30 DEOPT UNPACKING pc=0x00000262ce95e42f sp=0x00000089c53fbb40 mode 2
Event: 0.314 Thread 0x00000262c4ec2e30 Uncommon trap: trap_request=0xffffff45 fr.pc=0x00000262d63ec028 relative=0x0000000000000408
Event: 0.314 Thread 0x00000262c4ec2e30 Uncommon trap: reason=unstable_if action=reinterpret pc=0x00000262d63ec028 method=java.lang.StringLatin1.canEncode(I)Z @ 4 c2
Event: 0.314 Thread 0x00000262c4ec2e30 DEOPT PACKING pc=0x00000262d63ec028 sp=0x00000089c53fcd90
Event: 0.314 Thread 0x00000262c4ec2e30 DEOPT UNPACKING pc=0x00000262ce95e42f sp=0x00000089c53fccb8 mode 2
Event: 0.352 Thread 0x00000262c4ec2e30 Uncommon trap: trap_request=0xffffff45 fr.pc=0x00000262d6417bec relative=0x00000000000008ec
Event: 0.352 Thread 0x00000262c4ec2e30 Uncommon trap: reason=unstable_if action=reinterpret pc=0x00000262d6417bec method=java.util.HashMap.putVal(ILjava/lang/Object;Ljava/lang/Object;ZZ)Ljava/lang/Object; @ 181 c2
Event: 0.352 Thread 0x00000262c4ec2e30 DEOPT PACKING pc=0x00000262d6417bec sp=0x00000089c53fc2e0
Event: 0.353 Thread 0x00000262c4ec2e30 DEOPT UNPACKING pc=0x00000262ce95e42f sp=0x00000089c53fc280 mode 2
Event: 0.673 Thread 0x00000262c4ec2e30 Uncommon trap: trap_request=0xffffff45 fr.pc=0x00000262d6424cd8 relative=0x0000000000000678
Event: 0.673 Thread 0x00000262c4ec2e30 Uncommon trap: reason=unstable_if action=reinterpret pc=0x00000262d6424cd8 method=java.util.zip.InflaterInputStream.read([BII)I @ 69 c2
Event: 0.673 Thread 0x00000262c4ec2e30 DEOPT PACKING pc=0x00000262d6424cd8 sp=0x00000089c53fd3e0
Event: 0.673 Thread 0x00000262c4ec2e30 DEOPT UNPACKING pc=0x00000262ce95e42f sp=0x00000089c53fd338 mode 2
Event: 1.147 Thread 0x00000262c4ec2e30 DEOPT PACKING pc=0x00000262cef5edd0 sp=0x00000089c53fc460
Event: 1.147 Thread 0x00000262c4ec2e30 DEOPT UNPACKING pc=0x00000262ce95e23f sp=0x00000089c53fb900 mode 0
Event: 1.225 Thread 0x00000262c4ec2e30 Uncommon trap: trap_request=0xffffff45 fr.pc=0x00000262d640bf20 relative=0x0000000000000320
Event: 1.225 Thread 0x00000262c4ec2e30 Uncommon trap: reason=unstable_if action=reinterpret pc=0x00000262d640bf20 method=java.lang.StringUTF16.compress([CI[BII)I @ 20 c2
Event: 1.225 Thread 0x00000262c4ec2e30 DEOPT PACKING pc=0x00000262d640bf20 sp=0x00000089c53fd140
Event: 1.225 Thread 0x00000262c4ec2e30 DEOPT UNPACKING pc=0x00000262ce95e42f sp=0x00000089c53fd0c0 mode 2

Classes unloaded (0 events):
No events

Classes redefined (0 events):
No events

Internal exceptions (20 events):
Event: 4.116 Thread 0x00000262e64213a0 Exception <a 'java/io/FileNotFoundException'{0x0000000089459ae0}> (0x0000000089459ae0) 
thrown [./open/src/hotspot/share/prims/jni.cpp, line 578]
Event: 4.116 Thread 0x00000262e64213a0 Exception <a 'java/io/FileNotFoundException'{0x000000008945e448}> (0x000000008945e448) 
thrown [./open/src/hotspot/share/prims/jni.cpp, line 578]
Event: 4.117 Thread 0x00000262e64213a0 Exception <a 'java/io/FileNotFoundException'{0x0000000089462db0}> (0x0000000089462db0) 
thrown [./open/src/hotspot/share/prims/jni.cpp, line 578]
Event: 4.118 Thread 0x00000262e64213a0 Exception <a 'java/io/FileNotFoundException'{0x0000000089467718}> (0x0000000089467718) 
thrown [./open/src/hotspot/share/prims/jni.cpp, line 578]
Event: 4.119 Thread 0x00000262e64213a0 Exception <a 'java/io/FileNotFoundException'{0x000000008946c080}> (0x000000008946c080) 
thrown [./open/src/hotspot/share/prims/jni.cpp, line 578]
Event: 4.120 Thread 0x00000262e64213a0 Exception <a 'java/io/FileNotFoundException'{0x00000000894709e8}> (0x00000000894709e8) 
thrown [./open/src/hotspot/share/prims/jni.cpp, line 578]
Event: 4.121 Thread 0x00000262e64213a0 Exception <a 'java/io/FileNotFoundException'{0x0000000089475350}> (0x0000000089475350) 
thrown [./open/src/hotspot/share/prims/jni.cpp, line 578]
Event: 4.121 Thread 0x00000262e64213a0 Exception <a 'java/io/FileNotFoundException'{0x0000000089479ef8}> (0x0000000089479ef8) 
thrown [./open/src/hotspot/share/prims/jni.cpp, line 578]
Event: 4.122 Thread 0x00000262e64213a0 Exception <a 'java/io/FileNotFoundException'{0x000000008947e860}> (0x000000008947e860) 
thrown [./open/src/hotspot/share/prims/jni.cpp, line 578]
Event: 4.123 Thread 0x00000262e64213a0 Exception <a 'java/io/FileNotFoundException'{0x00000000894831c8}> (0x00000000894831c8) 
thrown [./open/src/hotspot/share/prims/jni.cpp, line 578]
Event: 4.124 Thread 0x00000262e64213a0 Exception <a 'java/io/FileNotFoundException'{0x0000000089487b30}> (0x0000000089487b30) 
thrown [./open/src/hotspot/share/prims/jni.cpp, line 578]
Event: 4.125 Thread 0x00000262e64213a0 Exception <a 'java/io/FileNotFoundException'{0x000000008948c498}> (0x000000008948c498) 
thrown [./open/src/hotspot/share/prims/jni.cpp, line 578]
Event: 4.126 Thread 0x00000262e64213a0 Exception <a 'java/io/FileNotFoundException'{0x0000000089490e00}> (0x0000000089490e00) 
thrown [./open/src/hotspot/share/prims/jni.cpp, line 578]
Event: 4.126 Thread 0x00000262e64213a0 Exception <a 'java/io/FileNotFoundException'{0x0000000089495768}> (0x0000000089495768) 
thrown [./open/src/hotspot/share/prims/jni.cpp, line 578]
Event: 4.128 Thread 0x00000262e64213a0 Exception <a 'java/io/FileNotFoundException'{0x000000008949a0d0}> (0x000000008949a0d0) 
thrown [./open/src/hotspot/share/prims/jni.cpp, line 578]
Event: 4.129 Thread 0x00000262e64213a0 Exception <a 'java/io/FileNotFoundException'{0x000000008949ea38}> (0x000000008949ea38) 
thrown [./open/src/hotspot/share/prims/jni.cpp, line 578]
Event: 4.131 Thread 0x00000262e64213a0 Exception <a 'java/io/FileNotFoundException'{0x00000000894a33a0}> (0x00000000894a33a0) 
thrown [./open/src/hotspot/share/prims/jni.cpp, line 578]
Event: 4.133 Thread 0x00000262e64213a0 Exception <a 'java/io/FileNotFoundException'{0x00000000894a7d08}> (0x00000000894a7d08) 
thrown [./open/src/hotspot/share/prims/jni.cpp, line 578]
Event: 4.135 Thread 0x00000262e64213a0 Exception <a 'java/io/FileNotFoundException'{0x00000000894ac670}> (0x00000000894ac670) 
thrown [./open/src/hotspot/share/prims/jni.cpp, line 578]
Event: 4.136 Thread 0x00000262e64213a0 Exception <a 'java/io/FileNotFoundException'{0x00000000894b0fd8}> (0x00000000894b0fd8) 
thrown [./open/src/hotspot/share/prims/jni.cpp, line 578]

Events (20 events):
Event: 4.127 Executing VM operation: ICBufferFull
Event: 4.127 Executing VM operation: ICBufferFull done
Event: 4.127 loading class java/awt/image/ComponentColorModel
Event: 4.128 loading class java/awt/image/ComponentColorModel done
Event: 4.128 loading class java/awt/image/DataBufferByte
Event: 4.128 loading class java/awt/image/DataBufferByte done
Event: 4.130 loading class java/awt/image/PixelInterleavedSampleModel
Event: 4.130 loading class java/awt/image/ComponentSampleModel
Event: 4.130 loading class java/awt/image/ComponentSampleModel done
Event: 4.130 loading class java/awt/image/PixelInterleavedSampleModel done
Event: 4.130 loading class sun/awt/image/ByteInterleavedRaster
Event: 4.131 loading class sun/awt/image/ByteComponentRaster
Event: 4.131 loading class sun/awt/image/ByteComponentRaster done
Event: 4.131 loading class sun/awt/image/ByteInterleavedRaster done
Event: 4.135 loading class javax/swing/ClientPropertyKey
Event: 4.135 loading class javax/swing/ClientPropertyKey done
Event: 4.135 loading class javax/swing/ClientPropertyKey$1
Event: 4.135 loading class sun/awt/AWTAccessor$ClientPropertyKeyAccessor
Event: 4.135 loading class sun/awt/AWTAccessor$ClientPropertyKeyAccessor done
Event: 4.135 loading class javax/swing/ClientPropertyKey$1 done


Dynamic libraries:
0x00007ff655bf0000 - 0x00007ff655bff000 	C:\Program Files\Java\jdk-15.0.2\bin\javaw.exe
0x00007ffb08290000 - 0x00007ffb08485000 	C:\WINDOWS\SYSTEM32\ntdll.dll
0x00007ffb06990000 - 0x00007ffb06a4d000 	C:\WINDOWS\System32\KERNEL32.DLL
0x00007ffb05e40000 - 0x00007ffb06109000 	C:\WINDOWS\System32\KERNELBASE.dll
0x00007ffb05b80000 - 0x00007ffb05c80000 	C:\WINDOWS\System32\ucrtbase.dll
0x00007ffaf4cd0000 - 0x00007ffaf4ce8000 	C:\Program Files\Java\jdk-15.0.2\bin\jli.dll
0x00007ffae9100000 - 0x00007ffae9119000 	C:\Program Files\Java\jdk-15.0.2\bin\VCRUNTIME140.dll
0x00007ffb07610000 - 0x00007ffb076bc000 	C:\WINDOWS\System32\ADVAPI32.dll
0x00007ffb06a60000 - 0x00007ffb06afe000 	C:\WINDOWS\System32\msvcrt.dll
0x00007ffb06b70000 - 0x00007ffb06c0c000 	C:\WINDOWS\System32\sechost.dll
0x00007ffb06730000 - 0x00007ffb0685b000 	C:\WINDOWS\System32\RPCRT4.dll
0x00007ffb06c10000 - 0x00007ffb06db0000 	C:\WINDOWS\System32\USER32.dll
0x00007ffb06110000 - 0x00007ffb06132000 	C:\WINDOWS\System32\win32u.dll
0x00007ffae9750000 - 0x00007ffae99ea000 	C:\WINDOWS\WinSxS\amd64_microsoft.windows.common-controls_6595b64144ccf1df_6.0.19041.844_none_ca00b6081b84eb1d\COMCTL32.dll
0x00007ffb07440000 - 0x00007ffb0746a000 	C:\WINDOWS\System32\GDI32.dll
0x00007ffb05d30000 - 0x00007ffb05e3b000 	C:\WINDOWS\System32\gdi32full.dll
0x00007ffb05ae0000 - 0x00007ffb05b7d000 	C:\WINDOWS\System32\msvcp_win.dll
0x00007ffb02f90000 - 0x00007ffb02f9a000 	C:\WINDOWS\SYSTEM32\VERSION.dll
0x00007ffb06620000 - 0x00007ffb06650000 	C:\WINDOWS\System32\IMM32.DLL
0x00007ffb02980000 - 0x00007ffb0298c000 	C:\Program Files\Java\jdk-15.0.2\bin\vcruntime140_1.dll
0x00007ffac6370000 - 0x00007ffac6401000 	C:\Program Files\Java\jdk-15.0.2\bin\msvcp140.dll
0x00007ffa9ad90000 - 0x00007ffa9b8ee000 	C:\Program Files\Java\jdk-15.0.2\bin\server\jvm.dll
0x00007ffb07430000 - 0x00007ffb07438000 	C:\WINDOWS\System32\PSAPI.DLL
0x00007ffb00e90000 - 0x00007ffb00e99000 	C:\WINDOWS\SYSTEM32\WSOCK32.dll
0x00007ffaea610000 - 0x00007ffaea637000 	C:\WINDOWS\SYSTEM32\WINMM.dll
0x00007ffb06b00000 - 0x00007ffb06b6b000 	C:\WINDOWS\System32\WS2_32.dll
0x00007ffb042b0000 - 0x00007ffb042c2000 	C:\WINDOWS\SYSTEM32\kernel.appcore.dll
0x00007ffafef70000 - 0x00007ffafef7a000 	C:\Program Files\Java\jdk-15.0.2\bin\jimage.dll
0x00007ffb03fc0000 - 0x00007ffb041a4000 	C:\WINDOWS\SYSTEM32\DBGHELP.DLL
0x00007ffaebd70000 - 0x00007ffaebd9c000 	C:\WINDOWS\SYSTEM32\dbgcore.DLL
0x00007ffb05cb0000 - 0x00007ffb05d30000 	C:\WINDOWS\System32\bcryptPrimitives.dll
0x00007ffae1670000 - 0x00007ffae1695000 	C:\Program Files\Java\jdk-15.0.2\bin\java.dll
0x00007ffb076c0000 - 0x00007ffb07e02000 	C:\WINDOWS\System32\SHELL32.dll
0x00007ffb03830000 - 0x00007ffb03fc0000 	C:\WINDOWS\SYSTEM32\windows.storage.dll
0x00007ffb07e10000 - 0x00007ffb08165000 	C:\WINDOWS\System32\combase.dll
0x00007ffb05440000 - 0x00007ffb0546c000 	C:\WINDOWS\SYSTEM32\Wldp.dll
0x00007ffb06570000 - 0x00007ffb0661e000 	C:\WINDOWS\System32\SHCORE.dll
0x00007ffb07340000 - 0x00007ffb07395000 	C:\WINDOWS\System32\shlwapi.dll
0x00007ffb05910000 - 0x00007ffb0592f000 	C:\WINDOWS\SYSTEM32\profapi.dll
0x00007ffae42d0000 - 0x00007ffae42e9000 	C:\Program Files\Java\jdk-15.0.2\bin\net.dll
0x00007ffaf12e0000 - 0x00007ffaf13ec000 	C:\WINDOWS\SYSTEM32\WINHTTP.dll
0x00007ffb051c0000 - 0x00007ffb0522a000 	C:\WINDOWS\system32\mswsock.dll
0x00007ffae1650000 - 0x00007ffae1662000 	C:\Program Files\Java\jdk-15.0.2\bin\nio.dll
0x00007ffae1630000 - 0x00007ffae1648000 	C:\Program Files\Java\jdk-15.0.2\bin\zip.dll
0x00007ffac1980000 - 0x00007ffac1b00000 	C:\Program Files\Java\jdk-15.0.2\bin\awt.dll
0x00007ffb06650000 - 0x00007ffb0671d000 	C:\WINDOWS\System32\OLEAUT32.dll
0x00007ffb02b70000 - 0x00007ffb02c00000 	C:\WINDOWS\SYSTEM32\apphelp.dll
0x00007ffb032a0000 - 0x00007ffb032cf000 	C:\WINDOWS\system32\DWMAPI.DLL
0x00007ffb030b0000 - 0x00007ffb0314e000 	C:\WINDOWS\system32\uxtheme.dll
0x00007ffae84e0000 - 0x00007ffae8606000 	C:\WINDOWS\system32\opengl32.dll
0x00007ffafd4b0000 - 0x00007ffafd4dc000 	C:\WINDOWS\SYSTEM32\GLU32.dll
0x00007ffb074f0000 - 0x00007ffb07605000 	C:\WINDOWS\System32\MSCTF.dll
0x00007ffb06860000 - 0x00007ffb0698a000 	C:\WINDOWS\System32\ole32.dll
0x00007ffafea40000 - 0x00007ffafea50000 	C:\Program Files\Java\jdk-15.0.2\bin\verify.dll
0x00007ffb05390000 - 0x00007ffb053a8000 	C:\WINDOWS\SYSTEM32\CRYPTSP.dll
0x00007ffb04ae0000 - 0x00007ffb04b14000 	C:\WINDOWS\system32\rsaenh.dll
0x00007ffb05c80000 - 0x00007ffb05ca7000 	C:\WINDOWS\System32\bcrypt.dll
0x00007ffb058d0000 - 0x00007ffb058fe000 	C:\WINDOWS\SYSTEM32\USERENV.dll
0x00007ffb053b0000 - 0x00007ffb053bc000 	C:\WINDOWS\SYSTEM32\CRYPTBASE.dll
0x00007ffb04e60000 - 0x00007ffb04e9b000 	C:\WINDOWS\SYSTEM32\IPHLPAPI.DLL
0x00007ffb06a50000 - 0x00007ffb06a58000 	C:\WINDOWS\System32\NSI.dll
0x00007ffaf4a40000 - 0x00007ffaf4a57000 	C:\WINDOWS\SYSTEM32\dhcpcsvc6.DLL
0x00007ffaf6580000 - 0x00007ffaf659d000 	C:\WINDOWS\SYSTEM32\dhcpcsvc.DLL
0x00007ffb04ea0000 - 0x00007ffb04f6b000 	C:\WINDOWS\SYSTEM32\DNSAPI.dll
0x000000006e740000 - 0x00000000707f7000 	C:\Users\ahoff\AppData\Local\Temp\xuggle\xuggle3832401088045687954.dll
0x00007ffadcbf0000 - 0x00007ffadcbfc000 	C:\WINDOWS\SYSTEM32\Secur32.dll
0x00007ffae1610000 - 0x00007ffae1629000 	C:\WINDOWS\SYSTEM32\AVICAP32.dll
0x00007ffae1240000 - 0x00007ffae126b000 	C:\WINDOWS\SYSTEM32\MSVFW32.dll
0x00007ffb05890000 - 0x00007ffb058cc000 	C:\WINDOWS\SYSTEM32\SSPICLI.DLL
0x00007ffae1220000 - 0x00007ffae1231000 	C:\Program Files\Java\jdk-15.0.2\bin\jsound.dll
0x00007ffac32a0000 - 0x00007ffac333c000 	C:\WINDOWS\SYSTEM32\DSOUND.dll
0x00007ffb04fe0000 - 0x00007ffb0502b000 	C:\WINDOWS\SYSTEM32\powrprof.dll
0x00007ffae0c60000 - 0x00007ffae0c86000 	C:\WINDOWS\SYSTEM32\winmmbase.dll
0x00007ffb04e40000 - 0x00007ffb04e52000 	C:\WINDOWS\SYSTEM32\UMPDC.dll
0x00007ffb064a0000 - 0x00007ffb06549000 	C:\WINDOWS\System32\clbcatq.dll
0x00007ffb004d0000 - 0x00007ffb00555000 	C:\WINDOWS\System32\MMDevApi.dll
0x00007ffb05780000 - 0x00007ffb057ac000 	C:\WINDOWS\System32\DEVOBJ.dll
0x00007ffb06140000 - 0x00007ffb0618e000 	C:\WINDOWS\System32\cfgmgr32.dll
0x00007ffac11a0000 - 0x00007ffac11e6000 	C:\WINDOWS\SYSTEM32\wdmaud.drv
0x00007ffb00600000 - 0x00007ffb0060a000 	C:\WINDOWS\SYSTEM32\AVRT.dll
0x00007ffb02f20000 - 0x00007ffb02f29000 	C:\WINDOWS\SYSTEM32\ksuser.dll
0x00007ffafff70000 - 0x00007ffb000f5000 	C:\WINDOWS\SYSTEM32\AUDIOSES.DLL
0x00007ffae42c0000 - 0x00007ffae42cd000 	C:\WINDOWS\SYSTEM32\msacm32.drv
0x00007ffacdfa0000 - 0x00007ffacdfbe000 	C:\WINDOWS\SYSTEM32\MSACM32.dll
0x00007ffae3f80000 - 0x00007ffae3f8b000 	C:\WINDOWS\SYSTEM32\midimap.dll
0x00007ffac1390000 - 0x00007ffac1415000 	C:\Program Files\Java\jdk-15.0.2\bin\freetype.dll
0x00007ffabaf00000 - 0x00007ffabafa9000 	C:\Program Files\Java\jdk-15.0.2\bin\fontmanager.dll
0x00007ffaec080000 - 0x00007ffaec17b000 	C:\WINDOWS\SYSTEM32\textinputframework.dll
0x00007ffb02860000 - 0x00007ffb02952000 	C:\WINDOWS\System32\CoreMessaging.dll
0x00007ffb02180000 - 0x00007ffb024de000 	C:\WINDOWS\System32\CoreUIComponents.dll
0x00007ffb011a0000 - 0x00007ffb012f4000 	C:\WINDOWS\SYSTEM32\wintypes.dll
0x00007ffb04720000 - 0x00007ffb04753000 	C:\WINDOWS\SYSTEM32\ntmarta.dll

dbghelp: loaded successfully - version: 4.0.5 - missing functions: none
symbol engine: initialized successfully - sym options: 0x614 - pdb path: .;C:\Program Files\Java\jdk-15.0.2\bin;C:\WINDOWS\SYSTEM32;C:\WINDOWS\WinSxS\amd64_microsoft.windows.common-controls_6595b64144ccf1df_6.0.19041.844_none_ca00b6081b84eb1d;C:\Program Files\Java\jdk-15.0.2\bin\server;C:\Users\ahoff\AppData\Local\Temp\xuggle

VM Arguments:
jvm_args: -Dfile.encoding=Cp1252 -XX:+ShowCodeDetailsInExceptionMessages 
java_command: RecordingApp.ScreenRecorder
java_class_path (initial): C:\Users\ahoff\Desktop\RecordApp\RecordingApp\lib\bin\main;C:\Users\ahoff\.gradle\caches\modules-2\files-2.1\org.apache.commons\commons-math3\3.6.1\e4ba98f1d4b3c80ec46392f25e094a6a2e58fcbf\commons-math3-3.6.1.jar;C:\Users\ahoff\.gradle\caches\modules-2\files-2.1\com.google.guava\guava\29.0-jre\801142b4c3d0f0770dd29abea50906cacfddd447\guava-29.0-jre.jar;C:\Users\ahoff\.gradle\caches\modules-2\files-2.1\xuggle\xuggle-xuggler-server-all\5.7.0-20210205.154804-12\36f70422f6b773c7ddc441728e775b972ce31f6\xuggle-xuggler-server-all-5.7.0-20210205.154804-12.jar;C:\Users\ahoff\.gradle\caches\modules-2\files-2.1\com.google.guava\failureaccess\1.0.1\1dcf1de382a0bf95a3d8b0849546c88bac1292c9\failureaccess-1.0.1.jar;C:\Users\ahoff\.gradle\caches\modules-2\files-2.1\com.google.guava\listenablefuture\9999.0-empty-to-avoid-conflict-with-guava\b421526c5f297295adef1c886e5246c39d4ac629\listenablefuture-9999.0-empty-to-avoid-conflict-with-guava.jar;C:\Users\ahoff\.gradle\caches\modules-2\files-2.1\com.google.code.findbugs\jsr305\3.0.2\25ea2e8b0c338a877313bd4672d3fe056ea78f0d\jsr305-3.0.2.jar;C:\Users\ahoff\.gradle\caches\modules-2\files-2.1\org.checkerframework\checker-qual\2.11.1\8c43bf8f99b841d23aadda6044329dad9b63c185\checker-qual-2.11.1.jar;C:\Users\ahoff\.gradle\caches\modules-2\files-2.1\com.google.errorprone\error_prone_annotations\2.3.4\dac170e4594de319655ffb62f41cbd6dbb5e601e\error_prone_annotations-2.3.4.jar;C:\Users\ahoff\.gradle\caches\modules-2\files-2.1\com.google.j2objc\j2objc-annotations\1.3\ba035118bc8bac37d7eff77700720999acd9986d\j2objc-annotations-1.3.jar;C:\Users\ahoff\.gradle\caches\modules-2\files-2.1\org.slf4j\slf4j-api\1.7.30\b5a4b6d16ab13e34a88fae84c35cd5d68cac922c\slf4j-api-1.7.30.jar;C:\Users\ahoff\.gradle\caches\modules-2\files-2.1\commons-cli\commons-cli\1.1\11c98b99ad538f2f67633afd4d7f4d98ecfbb408\commons-cli-1.1.jar;C:\Users\ahoff\.gradle\caches\modules-2\files-2.1\ch.qos.logback\logback-classic\1.0.0\2577f6b69bbab34bb55634a4500b
Launcher Type: SUN_STANDARD

[Global flags]
     intx CICompilerCount                          = 4                                         {product} {ergonomic}
     uint ConcGCThreads                            = 2                                         {product} {ergonomic}
     uint G1ConcRefinementThreads                  = 8                                         {product} {ergonomic}
   size_t G1HeapRegionSize                         = 1048576                                   {product} {ergonomic}
    uintx GCDrainStackTargetSize                   = 64                                        {product} {ergonomic}
   size_t InitialHeapSize                          = 132120576                                 {product} {ergonomic}
   size_t MarkStackSize                            = 4194304                                   {product} {ergonomic}
   size_t MaxHeapSize                              = 2107637760                                {product} {ergonomic}
   size_t MaxNewSize                               = 1264582656                                {product} {ergonomic}
   size_t MinHeapDeltaBytes                        = 1048576                                   {product} {ergonomic}
   size_t MinHeapSize                              = 8388608                                   {product} {ergonomic}
    uintx NonNMethodCodeHeapSize                   = 5839372                                {pd product} {ergonomic}
    uintx NonProfiledCodeHeapSize                  = 122909434                              {pd product} {ergonomic}
    uintx ProfiledCodeHeapSize                     = 122909434                              {pd product} {ergonomic}
    uintx ReservedCodeCacheSize                    = 251658240                              {pd product} {ergonomic}
     bool SegmentedCodeCache                       = true                                      {product} {ergonomic}
     bool ShowCodeDetailsInExceptionMessages       = true                                   {manageable} {command line}
   size_t SoftMaxHeapSize                          = 2107637760                             {manageable} {ergonomic}
     bool UseCompressedClassPointers               = true                                 {lp64_product} {ergonomic}
     bool UseCompressedOops                        = true                                 {lp64_product} {ergonomic}
     bool UseG1GC                                  = true                                      {product} {ergonomic}
     bool UseLargePagesIndividualAllocation        = false                                  {pd product} {ergonomic}

Logging:
Log output configuration:
 #0: stdout all=warning uptime,level,tags
 #1: stderr all=off uptime,level,tags

Environment Variables:
PATH=C:/Users/ahoff/.p2/pool/plugins/org.eclipse.justj.openjdk.hotspot.jre.full.win32.x86_64_15.0.1.v20201027-0507/jre/bin/server;C:/Users/ahoff/.p2/pool/plugins/org.eclipse.justj.openjdk.hotspot.jre.full.win32.x86_64_15.0.1.v20201027-0507/jre/bin;C:\Program Files\Common Files\Oracle\Java\javapath;C:\Program Files\VanDyke Software\Clients\;C:\windows\system32;C:\windows;C:\windows\System32\Wbem;C:\windows\System32\WindowsPowerShell\v1.0\;C:\windows\System32\OpenSSH\;C:\Program Files (x86)\NVIDIA Corporation\PhysX\Common;C:\Program Files\NVIDIA Corporation\NVIDIA NvDLISR;C:\Program Files\nodejs\;C:\WINDOWS\system32;C:\WINDOWS;C:\WINDOWS\System32\Wbem;C:\WINDOWS\System32\WindowsPowerShell\v1.0\;C:\WINDOWS\System32\OpenSSH\;C:\Program Files\Git\cmd;C:\ProgramData\chocolatey\bin;C:\Users\ahoff\AppData\Local\Microsoft\WindowsApps;C:\Users\ahoff\AppData\Local\Programs\Microsoft VS Code\bin;C:\Users\ahoff\AppData\Roaming\npm;C:\Program Files\heroku\bin;C:\MinGW\bin;C:\ProgramData\chocolatey\bin\;C:\Program Files\Java\jdk-15.0.2\bin;C:\Gradle\gradle-6.8.3-bin\gradle-6.8.3\bin;;C:\Users\ahoff\Desktop;
USERNAME=ahoff
OS=Windows_NT
PROCESSOR_IDENTIFIER=Intel64 Family 6 Model 158 Stepping 10, GenuineIntel



---------------  S Y S T E M  ---------------

OS:
 Windows 10 , 64 bit Build 19041 (10.0.19041.804)
OS uptime: 6 days 6:31 hours

CPU: total 8 (initial active 8) (4 cores per cpu, 2 threads per core) family 6 model 158 stepping 10 microcode 0xde, cmov, cx8, fxsr, mmx, sse, sse2, sse3, ssse3, sse4.1, sse4.2, popcnt, vzeroupper, avx, avx2, aes, clmul, erms, 3dnowpref, lzcnt, ht, tsc, tscinvbit, bmi1, bmi2, adx, fma, clflush, clflushopt

Memory: 4k page, system-wide physical 8033M (1376M free)
TotalPageFile size 22794M (AvailPageFile size 4404M)
current process WorkingSet (physical memory assigned to process): 113M, peak: 115M
current process commit charge ("private bytes"): 242M, peak: 248M

vm_info: Java HotSpot(TM) 64-Bit Server VM (15.0.2+7-27) for windows-amd64 JRE (15.0.2+7-27), built on Dec  7 2020 20:07:01 by "mach5one" with unknown MS VC++:1925

END.
