#
# A fatal error has been detected by the Java Runtime Environment:
#
#  EXCEPTION_ACCESS_VIOLATION (0xc0000005) at pc=0x000000006e952a57, pid=19812, tid=18756
#
# JRE version: Java(TM) SE Runtime Environment (15.0.2+7) (build 15.0.2+7-27)
# Java VM: Java HotSpot(TM) 64-Bit Server VM (15.0.2+7-27, mixed mode, sharing, tiered, compressed oops, g1 gc, windows-amd64)
# Problematic frame:
# C  [xuggle16833502494066343370.dll+0x212a57]
#
# No core dump will be written. Minidumps are not enabled by default on client versions of Windows
#
# If you would like to submit a bug report, please visit:
#   https://bugreport.java.com/bugreport/crash.jsp
# The crash happened outside the Java Virtual Machine in native code.
# See problematic frame for where to report the bug.
#

---------------  S U M M A R Y ------------

Command Line: -Dfile.encoding=Cp1252 -XX:+ShowCodeDetailsInExceptionMessages RecordingApp.ScreenRecorder

Host: Intel(R) Core(TM) i5-9300H CPU @ 2.40GHz, 8 cores, 7G,  Windows 10 , 64 bit Build 19041 (10.0.19041.804)
Time: Thu Apr  8 23:17:11 2021 Eastern Daylight Time elapsed time: 14.166537 seconds (0d 0h 0m 14s)

---------------  T H R E A D  ---------------

Current thread (0x00000236bed39c70):  JavaThread "AWT-EventQueue-0" [_thread_in_native, id=18756, stack(0x000000a831000000,0x000000a831100000)]

Stack: [0x000000a831000000,0x000000a831100000],  sp=0x000000a8310fe090,  free space=1016k
Native frames: (J=compiled Java code, j=interpreted, Vv=VM code, C=native code)
C  [xuggle16833502494066343370.dll+0x212a57]

Java frames: (J=compiled Java code, j=interpreted, Vv=VM code)
j  com.xuggle.xuggler.XugglerJNI.IContainer_flushPackets(JLcom/xuggle/xuggler/IContainer;)I+0
j  com.xuggle.xuggler.IContainer.flushPackets()I+5
j  com.xuggle.mediatool.MediaWriter.flush()V+301
j  RecordingApp.captureWindow.stop()V+11
j  RecordingApp.ScreenRecorder$2.actionPerformed(Ljava/awt/event/ActionEvent;)V+4
j  javax.swing.AbstractButton.fireActionPerformed(Ljava/awt/event/ActionEvent;)V+84 java.desktop@15.0.2
j  javax.swing.AbstractButton$Handler.actionPerformed(Ljava/awt/event/ActionEvent;)V+5 java.desktop@15.0.2
j  javax.swing.DefaultButtonModel.fireActionPerformed(Ljava/awt/event/ActionEvent;)V+34 java.desktop@15.0.2
j  javax.swing.DefaultButtonModel.setPressed(Z)V+117 java.desktop@15.0.2
j  javax.swing.plaf.basic.BasicButtonListener.mouseReleased(Ljava/awt/event/MouseEvent;)V+35 java.desktop@15.0.2
j  java.awt.Component.processMouseEvent(Ljava/awt/event/MouseEvent;)V+64 java.desktop@15.0.2
j  javax.swing.JComponent.processMouseEvent(Ljava/awt/event/MouseEvent;)V+23 java.desktop@15.0.2
j  java.awt.Component.processEvent(Ljava/awt/AWTEvent;)V+81 java.desktop@15.0.2
j  java.awt.Container.processEvent(Ljava/awt/AWTEvent;)V+18 java.desktop@15.0.2
j  java.awt.Component.dispatchEventImpl(Ljava/awt/AWTEvent;)V+496 java.desktop@15.0.2
j  java.awt.Container.dispatchEventImpl(Ljava/awt/AWTEvent;)V+42 java.desktop@15.0.2
j  java.awt.Component.dispatchEvent(Ljava/awt/AWTEvent;)V+2 java.desktop@15.0.2
j  java.awt.LightweightDispatcher.retargetMouseEvent(Ljava/awt/Component;ILjava/awt/event/MouseEvent;)V+349 java.desktop@15.0.2
j  java.awt.LightweightDispatcher.processMouseEvent(Ljava/awt/event/MouseEvent;)Z+155 java.desktop@15.0.2
j  java.awt.LightweightDispatcher.dispatchEvent(Ljava/awt/AWTEvent;)Z+50 java.desktop@15.0.2
j  java.awt.Container.dispatchEventImpl(Ljava/awt/AWTEvent;)V+12 java.desktop@15.0.2
j  java.awt.Window.dispatchEventImpl(Ljava/awt/AWTEvent;)V+19 java.desktop@15.0.2
j  java.awt.Component.dispatchEvent(Ljava/awt/AWTEvent;)V+2 java.desktop@15.0.2
j  java.awt.EventQueue.dispatchEventImpl(Ljava/awt/AWTEvent;Ljava/lang/Object;)V+41 java.desktop@15.0.2
j  java.awt.EventQueue$4.run()Ljava/lang/Void;+32 java.desktop@15.0.2
j  java.awt.EventQueue$4.run()Ljava/lang/Object;+1 java.desktop@15.0.2
J 1106 c1 java.security.ProtectionDomain$JavaSecurityAccessImpl.doIntersectionPrivilege(Ljava/security/PrivilegedAction;Ljava/security/AccessControlContext;Ljava/security/AccessControlContext;)Ljava/lang/Object; java.base@15.0.2 (22 bytes) @ 0x00000236a6d9b2b4 [0x00000236a6d9b020+0x0000000000000294]
J 1747 c1 java.awt.EventQueue.dispatchEvent(Ljava/awt/AWTEvent;)V java.desktop@15.0.2 (80 bytes) @ 0x00000236a6ee41cc [0x00000236a6ee36e0+0x0000000000000aec]
J 1757 c1 java.awt.EventDispatchThread.pumpOneEventForFilters(I)V java.desktop@15.0.2 (113 bytes) @ 0x00000236a6ee789c [0x00000236a6ee7200+0x000000000000069c]
j  java.awt.EventDispatchThread.pumpEventsForFilter(ILjava/awt/Conditional;Ljava/awt/EventFilter;)V+35 java.desktop@15.0.2
j  java.awt.EventDispatchThread.pumpEventsForHierarchy(ILjava/awt/Conditional;Ljava/awt/Component;)V+11 java.desktop@15.0.2
j  java.awt.EventDispatchThread.pumpEvents(ILjava/awt/Conditional;)V+4 java.desktop@15.0.2
j  java.awt.EventDispatchThread.pumpEvents(Ljava/awt/Conditional;)V+3 java.desktop@15.0.2
j  java.awt.EventDispatchThread.run()V+9 java.desktop@15.0.2
v  ~StubRoutines::call_stub

siginfo: EXCEPTION_ACCESS_VIOLATION (0xc0000005), reading address 0x0000000000000058


Register to memory mapping:

RIP=0x000000006e952a57 xuggle16833502494066343370.dll
RAX=0x0 is NULL
RBX={method} {0x00000236bdc51b28} 'IContainer_flushPackets' '(JLcom/xuggle/xuggler/IContainer;)I' in 'com/xuggle/xuggler/XugglerJNI'
RCX=0x0 is NULL
RDX=0x000002369cd3d560 points into unknown readable memory: 0x000000006fe70ab0 | b0 0a e7 6f 00 00 00 00
RSP=0x000000a8310fe090 is pointing into the stack for thread: 0x00000236bed39c70
RBP=0x000000a8310fe160 is pointing into the stack for thread: 0x00000236bed39c70
RSI=0x0000000000000723 is an unknown value
RDI=0x0000000800b6d620 is a pointer to class: 
java.util.concurrent.atomic.AtomicBoolean {0x0000000800b6d628}
R8 =0x000002369cd3d560 points into unknown readable memory: 0x000000006fe70ab0 | b0 0a e7 6f 00 00 00 00
R9 =0x000000a8310fe298 is pointing into the stack for thread: 0x00000236bed39c70
R10=0x00000236a664f148 is at code_begin+1000 in an Interpreter codelet
method entry point (kind = native)  [0x00000236a664ed60, 0x00000236a664f7e0]  2688 bytes
R11=0x0000000086862e60 is an oop: java.lang.Class 
{0x0000000086862e60} - klass: 'java/lang/Class'
R12=0x0 is NULL
R13={method} {0x00000236bdc51b28} 'IContainer_flushPackets' '(JLcom/xuggle/xuggler/IContainer;)I' in 'com/xuggle/xuggler/XugglerJNI'
R14=0x000000a8310fe2a8 is pointing into the stack for thread: 0x00000236bed39c70
R15=0x00000236bed39c70 is a thread


Registers:
RAX=0x0000000000000000, RBX=0x00000236bdc51b20, RCX=0x0000000000000000, RDX=0x000002369cd3d560
RSP=0x000000a8310fe090, RBP=0x000000a8310fe160, RSI=0x0000000000000723, RDI=0x0000000800b6d620
R8 =0x000002369cd3d560, R9 =0x000000a8310fe298, R10=0x00000236a664f148, R11=0x0000000086862e60
R12=0x0000000000000000, R13=0x00000236bdc51b20, R14=0x000000a8310fe2a8, R15=0x00000236bed39c70
RIP=0x000000006e952a57, EFLAGS=0x0000000000010206

Top of Stack: (sp=0x000000a8310fe090)
0x000000a8310fe090:   00000236bdc63e00 0000000000000000
0x000000a8310fe0a0:   00000000000003d8 000000a8310fe1a0
0x000000a8310fe0b0:   000000006e7a35ab 00007ffa9b38ff68
0x000000a8310fe0c0:   00000236bdc51b20 0000000000000723
0x000000a8310fe0d0:   0000000800b6d620 000000006e749cb4
0x000000a8310fe0e0:   000002369cd3d560 000000a8310fe308
0x000000a8310fe0f0:   0000d2961e4809c4 000000a8310fe3c8
0x000000a8310fe100:   000000a8310fe2a8 0000000800b6d620
0x000000a8310fe110:   000000a8310fe1a0 00000236bed39c70
0x000000a8310fe120:   0000000000000000 ffffffffbed39c70
0x000000a8310fe130:   000000a8310fe278 00000236bdc51b20
0x000000a8310fe140:   0000000000000723 0000000800b6d620
0x000000a8310fe150:   000000a8310fe1e0 000000006e7a361f
0x000000a8310fe160:   000002369cd3d560 00000236bdc51b20
0x000000a8310fe170:   000000a8310fe278 00007ffa9b0dc687
0x000000a8310fe180:   0000000000001975 00000236bed39c70 

Instructions: (pc=0x000000006e952a57)
0x000000006e952957:   f7 fc ff ff 0f 1f 44 00 00 48 8b 43 48 49 39 c6
0x000000006e952967:   7e 1a 44 8b 43 54 45 85 c0 75 7a 48 89 d9 e8 46
0x000000006e952977:   f4 ff ff 48 8b 43 48 49 39 c6 7f e6 8b 4b 54 85
0x000000006e952987:   c9 75 62 48 8b 7b 20 4c 29 f0 48 29 c7 48 89 7b
0x000000006e952997:   18 e9 94 fe ff ff 0f 1f 00 45 85 c9 0f 84 30 fd
0x000000006e9529a7:   ff ff e9 38 fe ff ff 66 90 48 89 43 20 e9 69 fe
0x000000006e9529b7:   ff ff 0f 1f 80 00 00 00 00 41 89 f0 8b 4b 60 41
0x000000006e9529c7:   29 d0 41 ff d1 48 8b 4b 08 89 43 60 48 8b 43 30
0x000000006e9529d7:   e9 87 fd ff ff 0f 1f 40 00 48 c7 c0 e0 ff ff ff
0x000000006e9529e7:   e9 4f fe ff ff 48 c7 c0 bb b0 b9 df e9 43 fe ff
0x000000006e9529f7:   ff 48 89 73 20 c7 43 58 00 00 00 00 e9 21 ff ff
0x000000006e952a07:   ff 4c 8d 05 11 28 fc 00 ba 18 00 00 00 48 89 d9
0x000000006e952a17:   e8 94 9c d7 00 44 8b bb b8 00 00 00 48 8b 73 08
0x000000006e952a27:   e9 fd fe ff ff c7 43 54 01 00 00 00 0f 84 87 fd
0x000000006e952a37:   ff ff 89 43 78 e9 7f fd ff ff 0f 1f 44 00 00 66
0x000000006e952a47:   2e 0f 1f 84 00 00 00 00 00 57 56 53 48 83 ec 30
0x000000006e952a57:   8b 51 58 48 89 cb 85 d2 74 4f 48 8b 41 18 48 8b
0x000000006e952a67:   89 f8 00 00 00 41 b8 00 00 00 00 48 89 c2 48 29
0x000000006e952a77:   ca 48 85 d2 49 0f 4f d0 48 39 c8 89 d7 48 8b 53
0x000000006e952a87:   08 48 0f 42 c1 48 89 83 f8 00 00 00 48 39 c2 72
0x000000006e952a97:   49 85 ff 48 89 93 f8 00 00 00 48 89 53 18 75 22
0x000000006e952aa7:   48 83 c4 30 5b 5e 5f c3 90 48 8b 41 08 31 ff 48
0x000000006e952ab7:   89 81 f8 00 00 00 48 89 41 18 48 89 43 20 85 ff
0x000000006e952ac7:   74 de 48 63 d7 41 b8 01 00 00 00 48 89 d9 48 83
0x000000006e952ad7:   c4 30 5b 5e 5f e9 df fa ff ff 48 29 d0 48 89 c6
0x000000006e952ae7:   8b 43 78 85 c0 0f 85 d1 00 00 00 48 8b 83 d0 00
0x000000006e952af7:   00 00 48 85 c0 0f 84 ee 00 00 00 4c 8b 83 e0 00
0x000000006e952b07:   00 00 48 8b 4b 28 44 8b 8b dc 00 00 00 4c 89 44
0x000000006e952b17:   24 20 41 89 f0 ff d0 85 c0 0f 88 9a 00 00 00 48
0x000000006e952b27:   63 c6 48 03 43 48 48 3b 83 f0 00 00 00 0f 8f 96
0x000000006e952b37:   00 00 00 66 0f 1f 44 00 00 8b b3 dc 00 00 00 8d
0x000000006e952b47:   56 ff 83 fa 01 77 0a c7 83 dc 00 00 00 03 00 00 


Stack slot to memory mapping:
stack at sp + 0 slots: 0x00000236bdc63e00 is pointing into metadata
stack at sp + 1 slots: 0x0 is NULL
stack at sp + 2 slots: 0x00000000000003d8 is an unknown value
stack at sp + 3 slots: 0x000000a8310fe1a0 is pointing into the stack for thread: 0x00000236bed39c70
stack at sp + 4 slots: 0x000000006e7a35ab xuggle16833502494066343370.dll
stack at sp + 5 slots: 0x00007ffa9b38ff68 jvm.dll
stack at sp + 6 slots: {method} {0x00000236bdc51b28} 'IContainer_flushPackets' '(JLcom/xuggle/xuggler/IContainer;)I' in 'com/xuggle/xuggler/XugglerJNI'
stack at sp + 7 slots: 0x0000000000000723 is an unknown value


---------------  P R O C E S S  ---------------

Threads class SMR info:
_java_thread_list=0x00000236c36ac290, length=18, elements={
0x00000236bd6131a0, 0x00000236bd614320, 0x00000236bd62dbd0, 0x00000236bd6304a0,
0x00000236bd631500, 0x00000236bd642c60, 0x00000236bd663920, 0x00000236bd664e40,
0x00000236be094780, 0x00000236be0a1370, 0x00000236be375f10, 0x00000236be377450,
0x00000236bec4a370, 0x00000236bed39c70, 0x000002369cc36320, 0x00000236be0693a0,
0x00000236be06a730, 0x00000236beb876d0
}

Java Threads: ( => current thread )
  0x00000236bd6131a0 JavaThread "Reference Handler" daemon [_thread_blocked, id=13028, stack(0x000000a830000000,0x000000a830100000)]
  0x00000236bd614320 JavaThread "Finalizer" daemon [_thread_blocked, id=3404, stack(0x000000a830100000,0x000000a830200000)]
  0x00000236bd62dbd0 JavaThread "Signal Dispatcher" daemon [_thread_blocked, id=9600, stack(0x000000a830200000,0x000000a830300000)]
  0x00000236bd6304a0 JavaThread "Attach Listener" daemon [_thread_blocked, id=9964, stack(0x000000a830300000,0x000000a830400000)]
  0x00000236bd631500 JavaThread "Service Thread" daemon [_thread_blocked, id=20072, stack(0x000000a830400000,0x000000a830500000)]
  0x00000236bd642c60 JavaThread "C2 CompilerThread0" daemon [_thread_blocked, id=17040, stack(0x000000a830500000,0x000000a830600000)]
  0x00000236bd663920 JavaThread "C1 CompilerThread0" daemon [_thread_blocked, id=23432, stack(0x000000a830600000,0x000000a830700000)]
  0x00000236bd664e40 JavaThread "Sweeper thread" daemon [_thread_blocked, id=4192, stack(0x000000a830700000,0x000000a830800000)]
  0x00000236be094780 JavaThread "Notification Thread" daemon [_thread_blocked, id=19000, stack(0x000000a830800000,0x000000a830900000)]
  0x00000236be0a1370 JavaThread "Common-Cleaner" daemon [_thread_blocked, id=10604, stack(0x000000a830a00000,0x000000a830b00000)]
  0x00000236be375f10 JavaThread "Java2D Disposer" daemon [_thread_blocked, id=2932, stack(0x000000a830c00000,0x000000a830d00000)]
  0x00000236be377450 JavaThread "AWT-Windows" daemon [_thread_in_native, id=20408, stack(0x000000a830e00000,0x000000a830f00000)]
  0x00000236bec4a370 JavaThread "AWT-Shutdown" [_thread_blocked, id=19276, stack(0x000000a830f00000,0x000000a831000000)]
=>0x00000236bed39c70 JavaThread "AWT-EventQueue-0" [_thread_in_native, id=18756, stack(0x000000a831000000,0x000000a831100000)]
  0x000002369cc36320 JavaThread "DestroyJavaVM" [_thread_blocked, id=20872, stack(0x000000a82f900000,0x000000a82fa00000)]
  0x00000236be0693a0 JavaThread "TimerQueue" daemon [_thread_blocked, id=12580, stack(0x000000a831100000,0x000000a831200000)]
  0x00000236be06a730 JavaThread "Java Sound Event Dispatcher" daemon [_thread_blocked, id=3064, stack(0x000000a831200000,0x000000a831300000)]
  0x00000236beb876d0 JavaThread "Thread-1" [_thread_in_native, id=15832, stack(0x000000a831600000,0x000000a831700000)]

Other Threads:
  0x00000236bd60d350 VMThread "VM Thread" [stack: 0x000000a82ff00000,0x000000a830000000] [id=23960]
  0x00000236be099070 WatcherThread [stack: 0x000000a830900000,0x000000a830a00000] [id=3120]
  0x000002369cc75e60 GCTaskThread "GC Thread#0" [stack: 0x000000a82fa00000,0x000000a82fb00000] [id=18912]
  0x00000236c0c76bb0 GCTaskThread "GC Thread#1" [stack: 0x000000a831a00000,0x000000a831b00000] [id=9164]
  0x00000236c0c77210 GCTaskThread "GC Thread#2" [stack: 0x000000a831b00000,0x000000a831c00000] [id=3028]
  0x00000236c0c75ef0 GCTaskThread "GC Thread#3" [stack: 0x000000a831c00000,0x000000a831d00000] [id=5036]
  0x00000236c0c76220 GCTaskThread "GC Thread#4" [stack: 0x000000a831d00000,0x000000a831e00000] [id=22300]
  0x00000236c0c78200 GCTaskThread "GC Thread#5" [stack: 0x000000a831e00000,0x000000a831f00000] [id=6564]
  0x00000236c0c76550 GCTaskThread "GC Thread#6" [stack: 0x000000a831f00000,0x000000a832000000] [id=2960]
  0x00000236c0c77870 GCTaskThread "GC Thread#7" [stack: 0x000000a832000000,0x000000a832100000] [id=12900]
  0x000002369cc880b0 ConcurrentGCThread "G1 Main Marker" [stack: 0x000000a82fb00000,0x000000a82fc00000] [id=6004]
  0x000002369cc88ab0 ConcurrentGCThread "G1 Conc#0" [stack: 0x000000a82fc00000,0x000000a82fd00000] [id=22592]
  0x00000236c0c75230 ConcurrentGCThread "G1 Conc#1" [stack: 0x000000a832100000,0x000000a832200000] [id=16856]
  0x000002369cd00c20 ConcurrentGCThread "G1 Refine#0" [stack: 0x000000a82fd00000,0x000000a82fe00000] [id=14572]
  0x00000236bd490740 ConcurrentGCThread "G1 Young RemSet Sampling" [stack: 0x000000a82fe00000,0x000000a82ff00000] [id=13712]

Threads with active compile tasks:

VM state: not at safepoint (normal execution)

VM Mutex/Monitor currently owned by a thread: None

Heap address: 0x0000000082600000, size: 2010 MB, Compressed Oops mode: 32-bit
CDS archive(s) mapped at: [0x0000000800000000-0x0000000800b50000-0x0000000800b50000), size 11862016, SharedBaseAddress: 0x0000000800000000, ArchiveRelocationMode: 0.
Compressed class space mapped at: 0x0000000800b50000-0x0000000840b50000, size: 1073741824
Narrow klass base: 0x0000000800000000, Narrow klass shift: 3, Narrow klass range: 0x100000000

GC Precious Log:
 CPUs: 8 total, 8 available
 Memory: 8033M
 Large Page Support: Disabled
 NUMA Support: Disabled
 Compressed Oops: Enabled (32-bit)
 Heap Region Size: 1M
 Heap Min Capacity: 8M
 Heap Initial Capacity: 126M
 Heap Max Capacity: 2010M
 Pre-touch: Disabled
 Parallel Workers: 8
 Concurrent Workers: 2
 Concurrent Refinement Workers: 8
 Periodic GC: Disabled

Heap:
 garbage-first heap   total 143360K, used 89063K [0x0000000082600000, 0x0000000100000000)
  region size 1024K, 11 young (11264K), 1 survivors (1024K)
 Metaspace       used 10553K, capacity 10724K, committed 11008K, reserved 1058816K
  class space    used 1086K, capacity 1170K, committed 1280K, reserved 1048576K

Heap Regions: E=young(eden), S=young(survivor), O=old, HS=humongous(starts), HC=humongous(continues), CS=collection set, F=free, OA=open archive, CA=closed archive, TAMS=top-at-mark-start (previous, next)
|   0|0x0000000082600000, 0x0000000082700000, 0x0000000082700000|100%|HS|  |TAMS 0x0000000082700000, 0x0000000082600000| Complete 
|   1|0x0000000082700000, 0x0000000082800000, 0x0000000082800000|100%|HC|  |TAMS 0x0000000082800000, 0x0000000082700000| Complete 
|   2|0x0000000082800000, 0x0000000082900000, 0x0000000082900000|100%|HS|  |TAMS 0x0000000082900000, 0x0000000082800000| Complete 
|   3|0x0000000082900000, 0x0000000082a00000, 0x0000000082a00000|100%|HC|  |TAMS 0x0000000082a00000, 0x0000000082900000| Complete 
|   4|0x0000000082a00000, 0x0000000082b00000, 0x0000000082b00000|100%|HC|  |TAMS 0x0000000082b00000, 0x0000000082a00000| Complete 
|   5|0x0000000082b00000, 0x0000000082c00000, 0x0000000082c00000|100%|HC|  |TAMS 0x0000000082c00000, 0x0000000082b00000| Complete 
|   6|0x0000000082c00000, 0x0000000082d00000, 0x0000000082d00000|100%|HS|  |TAMS 0x0000000082c00000, 0x0000000082c00000| Complete 
|   7|0x0000000082d00000, 0x0000000082e00000, 0x0000000082e00000|100%|HC|  |TAMS 0x0000000082d00000, 0x0000000082d00000| Complete 
|   8|0x0000000082e00000, 0x0000000082f00000, 0x0000000082f00000|100%|HC|  |TAMS 0x0000000082e00000, 0x0000000082e00000| Complete 
|   9|0x0000000082f00000, 0x0000000083000000, 0x0000000083000000|100%|HC|  |TAMS 0x0000000082f00000, 0x0000000082f00000| Complete 
|  10|0x0000000083000000, 0x0000000083100000, 0x0000000083100000|100%|HC|  |TAMS 0x0000000083000000, 0x0000000083000000| Complete 
|  11|0x0000000083100000, 0x0000000083200000, 0x0000000083200000|100%|HC|  |TAMS 0x0000000083100000, 0x0000000083100000| Complete 
|  12|0x0000000083200000, 0x0000000083206a00, 0x0000000083300000|  2%| O|  |TAMS 0x0000000083206a00, 0x0000000083200000| Complete 
|  13|0x0000000083300000, 0x0000000083400000, 0x0000000083400000|100%|HS|  |TAMS 0x0000000083400000, 0x0000000083300000| Complete 
|  14|0x0000000083400000, 0x0000000083500000, 0x0000000083500000|100%|HC|  |TAMS 0x0000000083500000, 0x0000000083400000| Complete 
|  15|0x0000000083500000, 0x0000000083600000, 0x0000000083600000|100%|HC|  |TAMS 0x0000000083600000, 0x0000000083500000| Complete 
|  16|0x0000000083600000, 0x0000000083700000, 0x0000000083700000|100%|HC|  |TAMS 0x0000000083700000, 0x0000000083600000| Complete 
|  17|0x0000000083700000, 0x0000000083800000, 0x0000000083800000|100%|HC|  |TAMS 0x0000000083800000, 0x0000000083700000| Complete 
|  18|0x0000000083800000, 0x0000000083900000, 0x0000000083900000|100%|HC|  |TAMS 0x0000000083900000, 0x0000000083800000| Complete 
|  19|0x0000000083900000, 0x0000000083a00000, 0x0000000083a00000|100%|HS|  |TAMS 0x0000000083900000, 0x0000000083900000| Complete 
|  20|0x0000000083a00000, 0x0000000083b00000, 0x0000000083b00000|100%|HC|  |TAMS 0x0000000083a00000, 0x0000000083a00000| Complete 
|  21|0x0000000083b00000, 0x0000000083c00000, 0x0000000083c00000|100%|HC|  |TAMS 0x0000000083b00000, 0x0000000083b00000| Complete 
|  22|0x0000000083c00000, 0x0000000083d00000, 0x0000000083d00000|100%|HC|  |TAMS 0x0000000083c00000, 0x0000000083c00000| Complete 
|  23|0x0000000083d00000, 0x0000000083e00000, 0x0000000083e00000|100%|HC|  |TAMS 0x0000000083d00000, 0x0000000083d00000| Complete 
|  24|0x0000000083e00000, 0x0000000083f00000, 0x0000000083f00000|100%|HC|  |TAMS 0x0000000083e00000, 0x0000000083e00000| Complete 
|  25|0x0000000083f00000, 0x0000000084000000, 0x0000000084000000|100%|HC|  |TAMS 0x0000000083f00000, 0x0000000083f00000| Complete 
|  26|0x0000000084000000, 0x0000000084100000, 0x0000000084100000|100%|HC|  |TAMS 0x0000000084000000, 0x0000000084000000| Complete 
|  27|0x0000000084100000, 0x0000000084200000, 0x0000000084200000|100%|HS|  |TAMS 0x0000000084100000, 0x0000000084100000| Complete 
|  28|0x0000000084200000, 0x0000000084300000, 0x0000000084300000|100%|HC|  |TAMS 0x0000000084200000, 0x0000000084200000| Complete 
|  29|0x0000000084300000, 0x0000000084400000, 0x0000000084400000|100%|HC|  |TAMS 0x0000000084300000, 0x0000000084300000| Complete 
|  30|0x0000000084400000, 0x0000000084500000, 0x0000000084500000|100%|HC|  |TAMS 0x0000000084400000, 0x0000000084400000| Complete 
|  31|0x0000000084500000, 0x000000008451b000, 0x0000000084600000| 10%| O|  |TAMS 0x000000008451b000, 0x0000000084500000| Complete 
|  32|0x0000000084600000, 0x0000000084700000, 0x0000000084700000|100%|HS|  |TAMS 0x0000000084700000, 0x0000000084600000| Complete 
|  33|0x0000000084700000, 0x0000000084800000, 0x0000000084800000|100%|HC|  |TAMS 0x0000000084800000, 0x0000000084700000| Complete 
|  34|0x0000000084800000, 0x0000000084900000, 0x0000000084900000|100%|HC|  |TAMS 0x0000000084900000, 0x0000000084800000| Complete 
|  35|0x0000000084900000, 0x0000000084a00000, 0x0000000084a00000|100%|HC|  |TAMS 0x0000000084a00000, 0x0000000084900000| Complete 
|  36|0x0000000084a00000, 0x0000000084b00000, 0x0000000084b00000|100%|HC|  |TAMS 0x0000000084b00000, 0x0000000084a00000| Complete 
|  37|0x0000000084b00000, 0x0000000084c00000, 0x0000000084c00000|100%|HC|  |TAMS 0x0000000084c00000, 0x0000000084b00000| Complete 
|  38|0x0000000084c00000, 0x0000000084d00000, 0x0000000084d00000|100%|HC|  |TAMS 0x0000000084d00000, 0x0000000084c00000| Complete 
|  39|0x0000000084d00000, 0x0000000084e00000, 0x0000000084e00000|100%|HC|  |TAMS 0x0000000084e00000, 0x0000000084d00000| Complete 
|  40|0x0000000084e00000, 0x0000000084e03a00, 0x0000000084f00000|  1%| O|  |TAMS 0x0000000084e03a00, 0x0000000084e00000| Complete 
|  41|0x0000000084f00000, 0x0000000084f05c00, 0x0000000085000000|  2%| O|  |TAMS 0x0000000084f05c00, 0x0000000084f00000| Complete 
|  42|0x0000000085000000, 0x0000000085002c00, 0x0000000085100000|  1%| O|  |TAMS 0x0000000085001a00, 0x0000000085000000| Complete 
|  43|0x0000000085100000, 0x0000000085100000, 0x0000000085200000|  0%| F|  |TAMS 0x0000000085100000, 0x0000000085100000| Untracked 
|  44|0x0000000085200000, 0x0000000085200000, 0x0000000085300000|  0%| F|  |TAMS 0x0000000085200000, 0x0000000085200000| Untracked 
|  45|0x0000000085300000, 0x0000000085301c00, 0x0000000085400000|  0%| O|  |TAMS 0x0000000085301c00, 0x0000000085300000| Complete 
|  46|0x0000000085400000, 0x0000000085401c00, 0x0000000085500000|  0%| O|  |TAMS 0x0000000085401c00, 0x0000000085400000| Complete 
|  47|0x0000000085500000, 0x0000000085500000, 0x0000000085600000|  0%| F|  |TAMS 0x0000000085500000, 0x0000000085500000| Untracked 
|  48|0x0000000085600000, 0x0000000085602800, 0x0000000085700000|  0%| O|  |TAMS 0x0000000085602800, 0x0000000085600000| Complete 
|  49|0x0000000085700000, 0x0000000085800000, 0x0000000085800000|100%|HS|  |TAMS 0x0000000085700000, 0x0000000085700000| Complete 
|  50|0x0000000085800000, 0x0000000085900000, 0x0000000085900000|100%|HC|  |TAMS 0x0000000085800000, 0x0000000085800000| Complete 
|  51|0x0000000085900000, 0x0000000085a00000, 0x0000000085a00000|100%|HC|  |TAMS 0x0000000085900000, 0x0000000085900000| Complete 
|  52|0x0000000085a00000, 0x0000000085b00000, 0x0000000085b00000|100%|HC|  |TAMS 0x0000000085a00000, 0x0000000085a00000| Complete 
|  53|0x0000000085b00000, 0x0000000085c00000, 0x0000000085c00000|100%|HC|  |TAMS 0x0000000085b00000, 0x0000000085b00000| Complete 
|  54|0x0000000085c00000, 0x0000000085d00000, 0x0000000085d00000|100%|HC|  |TAMS 0x0000000085c00000, 0x0000000085c00000| Complete 
|  55|0x0000000085d00000, 0x0000000085d00000, 0x0000000085e00000|  0%| F|  |TAMS 0x0000000085d00000, 0x0000000085d00000| Untracked 
|  56|0x0000000085e00000, 0x0000000085f00000, 0x0000000085f00000|100%| O|  |TAMS 0x0000000085f00000, 0x0000000085e00000| Untracked 
|  57|0x0000000085f00000, 0x0000000086000000, 0x0000000086000000|100%|HS|  |TAMS 0x0000000085f00000, 0x0000000085f00000| Complete 
|  58|0x0000000086000000, 0x0000000086100000, 0x0000000086100000|100%|HC|  |TAMS 0x0000000086000000, 0x0000000086000000| Complete 
|  59|0x0000000086100000, 0x0000000086200000, 0x0000000086200000|100%|HC|  |TAMS 0x0000000086100000, 0x0000000086100000| Complete 
|  60|0x0000000086200000, 0x0000000086300000, 0x0000000086300000|100%|HC|  |TAMS 0x0000000086200000, 0x0000000086200000| Complete 
|  61|0x0000000086300000, 0x0000000086400000, 0x0000000086400000|100%|HC|  |TAMS 0x0000000086300000, 0x0000000086300000| Complete 
|  62|0x0000000086400000, 0x0000000086500000, 0x0000000086500000|100%|HC|  |TAMS 0x0000000086400000, 0x0000000086400000| Complete 
|  63|0x0000000086500000, 0x0000000086600000, 0x0000000086600000|100%|HC|  |TAMS 0x0000000086500000, 0x0000000086500000| Complete 
|  64|0x0000000086600000, 0x0000000086700000, 0x0000000086700000|100%|HC|  |TAMS 0x0000000086600000, 0x0000000086600000| Complete 
|  65|0x0000000086700000, 0x0000000086800000, 0x0000000086800000|100%| O|  |TAMS 0x0000000086800000, 0x0000000086700000| Complete 
|  66|0x0000000086800000, 0x0000000086900000, 0x0000000086900000|100%| O|  |TAMS 0x0000000086900000, 0x0000000086800000| Untracked 
|  67|0x0000000086900000, 0x00000000869c3800, 0x0000000086a00000| 76%| O|  |TAMS 0x00000000869c3800, 0x0000000086900000| Complete 
|  68|0x0000000086a00000, 0x0000000086b00000, 0x0000000086b00000|100%|HS|  |TAMS 0x0000000086a00000, 0x0000000086a00000| Complete 
|  69|0x0000000086b00000, 0x0000000086c00000, 0x0000000086c00000|100%|HC|  |TAMS 0x0000000086b00000, 0x0000000086b00000| Complete 
|  70|0x0000000086c00000, 0x0000000086d00000, 0x0000000086d00000|100%|HC|  |TAMS 0x0000000086c00000, 0x0000000086c00000| Complete 
|  71|0x0000000086d00000, 0x0000000086e00000, 0x0000000086e00000|100%|HC|  |TAMS 0x0000000086d00000, 0x0000000086d00000| Complete 
|  72|0x0000000086e00000, 0x0000000086f00000, 0x0000000086f00000|100%|HS|  |TAMS 0x0000000086e00000, 0x0000000086e00000| Complete 
|  73|0x0000000086f00000, 0x0000000087000000, 0x0000000087000000|100%|HC|  |TAMS 0x0000000086f00000, 0x0000000086f00000| Complete 
|  74|0x0000000087000000, 0x0000000087100000, 0x0000000087100000|100%|HC|  |TAMS 0x0000000087000000, 0x0000000087000000| Complete 
|  75|0x0000000087100000, 0x0000000087200000, 0x0000000087200000|100%|HC|  |TAMS 0x0000000087100000, 0x0000000087100000| Complete 
|  76|0x0000000087200000, 0x0000000087300000, 0x0000000087300000|100%|HC|  |TAMS 0x0000000087200000, 0x0000000087200000| Complete 
|  77|0x0000000087300000, 0x0000000087400000, 0x0000000087400000|100%|HC|  |TAMS 0x0000000087300000, 0x0000000087300000| Complete 
|  78|0x0000000087400000, 0x0000000087500000, 0x0000000087500000|100%|HC|  |TAMS 0x0000000087400000, 0x0000000087400000| Complete 
|  79|0x0000000087500000, 0x0000000087600000, 0x0000000087600000|100%|HC|  |TAMS 0x0000000087500000, 0x0000000087500000| Complete 
|  80|0x0000000087600000, 0x0000000087700000, 0x0000000087700000|100%|HS|  |TAMS 0x0000000087600000, 0x0000000087600000| Complete 
|  81|0x0000000087700000, 0x0000000087800000, 0x0000000087800000|100%|HC|  |TAMS 0x0000000087700000, 0x0000000087700000| Complete 
|  82|0x0000000087800000, 0x0000000087900000, 0x0000000087900000|100%|HC|  |TAMS 0x0000000087800000, 0x0000000087800000| Complete 
|  83|0x0000000087900000, 0x0000000087a00000, 0x0000000087a00000|100%|HC|  |TAMS 0x0000000087900000, 0x0000000087900000| Complete 
|  84|0x0000000087a00000, 0x0000000087b00000, 0x0000000087b00000|100%|HC|  |TAMS 0x0000000087a00000, 0x0000000087a00000| Complete 
|  85|0x0000000087b00000, 0x0000000087c00000, 0x0000000087c00000|100%|HC|  |TAMS 0x0000000087b00000, 0x0000000087b00000| Complete 
|  86|0x0000000087c00000, 0x0000000087d00000, 0x0000000087d00000|100%|HS|  |TAMS 0x0000000087c00000, 0x0000000087c00000| Complete 
|  87|0x0000000087d00000, 0x0000000087e00000, 0x0000000087e00000|100%|HC|  |TAMS 0x0000000087d00000, 0x0000000087d00000| Complete 
|  88|0x0000000087e00000, 0x0000000087f00000, 0x0000000087f00000|100%|HC|  |TAMS 0x0000000087e00000, 0x0000000087e00000| Complete 
|  89|0x0000000087f00000, 0x0000000088000000, 0x0000000088000000|100%|HC|  |TAMS 0x0000000087f00000, 0x0000000087f00000| Complete 
|  90|0x0000000088000000, 0x0000000088000000, 0x0000000088100000|  0%| F|  |TAMS 0x0000000088000000, 0x0000000088000000| Untracked 
|  91|0x0000000088100000, 0x0000000088100000, 0x0000000088200000|  0%| F|  |TAMS 0x0000000088100000, 0x0000000088100000| Untracked 
|  92|0x0000000088200000, 0x0000000088200000, 0x0000000088300000|  0%| F|  |TAMS 0x0000000088200000, 0x0000000088200000| Untracked 
|  93|0x0000000088300000, 0x0000000088300000, 0x0000000088400000|  0%| F|  |TAMS 0x0000000088300000, 0x0000000088300000| Untracked 
|  94|0x0000000088400000, 0x0000000088400000, 0x0000000088500000|  0%| F|  |TAMS 0x0000000088400000, 0x0000000088400000| Untracked 
|  95|0x0000000088500000, 0x0000000088500000, 0x0000000088600000|  0%| F|  |TAMS 0x0000000088500000, 0x0000000088500000| Untracked 
|  96|0x0000000088600000, 0x0000000088600000, 0x0000000088700000|  0%| F|  |TAMS 0x0000000088600000, 0x0000000088600000| Untracked 
|  97|0x0000000088700000, 0x0000000088700000, 0x0000000088800000|  0%| F|  |TAMS 0x0000000088700000, 0x0000000088700000| Untracked 
|  98|0x0000000088800000, 0x0000000088800000, 0x0000000088900000|  0%| F|  |TAMS 0x0000000088800000, 0x0000000088800000| Untracked 
|  99|0x0000000088900000, 0x0000000088900000, 0x0000000088a00000|  0%| F|  |TAMS 0x0000000088900000, 0x0000000088900000| Untracked 
| 100|0x0000000088a00000, 0x0000000088a00000, 0x0000000088b00000|  0%| F|  |TAMS 0x0000000088a00000, 0x0000000088a00000| Untracked 
| 101|0x0000000088b00000, 0x0000000088b00000, 0x0000000088c00000|  0%| F|  |TAMS 0x0000000088b00000, 0x0000000088b00000| Untracked 
| 102|0x0000000088c00000, 0x0000000088c00000, 0x0000000088d00000|  0%| F|  |TAMS 0x0000000088c00000, 0x0000000088c00000| Untracked 
| 103|0x0000000088d00000, 0x0000000088d00000, 0x0000000088e00000|  0%| F|  |TAMS 0x0000000088d00000, 0x0000000088d00000| Untracked 
| 104|0x0000000088e00000, 0x0000000088e00000, 0x0000000088f00000|  0%| F|  |TAMS 0x0000000088e00000, 0x0000000088e00000| Untracked 
| 105|0x0000000088f00000, 0x0000000088f00000, 0x0000000089000000|  0%| F|  |TAMS 0x0000000088f00000, 0x0000000088f00000| Untracked 
| 106|0x0000000089000000, 0x0000000089000000, 0x0000000089100000|  0%| F|  |TAMS 0x0000000089000000, 0x0000000089000000| Untracked 
| 107|0x0000000089100000, 0x0000000089100000, 0x0000000089200000|  0%| F|  |TAMS 0x0000000089100000, 0x0000000089100000| Untracked 
| 108|0x0000000089200000, 0x0000000089200000, 0x0000000089300000|  0%| F|  |TAMS 0x0000000089200000, 0x0000000089200000| Untracked 
| 109|0x0000000089300000, 0x0000000089300000, 0x0000000089400000|  0%| F|  |TAMS 0x0000000089300000, 0x0000000089300000| Untracked 
| 110|0x0000000089400000, 0x0000000089400000, 0x0000000089500000|  0%| F|  |TAMS 0x0000000089400000, 0x0000000089400000| Untracked 
| 111|0x0000000089500000, 0x0000000089500000, 0x0000000089600000|  0%| F|  |TAMS 0x0000000089500000, 0x0000000089500000| Untracked 
| 112|0x0000000089600000, 0x0000000089600000, 0x0000000089700000|  0%| F|  |TAMS 0x0000000089600000, 0x0000000089600000| Untracked 
| 113|0x0000000089700000, 0x0000000089700000, 0x0000000089800000|  0%| F|  |TAMS 0x0000000089700000, 0x0000000089700000| Untracked 
| 114|0x0000000089800000, 0x0000000089800000, 0x0000000089900000|  0%| F|  |TAMS 0x0000000089800000, 0x0000000089800000| Untracked 
| 115|0x0000000089900000, 0x0000000089900000, 0x0000000089a00000|  0%| F|  |TAMS 0x0000000089900000, 0x0000000089900000| Untracked 
| 116|0x0000000089a00000, 0x0000000089a00000, 0x0000000089b00000|  0%| F|  |TAMS 0x0000000089a00000, 0x0000000089a00000| Untracked 
| 117|0x0000000089b00000, 0x0000000089b00000, 0x0000000089c00000|  0%| F|  |TAMS 0x0000000089b00000, 0x0000000089b00000| Untracked 
| 118|0x0000000089c00000, 0x0000000089c00000, 0x0000000089d00000|  0%| F|  |TAMS 0x0000000089c00000, 0x0000000089c00000| Untracked 
| 119|0x0000000089d00000, 0x0000000089d00000, 0x0000000089e00000|  0%| F|  |TAMS 0x0000000089d00000, 0x0000000089d00000| Untracked 
| 120|0x0000000089e00000, 0x0000000089e00000, 0x0000000089f00000|  0%| F|  |TAMS 0x0000000089e00000, 0x0000000089e00000| Untracked 
| 121|0x0000000089f00000, 0x0000000089f00000, 0x000000008a000000|  0%| F|  |TAMS 0x0000000089f00000, 0x0000000089f00000| Untracked 
| 122|0x000000008a000000, 0x000000008a000000, 0x000000008a100000|  0%| F|  |TAMS 0x000000008a000000, 0x000000008a000000| Untracked 
| 123|0x000000008a100000, 0x000000008a100000, 0x000000008a200000|  0%| F|  |TAMS 0x000000008a100000, 0x000000008a100000| Untracked 
| 124|0x000000008a200000, 0x000000008a200000, 0x000000008a300000|  0%| F|  |TAMS 0x000000008a200000, 0x000000008a200000| Untracked 
| 125|0x000000008a300000, 0x000000008a300000, 0x000000008a400000|  0%| F|  |TAMS 0x000000008a300000, 0x000000008a300000| Untracked 
| 126|0x000000008a400000, 0x000000008a400000, 0x000000008a500000|  0%| F|  |TAMS 0x000000008a400000, 0x000000008a400000| Untracked 
| 127|0x000000008a500000, 0x000000008a500000, 0x000000008a600000|  0%| F|  |TAMS 0x000000008a500000, 0x000000008a500000| Untracked 
| 128|0x000000008a600000, 0x000000008a600000, 0x000000008a700000|  0%| F|  |TAMS 0x000000008a600000, 0x000000008a600000| Untracked 
| 129|0x000000008a700000, 0x000000008a800000, 0x000000008a800000|100%| E|  |TAMS 0x000000008a700000, 0x000000008a700000| Complete 
| 130|0x000000008a800000, 0x000000008a900000, 0x000000008a900000|100%| E|CS|TAMS 0x000000008a800000, 0x000000008a800000| Complete 
| 131|0x000000008a900000, 0x000000008aa00000, 0x000000008aa00000|100%| E|CS|TAMS 0x000000008a900000, 0x000000008a900000| Complete 
| 132|0x000000008aa00000, 0x000000008ab00000, 0x000000008ab00000|100%| E|CS|TAMS 0x000000008aa00000, 0x000000008aa00000| Complete 
| 133|0x000000008ab00000, 0x000000008ac00000, 0x000000008ac00000|100%| E|CS|TAMS 0x000000008ab00000, 0x000000008ab00000| Complete 
| 134|0x000000008ac00000, 0x000000008ad00000, 0x000000008ad00000|100%| E|CS|TAMS 0x000000008ac00000, 0x000000008ac00000| Complete 
| 135|0x000000008ad00000, 0x000000008ae00000, 0x000000008ae00000|100%| E|CS|TAMS 0x000000008ad00000, 0x000000008ad00000| Complete 
| 136|0x000000008ae00000, 0x000000008af00000, 0x000000008af00000|100%| E|CS|TAMS 0x000000008ae00000, 0x000000008ae00000| Complete 
| 137|0x000000008af00000, 0x000000008b000000, 0x000000008b000000|100%| E|CS|TAMS 0x000000008af00000, 0x000000008af00000| Complete 
| 155|0x000000008c100000, 0x000000008c102850, 0x000000008c200000|  0%| S|CS|TAMS 0x000000008c100000, 0x000000008c100000| Complete 
| 160|0x000000008c600000, 0x000000008c700000, 0x000000008c700000|100%| E|CS|TAMS 0x000000008c600000, 0x000000008c600000| Complete 

Card table byte_map: [0x00000236b64b0000,0x00000236b68a0000] _byte_map_base: 0x00000236b609d000

Marking Bits (Prev, Next): (CMBitMap*) 0x000002369cc774b0, (CMBitMap*) 0x000002369cc77470
 Prev Bits: [0x00000236b8c00000, 0x00000236bab68000)
 Next Bits: [0x00000236b6c90000, 0x00000236b8bf8000)

Polling page: 0x000002369cd10000

Metaspace:

Usage:
  Non-class:      9.33 MB capacity,     9.25 MB (>99%) used,    71.14 KB ( <1%) free+waste,    15.88 KB ( <1%) overhead. 
      Class:      1.14 MB capacity,     1.06 MB ( 93%) used,    76.88 KB (  7%) free+waste,     6.25 KB ( <1%) overhead. 
       Both:     10.47 MB capacity,    10.31 MB ( 98%) used,   148.02 KB (  1%) free+waste,    22.12 KB ( <1%) overhead. 

Virtual space:
  Non-class space:       10.00 MB reserved,       9.50 MB ( 95%) committed 
      Class space:        1.00 GB reserved,       1.25 MB ( <1%) committed 
             Both:        1.01 GB reserved,      10.75 MB (  1%) committed 

Chunk freelists:
   Non-Class:  46.00 KB
       Class:  14.00 KB
        Both:  60.00 KB

MaxMetaspaceSize: 17179869184.00 GB
CompressedClassSpaceSize: 1.00 GB

CodeHeap 'non-profiled nmethods': size=120000Kb used=1185Kb max_used=1185Kb free=118814Kb
 bounds [0x00000236ae110000, 0x00000236ae380000, 0x00000236b5640000]
CodeHeap 'profiled nmethods': size=120000Kb used=3308Kb max_used=3308Kb free=116691Kb
 bounds [0x00000236a6be0000, 0x00000236a6f20000, 0x00000236ae110000]
CodeHeap 'non-nmethods': size=5760Kb used=1329Kb max_used=1442Kb free=4430Kb
 bounds [0x00000236a6640000, 0x00000236a68b0000, 0x00000236a6be0000]
 total_blobs=2648 nmethods=2012 adapters=549
 compilation: enabled
              stopped_count=0, restarted_count=0
 full_count=0

Compilation events (20 events):
Event: 14.084 Thread 0x00000236bd663920 2003       3       java.awt.Rectangle::getX (6 bytes)
Event: 14.084 Thread 0x00000236bd663920 nmethod 2003 0x00000236a6f18f90 code [0x00000236a6f19120, 0x00000236a6f19218]
Event: 14.127 Thread 0x00000236bd663920 2005       3       sun.awt.windows.WComponentPeer::postEvent (17 bytes)
Event: 14.127 Thread 0x00000236bd663920 nmethod 2005 0x00000236a6f19290 code [0x00000236a6f19480, 0x00000236a6f19ad8]
Event: 14.127 Thread 0x00000236bd663920 2006       3       sun.awt.windows.WWindowPeer::preprocessPostEvent (72 bytes)
Event: 14.127 Thread 0x00000236bd663920 nmethod 2006 0x00000236a6f19d10 code [0x00000236a6f19f00, 0x00000236a6f1a658]
Event: 14.155 Thread 0x00000236bd663920 2007       1       java.awt.image.ComponentSampleModel::getScanlineStride (5 bytes)
Event: 14.155 Thread 0x00000236bd663920 nmethod 2007 0x00000236ae237590 code [0x00000236ae237720, 0x00000236ae2377d8]
Event: 14.155 Thread 0x00000236bd663920 2008       1       java.awt.image.ComponentSampleModel::getPixelStride (5 bytes)
Event: 14.155 Thread 0x00000236bd663920 nmethod 2008 0x00000236ae237890 code [0x00000236ae237a20, 0x00000236ae237ad8]
Event: 14.156 Thread 0x00000236bd663920 2009       3       ch.qos.logback.classic.Logger::appendLoopOnAppenders (18 bytes)
Event: 14.157 Thread 0x00000236bd663920 nmethod 2009 0x00000236a6f1a790 code [0x00000236a6f1a940, 0x00000236a6f1aae8]
Event: 14.157 Thread 0x00000236bd663920 2011       3       java.util.Calendar::get (10 bytes)
Event: 14.157 Thread 0x00000236bd663920 nmethod 2011 0x00000236a6f1ab90 code [0x00000236a6f1ad40, 0x00000236a6f1afa8]
Event: 14.157 Thread 0x00000236bd663920 2010       1       ch.qos.logback.core.UnsynchronizedAppenderBase::isStarted (5 bytes)
Event: 14.157 Thread 0x00000236bd663920 nmethod 2010 0x00000236ae237b90 code [0x00000236ae237d20, 0x00000236ae237dd8]
Event: 14.157 Thread 0x00000236bd663920 2012       1       java.text.DontCareFieldPosition::getFieldDelegate (5 bytes)
Event: 14.157 Thread 0x00000236bd663920 nmethod 2012 0x00000236ae237e90 code [0x00000236ae238020, 0x00000236ae2380d8]
Event: 14.157 Thread 0x00000236bd663920 2013       1       com.xuggle.mediatool.AMediaCoderMixin::getUrl (5 bytes)
Event: 14.157 Thread 0x00000236bd663920 nmethod 2013 0x00000236ae238190 code [0x00000236ae238320, 0x00000236ae2383d8]

GC Heap History (20 events):
Event: 13.113 GC heap before
{Heap before GC invocations=110 (full 0):
 garbage-first heap   total 153600K, used 64450K [0x0000000082600000, 0x0000000100000000)
  region size 1024K, 5 young (5120K), 1 survivors (1024K)
 Metaspace       used 10517K, capacity 10724K, committed 11008K, reserved 1058816K
  class space    used 1084K, capacity 1170K, committed 1280K, reserved 1048576K
}
Event: 13.114 GC heap after
{Heap after GC invocations=111 (full 0):
 garbage-first heap   total 153600K, used 42955K [0x0000000082600000, 0x0000000100000000)
  region size 1024K, 1 young (1024K), 1 survivors (1024K)
 Metaspace       used 10517K, capacity 10724K, committed 11008K, reserved 1058816K
  class space    used 1084K, capacity 1170K, committed 1280K, reserved 1048576K
}
Event: 13.191 GC heap before
{Heap before GC invocations=112 (full 0):
 garbage-first heap   total 153600K, used 64459K [0x0000000082600000, 0x0000000100000000)
  region size 1024K, 5 young (5120K), 1 survivors (1024K)
 Metaspace       used 10519K, capacity 10724K, committed 11008K, reserved 1058816K
  class space    used 1084K, capacity 1170K, committed 1280K, reserved 1048576K
}
Event: 13.192 GC heap after
{Heap after GC invocations=113 (full 0):
 garbage-first heap   total 153600K, used 24519K [0x0000000082600000, 0x0000000100000000)
  region size 1024K, 1 young (1024K), 1 survivors (1024K)
 Metaspace       used 10519K, capacity 10724K, committed 11008K, reserved 1058816K
  class space    used 1084K, capacity 1170K, committed 1280K, reserved 1048576K
}
Event: 13.306 GC heap before
{Heap before GC invocations=114 (full 0):
 garbage-first heap   total 137216K, used 55239K [0x0000000082600000, 0x0000000100000000)
  region size 1024K, 6 young (6144K), 1 survivors (1024K)
 Metaspace       used 10519K, capacity 10724K, committed 11008K, reserved 1058816K
  class space    used 1084K, capacity 1170K, committed 1280K, reserved 1048576K
}
Event: 13.307 GC heap after
{Heap after GC invocations=115 (full 0):
 garbage-first heap   total 137216K, used 32721K [0x0000000082600000, 0x0000000100000000)
  region size 1024K, 1 young (1024K), 1 survivors (1024K)
 Metaspace       used 10519K, capacity 10724K, committed 11008K, reserved 1058816K
  class space    used 1084K, capacity 1170K, committed 1280K, reserved 1048576K
}
Event: 13.387 GC heap before
{Heap before GC invocations=116 (full 0):
 garbage-first heap   total 137216K, used 53201K [0x0000000082600000, 0x0000000100000000)
  region size 1024K, 4 young (4096K), 1 survivors (1024K)
 Metaspace       used 10519K, capacity 10724K, committed 11008K, reserved 1058816K
  class space    used 1084K, capacity 1170K, committed 1280K, reserved 1048576K
}
Event: 13.388 GC heap after
{Heap after GC invocations=117 (full 0):
 garbage-first heap   total 137216K, used 32726K [0x0000000082600000, 0x0000000100000000)
  region size 1024K, 1 young (1024K), 1 survivors (1024K)
 Metaspace       used 10519K, capacity 10724K, committed 11008K, reserved 1058816K
  class space    used 1084K, capacity 1170K, committed 1280K, reserved 1048576K
}
Event: 13.466 GC heap before
{Heap before GC invocations=118 (full 0):
 garbage-first heap   total 137216K, used 53206K [0x0000000082600000, 0x0000000100000000)
  region size 1024K, 4 young (4096K), 1 survivors (1024K)
 Metaspace       used 10520K, capacity 10724K, committed 11008K, reserved 1058816K
  class space    used 1084K, capacity 1170K, committed 1280K, reserved 1048576K
}
Event: 13.466 GC heap after
{Heap after GC invocations=119 (full 0):
 garbage-first heap   total 137216K, used 32728K [0x0000000082600000, 0x0000000100000000)
  region size 1024K, 1 young (1024K), 1 survivors (1024K)
 Metaspace       used 10520K, capacity 10724K, committed 11008K, reserved 1058816K
  class space    used 1084K, capacity 1170K, committed 1280K, reserved 1048576K
}
Event: 13.559 GC heap before
{Heap before GC invocations=120 (full 0):
 garbage-first heap   total 137216K, used 53208K [0x0000000082600000, 0x0000000100000000)
  region size 1024K, 4 young (4096K), 1 survivors (1024K)
 Metaspace       used 10521K, capacity 10724K, committed 11008K, reserved 1058816K
  class space    used 1084K, capacity 1170K, committed 1280K, reserved 1048576K
}
Event: 13.560 GC heap after
{Heap after GC invocations=121 (full 0):
 garbage-first heap   total 137216K, used 32727K [0x0000000082600000, 0x0000000100000000)
  region size 1024K, 1 young (1024K), 1 survivors (1024K)
 Metaspace       used 10521K, capacity 10724K, committed 11008K, reserved 1058816K
  class space    used 1084K, capacity 1170K, committed 1280K, reserved 1048576K
}
Event: 13.648 GC heap before
{Heap before GC invocations=122 (full 0):
 garbage-first heap   total 137216K, used 53207K [0x0000000082600000, 0x0000000100000000)
  region size 1024K, 4 young (4096K), 1 survivors (1024K)
 Metaspace       used 10526K, capacity 10724K, committed 11008K, reserved 1058816K
  class space    used 1084K, capacity 1170K, committed 1280K, reserved 1048576K
}
Event: 13.649 GC heap after
{Heap after GC invocations=123 (full 0):
 garbage-first heap   total 137216K, used 32733K [0x0000000082600000, 0x0000000100000000)
  region size 1024K, 1 young (1024K), 1 survivors (1024K)
 Metaspace       used 10526K, capacity 10724K, committed 11008K, reserved 1058816K
  class space    used 1084K, capacity 1170K, committed 1280K, reserved 1048576K
}
Event: 13.732 GC heap before
{Heap before GC invocations=124 (full 0):
 garbage-first heap   total 137216K, used 53213K [0x0000000082600000, 0x0000000100000000)
  region size 1024K, 4 young (4096K), 1 survivors (1024K)
 Metaspace       used 10526K, capacity 10724K, committed 11008K, reserved 1058816K
  class space    used 1084K, capacity 1170K, committed 1280K, reserved 1048576K
}
Event: 13.733 GC heap after
{Heap after GC invocations=125 (full 0):
 garbage-first heap   total 164864K, used 32734K [0x0000000082600000, 0x0000000100000000)
  region size 1024K, 1 young (1024K), 1 survivors (1024K)
 Metaspace       used 10526K, capacity 10724K, committed 11008K, reserved 1058816K
  class space    used 1084K, capacity 1170K, committed 1280K, reserved 1048576K
}
Event: 13.845 GC heap before
{Heap before GC invocations=126 (full 0):
 garbage-first heap   total 163840K, used 65502K [0x0000000082600000, 0x0000000100000000)
  region size 1024K, 6 young (6144K), 1 survivors (1024K)
 Metaspace       used 10528K, capacity 10724K, committed 11008K, reserved 1058816K
  class space    used 1084K, capacity 1170K, committed 1280K, reserved 1048576K
}
Event: 13.845 GC heap after
{Heap after GC invocations=127 (full 0):
 garbage-first heap   total 163840K, used 42980K [0x0000000082600000, 0x0000000100000000)
  region size 1024K, 1 young (1024K), 1 survivors (1024K)
 Metaspace       used 10528K, capacity 10724K, committed 11008K, reserved 1058816K
  class space    used 1084K, capacity 1170K, committed 1280K, reserved 1048576K
}
Event: 13.924 GC heap before
{Heap before GC invocations=128 (full 0):
 garbage-first heap   total 163840K, used 64484K [0x0000000082600000, 0x0000000100000000)
  region size 1024K, 5 young (5120K), 1 survivors (1024K)
 Metaspace       used 10530K, capacity 10724K, committed 11008K, reserved 1058816K
  class space    used 1084K, capacity 1170K, committed 1280K, reserved 1048576K
}
Event: 13.925 GC heap after
{Heap after GC invocations=129 (full 0):
 garbage-first heap   total 163840K, used 24551K [0x0000000082600000, 0x0000000100000000)
  region size 1024K, 1 young (1024K), 1 survivors (1024K)
 Metaspace       used 10530K, capacity 10724K, committed 11008K, reserved 1058816K
  class space    used 1084K, capacity 1170K, committed 1280K, reserved 1048576K
}

Deoptimization events (20 events):
Event: 9.276 Thread 0x00000236beb876d0 DEOPT PACKING pc=0x00000236ae1922c8 sp=0x000000a8316feaf0
Event: 9.276 Thread 0x00000236beb876d0 DEOPT UNPACKING pc=0x00000236a668e42f sp=0x000000a8316fea78 mode 2
Event: 9.277 Thread 0x00000236beb876d0 Uncommon trap: trap_request=0xffffffde fr.pc=0x00000236ae1922c8 relative=0x0000000000000128
Event: 9.277 Thread 0x00000236beb876d0 Uncommon trap: reason=class_check action=maybe_recompile pc=0x00000236ae1922c8 method=jdk.internal.misc.Unsafe.allocateUninitializedArray(Ljava/lang/Class;I)Ljava/lang/Object; @ 51 c2
Event: 9.277 Thread 0x00000236beb876d0 DEOPT PACKING pc=0x00000236ae1922c8 sp=0x000000a8316fecc0
Event: 9.277 Thread 0x00000236beb876d0 DEOPT UNPACKING pc=0x00000236a668e42f sp=0x000000a8316fec48 mode 2
Event: 9.278 Thread 0x00000236beb876d0 Uncommon trap: trap_request=0xffffffde fr.pc=0x00000236ae1922c8 relative=0x0000000000000128
Event: 9.278 Thread 0x00000236beb876d0 Uncommon trap: reason=class_check action=maybe_recompile pc=0x00000236ae1922c8 method=jdk.internal.misc.Unsafe.allocateUninitializedArray(Ljava/lang/Class;I)Ljava/lang/Object; @ 51 c2
Event: 9.278 Thread 0x00000236beb876d0 DEOPT PACKING pc=0x00000236ae1922c8 sp=0x000000a8316fe6e0
Event: 9.278 Thread 0x00000236beb876d0 DEOPT UNPACKING pc=0x00000236a668e42f sp=0x000000a8316fe668 mode 2
Event: 10.156 Thread 0x00000236bed39c70 DEOPT PACKING pc=0x00000236a6d93dfd sp=0x000000a8310fd110
Event: 10.156 Thread 0x00000236bed39c70 DEOPT UNPACKING pc=0x00000236a668e23f sp=0x000000a8310fc5e0 mode 0
Event: 10.230 Thread 0x00000236bed39c70 DEOPT PACKING pc=0x00000236a6d93dfd sp=0x000000a8310fd110
Event: 10.230 Thread 0x00000236bed39c70 DEOPT UNPACKING pc=0x00000236a668e23f sp=0x000000a8310fc5e0 mode 0
Event: 10.230 Thread 0x00000236bed39c70 DEOPT PACKING pc=0x00000236a6d93dfd sp=0x000000a8310fd110
Event: 10.230 Thread 0x00000236bed39c70 DEOPT UNPACKING pc=0x00000236a668e23f sp=0x000000a8310fc5e0 mode 0
Event: 10.232 Thread 0x00000236bed39c70 DEOPT PACKING pc=0x00000236a6d93dfd sp=0x000000a8310fd110
Event: 10.232 Thread 0x00000236bed39c70 DEOPT UNPACKING pc=0x00000236a668e23f sp=0x000000a8310fc5e0 mode 0
Event: 10.233 Thread 0x00000236bed39c70 DEOPT PACKING pc=0x00000236a6d93dfd sp=0x000000a8310fd110
Event: 10.233 Thread 0x00000236bed39c70 DEOPT UNPACKING pc=0x00000236a668e23f sp=0x000000a8310fc5e0 mode 0

Classes unloaded (0 events):
No events

Classes redefined (0 events):
No events

Internal exceptions (20 events):
Event: 14.149 Thread 0x00000236beb876d0 Exception <a 'java/io/FileNotFoundException'{0x000000008aae8df0}> (0x000000008aae8df0) 
thrown [./open/src/hotspot/share/prims/jni.cpp, line 578]
Event: 14.150 Thread 0x00000236beb876d0 Exception <a 'java/io/FileNotFoundException'{0x000000008aaec590}> (0x000000008aaec590) 
thrown [./open/src/hotspot/share/prims/jni.cpp, line 578]
Event: 14.150 Thread 0x00000236beb876d0 Exception <a 'java/io/FileNotFoundException'{0x000000008aaefd30}> (0x000000008aaefd30) 
thrown [./open/src/hotspot/share/prims/jni.cpp, line 578]
Event: 14.151 Thread 0x00000236beb876d0 Exception <a 'java/io/FileNotFoundException'{0x000000008aaf34d0}> (0x000000008aaf34d0) 
thrown [./open/src/hotspot/share/prims/jni.cpp, line 578]
Event: 14.151 Thread 0x00000236beb876d0 Exception <a 'java/io/FileNotFoundException'{0x000000008aaf6c70}> (0x000000008aaf6c70) 
thrown [./open/src/hotspot/share/prims/jni.cpp, line 578]
Event: 14.152 Thread 0x00000236beb876d0 Exception <a 'java/io/FileNotFoundException'{0x000000008aafa410}> (0x000000008aafa410) 
thrown [./open/src/hotspot/share/prims/jni.cpp, line 578]
Event: 14.152 Thread 0x00000236beb876d0 Exception <a 'java/io/FileNotFoundException'{0x000000008aafdbb0}> (0x000000008aafdbb0) 
thrown [./open/src/hotspot/share/prims/jni.cpp, line 578]
Event: 14.152 Thread 0x00000236beb876d0 Exception <a 'java/io/FileNotFoundException'{0x000000008a901820}> (0x000000008a901820) 
thrown [./open/src/hotspot/share/prims/jni.cpp, line 578]
Event: 14.153 Thread 0x00000236beb876d0 Exception <a 'java/io/FileNotFoundException'{0x000000008a904fc0}> (0x000000008a904fc0) 
thrown [./open/src/hotspot/share/prims/jni.cpp, line 578]
Event: 14.153 Thread 0x00000236beb876d0 Exception <a 'java/io/FileNotFoundException'{0x000000008a908760}> (0x000000008a908760) 
thrown [./open/src/hotspot/share/prims/jni.cpp, line 578]
Event: 14.154 Thread 0x00000236beb876d0 Exception <a 'java/io/FileNotFoundException'{0x000000008a90bf00}> (0x000000008a90bf00) 
thrown [./open/src/hotspot/share/prims/jni.cpp, line 578]
Event: 14.154 Thread 0x00000236beb876d0 Exception <a 'java/io/FileNotFoundException'{0x000000008a90f6a0}> (0x000000008a90f6a0) 
thrown [./open/src/hotspot/share/prims/jni.cpp, line 578]
Event: 14.154 Thread 0x00000236beb876d0 Exception <a 'java/io/FileNotFoundException'{0x000000008a912e40}> (0x000000008a912e40) 
thrown [./open/src/hotspot/share/prims/jni.cpp, line 578]
Event: 14.155 Thread 0x00000236beb876d0 Exception <a 'java/io/FileNotFoundException'{0x000000008a9165e0}> (0x000000008a9165e0) 
thrown [./open/src/hotspot/share/prims/jni.cpp, line 578]
Event: 14.155 Thread 0x00000236beb876d0 Exception <a 'java/io/FileNotFoundException'{0x000000008a919d80}> (0x000000008a919d80) 
thrown [./open/src/hotspot/share/prims/jni.cpp, line 578]
Event: 14.155 Thread 0x00000236beb876d0 Exception <a 'java/io/FileNotFoundException'{0x000000008a91d520}> (0x000000008a91d520) 
thrown [./open/src/hotspot/share/prims/jni.cpp, line 578]
Event: 14.156 Thread 0x00000236beb876d0 Exception <a 'java/io/FileNotFoundException'{0x000000008a920cc0}> (0x000000008a920cc0) 
thrown [./open/src/hotspot/share/prims/jni.cpp, line 578]
Event: 14.156 Thread 0x00000236beb876d0 Exception <a 'java/io/FileNotFoundException'{0x000000008a924460}> (0x000000008a924460) 
thrown [./open/src/hotspot/share/prims/jni.cpp, line 578]
Event: 14.157 Thread 0x00000236beb876d0 Exception <a 'java/io/FileNotFoundException'{0x000000008a927c00}> (0x000000008a927c00) 
thrown [./open/src/hotspot/share/prims/jni.cpp, line 578]
Event: 14.157 Thread 0x00000236beb876d0 Exception <a 'java/io/FileNotFoundException'{0x000000008a92b3a0}> (0x000000008a92b3a0) 
thrown [./open/src/hotspot/share/prims/jni.cpp, line 578]

Events (20 events):
Event: 13.739 Executing VM operation: G1Concurrent
Event: 13.739 Executing VM operation: G1Concurrent done
Event: 13.844 Executing VM operation: G1TryInitiateConcMark
Event: 13.845 Executing VM operation: G1TryInitiateConcMark done
Event: 13.851 Executing VM operation: G1Concurrent
Event: 13.851 Executing VM operation: G1Concurrent done
Event: 13.853 Executing VM operation: G1Concurrent
Event: 13.853 Executing VM operation: G1Concurrent done
Event: 13.924 Executing VM operation: G1TryInitiateConcMark
Event: 13.925 Executing VM operation: G1TryInitiateConcMark done
Event: 13.930 Executing VM operation: G1Concurrent
Event: 13.932 Executing VM operation: G1Concurrent done
Event: 13.934 Executing VM operation: G1Concurrent
Event: 13.935 Executing VM operation: G1Concurrent done
Event: 14.073 loading class javax/swing/ClientPropertyKey
Event: 14.079 loading class javax/swing/ClientPropertyKey done
Event: 14.079 loading class javax/swing/ClientPropertyKey$1
Event: 14.079 loading class sun/awt/AWTAccessor$ClientPropertyKeyAccessor
Event: 14.079 loading class sun/awt/AWTAccessor$ClientPropertyKeyAccessor done
Event: 14.079 loading class javax/swing/ClientPropertyKey$1 done


Dynamic libraries:
0x00007ff655bf0000 - 0x00007ff655bff000 	C:\Program Files\Java\jdk-15.0.2\bin\javaw.exe
0x00007ffb08290000 - 0x00007ffb08485000 	C:\WINDOWS\SYSTEM32\ntdll.dll
0x00007ffb06990000 - 0x00007ffb06a4d000 	C:\WINDOWS\System32\KERNEL32.DLL
0x00007ffb05e40000 - 0x00007ffb06109000 	C:\WINDOWS\System32\KERNELBASE.dll
0x00007ffb05b80000 - 0x00007ffb05c80000 	C:\WINDOWS\System32\ucrtbase.dll
0x00007ffaf4cc0000 - 0x00007ffaf4cd8000 	C:\Program Files\Java\jdk-15.0.2\bin\jli.dll
0x00007ffae9100000 - 0x00007ffae9119000 	C:\Program Files\Java\jdk-15.0.2\bin\VCRUNTIME140.dll
0x00007ffb07610000 - 0x00007ffb076bc000 	C:\WINDOWS\System32\ADVAPI32.dll
0x00007ffb06a60000 - 0x00007ffb06afe000 	C:\WINDOWS\System32\msvcrt.dll
0x00007ffb06b70000 - 0x00007ffb06c0c000 	C:\WINDOWS\System32\sechost.dll
0x00007ffb06730000 - 0x00007ffb0685b000 	C:\WINDOWS\System32\RPCRT4.dll
0x00007ffb06c10000 - 0x00007ffb06db0000 	C:\WINDOWS\System32\USER32.dll
0x00007ffb06110000 - 0x00007ffb06132000 	C:\WINDOWS\System32\win32u.dll
0x00007ffb07440000 - 0x00007ffb0746a000 	C:\WINDOWS\System32\GDI32.dll
0x00007ffae9750000 - 0x00007ffae99ea000 	C:\WINDOWS\WinSxS\amd64_microsoft.windows.common-controls_6595b64144ccf1df_6.0.19041.844_none_ca00b6081b84eb1d\COMCTL32.dll
0x00007ffb05d30000 - 0x00007ffb05e3b000 	C:\WINDOWS\System32\gdi32full.dll
0x00007ffb05ae0000 - 0x00007ffb05b7d000 	C:\WINDOWS\System32\msvcp_win.dll
0x00007ffb02f90000 - 0x00007ffb02f9a000 	C:\WINDOWS\SYSTEM32\VERSION.dll
0x00007ffb06620000 - 0x00007ffb06650000 	C:\WINDOWS\System32\IMM32.DLL
0x00007ffae5a30000 - 0x00007ffae5a3c000 	C:\Program Files\Java\jdk-15.0.2\bin\vcruntime140_1.dll
0x00007ffac6370000 - 0x00007ffac6401000 	C:\Program Files\Java\jdk-15.0.2\bin\msvcp140.dll
0x00007ffa9ad90000 - 0x00007ffa9b8ee000 	C:\Program Files\Java\jdk-15.0.2\bin\server\jvm.dll
0x00007ffb07430000 - 0x00007ffb07438000 	C:\WINDOWS\System32\PSAPI.DLL
0x00007ffb00e90000 - 0x00007ffb00e99000 	C:\WINDOWS\SYSTEM32\WSOCK32.dll
0x00007ffaea610000 - 0x00007ffaea637000 	C:\WINDOWS\SYSTEM32\WINMM.dll
0x00007ffb06b00000 - 0x00007ffb06b6b000 	C:\WINDOWS\System32\WS2_32.dll
0x00007ffb042b0000 - 0x00007ffb042c2000 	C:\WINDOWS\SYSTEM32\kernel.appcore.dll
0x00007ffae42e0000 - 0x00007ffae42ea000 	C:\Program Files\Java\jdk-15.0.2\bin\jimage.dll
0x00007ffb03fc0000 - 0x00007ffb041a4000 	C:\WINDOWS\SYSTEM32\DBGHELP.DLL
0x00007ffaebd70000 - 0x00007ffaebd9c000 	C:\WINDOWS\SYSTEM32\dbgcore.DLL
0x00007ffb05cb0000 - 0x00007ffb05d30000 	C:\WINDOWS\System32\bcryptPrimitives.dll
0x00007ffae1610000 - 0x00007ffae1635000 	C:\Program Files\Java\jdk-15.0.2\bin\java.dll
0x00007ffb076c0000 - 0x00007ffb07e02000 	C:\WINDOWS\System32\SHELL32.dll
0x00007ffb03830000 - 0x00007ffb03fc0000 	C:\WINDOWS\SYSTEM32\windows.storage.dll
0x00007ffb07e10000 - 0x00007ffb08165000 	C:\WINDOWS\System32\combase.dll
0x00007ffb05440000 - 0x00007ffb0546c000 	C:\WINDOWS\SYSTEM32\Wldp.dll
0x00007ffb06570000 - 0x00007ffb0661e000 	C:\WINDOWS\System32\SHCORE.dll
0x00007ffb07340000 - 0x00007ffb07395000 	C:\WINDOWS\System32\shlwapi.dll
0x00007ffb05910000 - 0x00007ffb0592f000 	C:\WINDOWS\SYSTEM32\profapi.dll
0x00007ffae1250000 - 0x00007ffae1269000 	C:\Program Files\Java\jdk-15.0.2\bin\net.dll
0x00007ffaf12e0000 - 0x00007ffaf13ec000 	C:\WINDOWS\SYSTEM32\WINHTTP.dll
0x00007ffb051c0000 - 0x00007ffb0522a000 	C:\WINDOWS\system32\mswsock.dll
0x00007ffae1230000 - 0x00007ffae1242000 	C:\Program Files\Java\jdk-15.0.2\bin\nio.dll
0x00007ffade9c0000 - 0x00007ffade9d8000 	C:\Program Files\Java\jdk-15.0.2\bin\zip.dll
0x00007ffab9470000 - 0x00007ffab95f0000 	C:\Program Files\Java\jdk-15.0.2\bin\awt.dll
0x00007ffb06650000 - 0x00007ffb0671d000 	C:\WINDOWS\System32\OLEAUT32.dll
0x00007ffb02b70000 - 0x00007ffb02c00000 	C:\WINDOWS\SYSTEM32\apphelp.dll
0x00007ffb032a0000 - 0x00007ffb032cf000 	C:\WINDOWS\system32\DWMAPI.DLL
0x00007ffb030b0000 - 0x00007ffb0314e000 	C:\WINDOWS\system32\uxtheme.dll
0x00007ffae84e0000 - 0x00007ffae8606000 	C:\WINDOWS\system32\opengl32.dll
0x00007ffafd4b0000 - 0x00007ffafd4dc000 	C:\WINDOWS\SYSTEM32\GLU32.dll
0x00007ffb074f0000 - 0x00007ffb07605000 	C:\WINDOWS\System32\MSCTF.dll
0x00007ffb06860000 - 0x00007ffb0698a000 	C:\WINDOWS\System32\ole32.dll
0x00007ffae42d0000 - 0x00007ffae42e0000 	C:\Program Files\Java\jdk-15.0.2\bin\verify.dll
0x00007ffb05390000 - 0x00007ffb053a8000 	C:\WINDOWS\SYSTEM32\CRYPTSP.dll
0x00007ffb04ae0000 - 0x00007ffb04b14000 	C:\WINDOWS\system32\rsaenh.dll
0x00007ffb05c80000 - 0x00007ffb05ca7000 	C:\WINDOWS\System32\bcrypt.dll
0x00007ffb058d0000 - 0x00007ffb058fe000 	C:\WINDOWS\SYSTEM32\USERENV.dll
0x00007ffb053b0000 - 0x00007ffb053bc000 	C:\WINDOWS\SYSTEM32\CRYPTBASE.dll
0x00007ffb04e60000 - 0x00007ffb04e9b000 	C:\WINDOWS\SYSTEM32\IPHLPAPI.DLL
0x00007ffb06a50000 - 0x00007ffb06a58000 	C:\WINDOWS\System32\NSI.dll
0x00007ffaf4a40000 - 0x00007ffaf4a57000 	C:\WINDOWS\SYSTEM32\dhcpcsvc6.DLL
0x00007ffaf6580000 - 0x00007ffaf659d000 	C:\WINDOWS\SYSTEM32\dhcpcsvc.DLL
0x00007ffb04ea0000 - 0x00007ffb04f6b000 	C:\WINDOWS\SYSTEM32\DNSAPI.dll
0x000000006e740000 - 0x00000000707f7000 	C:\Users\ahoff\AppData\Local\Temp\xuggle\xuggle16833502494066343370.dll
0x00007ffadcbf0000 - 0x00007ffadcbfc000 	C:\WINDOWS\SYSTEM32\Secur32.dll
0x00007ffade9a0000 - 0x00007ffade9b9000 	C:\WINDOWS\SYSTEM32\AVICAP32.dll
0x00007ffb05890000 - 0x00007ffb058cc000 	C:\WINDOWS\SYSTEM32\SSPICLI.DLL
0x00007ffade970000 - 0x00007ffade99b000 	C:\WINDOWS\SYSTEM32\MSVFW32.dll
0x00007ffad4c90000 - 0x00007ffad4ca1000 	C:\Program Files\Java\jdk-15.0.2\bin\jsound.dll
0x00007ffac1380000 - 0x00007ffac141c000 	C:\WINDOWS\SYSTEM32\DSOUND.dll
0x00007ffae0c60000 - 0x00007ffae0c86000 	C:\WINDOWS\SYSTEM32\winmmbase.dll
0x00007ffb04fe0000 - 0x00007ffb0502b000 	C:\WINDOWS\SYSTEM32\powrprof.dll
0x00007ffb04e40000 - 0x00007ffb04e52000 	C:\WINDOWS\SYSTEM32\UMPDC.dll
0x00007ffb064a0000 - 0x00007ffb06549000 	C:\WINDOWS\System32\clbcatq.dll
0x00007ffb004d0000 - 0x00007ffb00555000 	C:\WINDOWS\System32\MMDevApi.dll
0x00007ffb05780000 - 0x00007ffb057ac000 	C:\WINDOWS\System32\DEVOBJ.dll
0x00007ffb06140000 - 0x00007ffb0618e000 	C:\WINDOWS\System32\cfgmgr32.dll
0x00007ffac11a0000 - 0x00007ffac11e6000 	C:\WINDOWS\SYSTEM32\wdmaud.drv
0x00007ffb00600000 - 0x00007ffb0060a000 	C:\WINDOWS\SYSTEM32\AVRT.dll
0x00007ffb02f20000 - 0x00007ffb02f29000 	C:\WINDOWS\SYSTEM32\ksuser.dll
0x00007ffafff70000 - 0x00007ffb000f5000 	C:\WINDOWS\SYSTEM32\AUDIOSES.DLL
0x00007ffae42c0000 - 0x00007ffae42cd000 	C:\WINDOWS\SYSTEM32\msacm32.drv
0x00007ffacdfa0000 - 0x00007ffacdfbe000 	C:\WINDOWS\SYSTEM32\MSACM32.dll
0x00007ffae3f80000 - 0x00007ffae3f8b000 	C:\WINDOWS\SYSTEM32\midimap.dll
0x00007ffac0a60000 - 0x00007ffac0ae5000 	C:\Program Files\Java\jdk-15.0.2\bin\freetype.dll
0x00007ffaba9d0000 - 0x00007ffabaa79000 	C:\Program Files\Java\jdk-15.0.2\bin\fontmanager.dll
0x00007ffaec080000 - 0x00007ffaec17b000 	C:\WINDOWS\SYSTEM32\textinputframework.dll
0x00007ffb02860000 - 0x00007ffb02952000 	C:\WINDOWS\System32\CoreMessaging.dll
0x00007ffb02180000 - 0x00007ffb024de000 	C:\WINDOWS\System32\CoreUIComponents.dll
0x00007ffb04720000 - 0x00007ffb04753000 	C:\WINDOWS\SYSTEM32\ntmarta.dll
0x00007ffb011a0000 - 0x00007ffb012f4000 	C:\WINDOWS\SYSTEM32\wintypes.dll

dbghelp: loaded successfully - version: 4.0.5 - missing functions: none
symbol engine: initialized successfully - sym options: 0x614 - pdb path: .;C:\Program Files\Java\jdk-15.0.2\bin;C:\WINDOWS\SYSTEM32;C:\WINDOWS\WinSxS\amd64_microsoft.windows.common-controls_6595b64144ccf1df_6.0.19041.844_none_ca00b6081b84eb1d;C:\Program Files\Java\jdk-15.0.2\bin\server;C:\Users\ahoff\AppData\Local\Temp\xuggle

VM Arguments:
jvm_args: -Dfile.encoding=Cp1252 -XX:+ShowCodeDetailsInExceptionMessages 
java_command: RecordingApp.ScreenRecorder
java_class_path (initial): C:\Users\ahoff\Desktop\RecordApp\RecordingApp\lib\bin\main;C:\Users\ahoff\.gradle\caches\modules-2\files-2.1\org.apache.commons\commons-math3\3.6.1\e4ba98f1d4b3c80ec46392f25e094a6a2e58fcbf\commons-math3-3.6.1.jar;C:\Users\ahoff\.gradle\caches\modules-2\files-2.1\com.google.guava\guava\29.0-jre\801142b4c3d0f0770dd29abea50906cacfddd447\guava-29.0-jre.jar;C:\Users\ahoff\.gradle\caches\modules-2\files-2.1\xuggle\xuggle-xuggler-server-all\5.7.0-20210205.154804-12\36f70422f6b773c7ddc441728e775b972ce31f6\xuggle-xuggler-server-all-5.7.0-20210205.154804-12.jar;C:\Users\ahoff\.gradle\caches\modules-2\files-2.1\com.google.guava\failureaccess\1.0.1\1dcf1de382a0bf95a3d8b0849546c88bac1292c9\failureaccess-1.0.1.jar;C:\Users\ahoff\.gradle\caches\modules-2\files-2.1\com.google.guava\listenablefuture\9999.0-empty-to-avoid-conflict-with-guava\b421526c5f297295adef1c886e5246c39d4ac629\listenablefuture-9999.0-empty-to-avoid-conflict-with-guava.jar;C:\Users\ahoff\.gradle\caches\modules-2\files-2.1\com.google.code.findbugs\jsr305\3.0.2\25ea2e8b0c338a877313bd4672d3fe056ea78f0d\jsr305-3.0.2.jar;C:\Users\ahoff\.gradle\caches\modules-2\files-2.1\org.checkerframework\checker-qual\2.11.1\8c43bf8f99b841d23aadda6044329dad9b63c185\checker-qual-2.11.1.jar;C:\Users\ahoff\.gradle\caches\modules-2\files-2.1\com.google.errorprone\error_prone_annotations\2.3.4\dac170e4594de319655ffb62f41cbd6dbb5e601e\error_prone_annotations-2.3.4.jar;C:\Users\ahoff\.gradle\caches\modules-2\files-2.1\com.google.j2objc\j2objc-annotations\1.3\ba035118bc8bac37d7eff77700720999acd9986d\j2objc-annotations-1.3.jar;C:\Users\ahoff\.gradle\caches\modules-2\files-2.1\org.slf4j\slf4j-api\1.7.30\b5a4b6d16ab13e34a88fae84c35cd5d68cac922c\slf4j-api-1.7.30.jar;C:\Users\ahoff\.gradle\caches\modules-2\files-2.1\commons-cli\commons-cli\1.1\11c98b99ad538f2f67633afd4d7f4d98ecfbb408\commons-cli-1.1.jar;C:\Users\ahoff\.gradle\caches\modules-2\files-2.1\ch.qos.logback\logback-classic\1.0.0\2577f6b69bbab34bb55634a4500b
Launcher Type: SUN_STANDARD

[Global flags]
     intx CICompilerCount                          = 4                                         {product} {ergonomic}
     uint ConcGCThreads                            = 2                                         {product} {ergonomic}
     uint G1ConcRefinementThreads                  = 8                                         {product} {ergonomic}
   size_t G1HeapRegionSize                         = 1048576                                   {product} {ergonomic}
    uintx GCDrainStackTargetSize                   = 64                                        {product} {ergonomic}
   size_t InitialHeapSize                          = 132120576                                 {product} {ergonomic}
   size_t MarkStackSize                            = 4194304                                   {product} {ergonomic}
   size_t MaxHeapSize                              = 2107637760                                {product} {ergonomic}
   size_t MaxNewSize                               = 1264582656                                {product} {ergonomic}
   size_t MinHeapDeltaBytes                        = 1048576                                   {product} {ergonomic}
   size_t MinHeapSize                              = 8388608                                   {product} {ergonomic}
    uintx NonNMethodCodeHeapSize                   = 5839372                                {pd product} {ergonomic}
    uintx NonProfiledCodeHeapSize                  = 122909434                              {pd product} {ergonomic}
    uintx ProfiledCodeHeapSize                     = 122909434                              {pd product} {ergonomic}
    uintx ReservedCodeCacheSize                    = 251658240                              {pd product} {ergonomic}
     bool SegmentedCodeCache                       = true                                      {product} {ergonomic}
     bool ShowCodeDetailsInExceptionMessages       = true                                   {manageable} {command line}
   size_t SoftMaxHeapSize                          = 2107637760                             {manageable} {ergonomic}
     bool UseCompressedClassPointers               = true                                 {lp64_product} {ergonomic}
     bool UseCompressedOops                        = true                                 {lp64_product} {ergonomic}
     bool UseG1GC                                  = true                                      {product} {ergonomic}
     bool UseLargePagesIndividualAllocation        = false                                  {pd product} {ergonomic}

Logging:
Log output configuration:
 #0: stdout all=warning uptime,level,tags
 #1: stderr all=off uptime,level,tags

Environment Variables:
PATH=C:/Users/ahoff/.p2/pool/plugins/org.eclipse.justj.openjdk.hotspot.jre.full.win32.x86_64_15.0.1.v20201027-0507/jre/bin/server;C:/Users/ahoff/.p2/pool/plugins/org.eclipse.justj.openjdk.hotspot.jre.full.win32.x86_64_15.0.1.v20201027-0507/jre/bin;C:\Program Files\Common Files\Oracle\Java\javapath;C:\Program Files\VanDyke Software\Clients\;C:\windows\system32;C:\windows;C:\windows\System32\Wbem;C:\windows\System32\WindowsPowerShell\v1.0\;C:\windows\System32\OpenSSH\;C:\Program Files (x86)\NVIDIA Corporation\PhysX\Common;C:\Program Files\NVIDIA Corporation\NVIDIA NvDLISR;C:\Program Files\nodejs\;C:\WINDOWS\system32;C:\WINDOWS;C:\WINDOWS\System32\Wbem;C:\WINDOWS\System32\WindowsPowerShell\v1.0\;C:\WINDOWS\System32\OpenSSH\;C:\Program Files\Git\cmd;C:\ProgramData\chocolatey\bin;C:\Users\ahoff\AppData\Local\Microsoft\WindowsApps;C:\Users\ahoff\AppData\Local\Programs\Microsoft VS Code\bin;C:\Users\ahoff\AppData\Roaming\npm;C:\Program Files\heroku\bin;C:\MinGW\bin;C:\ProgramData\chocolatey\bin\;C:\Program Files\Java\jdk-15.0.2\bin;C:\Gradle\gradle-6.8.3-bin\gradle-6.8.3\bin;;C:\Users\ahoff\Desktop;
USERNAME=ahoff
OS=Windows_NT
PROCESSOR_IDENTIFIER=Intel64 Family 6 Model 158 Stepping 10, GenuineIntel



---------------  S Y S T E M  ---------------

OS:
 Windows 10 , 64 bit Build 19041 (10.0.19041.804)
OS uptime: 6 days 6:25 hours

CPU: total 8 (initial active 8) (4 cores per cpu, 2 threads per core) family 6 model 158 stepping 10 microcode 0xde, cmov, cx8, fxsr, mmx, sse, sse2, sse3, ssse3, sse4.1, sse4.2, popcnt, vzeroupper, avx, avx2, aes, clmul, erms, 3dnowpref, lzcnt, ht, tsc, tscinvbit, bmi1, bmi2, adx, fma, clflush, clflushopt

Memory: 4k page, system-wide physical 8033M (1323M free)
TotalPageFile size 22794M (AvailPageFile size 4475M)
current process WorkingSet (physical memory assigned to process): 199M, peak: 206M
current process commit charge ("private bytes"): 262M, peak: 291M

vm_info: Java HotSpot(TM) 64-Bit Server VM (15.0.2+7-27) for windows-amd64 JRE (15.0.2+7-27), built on Dec  7 2020 20:07:01 by "mach5one" with unknown MS VC++:1925

END.
