#
# A fatal error has been detected by the Java Runtime Environment:
#
#  EXCEPTION_ACCESS_VIOLATION (0xc0000005) at pc=0x000000006e952a57, pid=24024, tid=24348
#
# JRE version: Java(TM) SE Runtime Environment (15.0.2+7) (build 15.0.2+7-27)
# Java VM: Java HotSpot(TM) 64-Bit Server VM (15.0.2+7-27, mixed mode, sharing, tiered, compressed oops, g1 gc, windows-amd64)
# Problematic frame:
# C  [xuggle8164358494976092487.dll+0x212a57]
#
# No core dump will be written. Minidumps are not enabled by default on client versions of Windows
#
# If you would like to submit a bug report, please visit:
#   https://bugreport.java.com/bugreport/crash.jsp
# The crash happened outside the Java Virtual Machine in native code.
# See problematic frame for where to report the bug.
#

---------------  S U M M A R Y ------------

Command Line: -Dfile.encoding=Cp1252 -XX:+ShowCodeDetailsInExceptionMessages RecordingApp.ScreenRecorder

Host: Intel(R) Core(TM) i5-9300H CPU @ 2.40GHz, 8 cores, 7G,  Windows 10 , 64 bit Build 19041 (10.0.19041.804)
Time: Thu Apr  8 23:24:54 2021 Eastern Daylight Time elapsed time: 3.968907 seconds (0d 0h 0m 3s)

---------------  T H R E A D  ---------------

Current thread (0x000001b0ff840930):  JavaThread "AWT-EventQueue-0" [_thread_in_native, id=24348, stack(0x000000161cb00000,0x000000161cc00000)]

Stack: [0x000000161cb00000,0x000000161cc00000],  sp=0x000000161cbfdd30,  free space=1015k
Native frames: (J=compiled Java code, j=interpreted, Vv=VM code, C=native code)
C  [xuggle8164358494976092487.dll+0x212a57]

Java frames: (J=compiled Java code, j=interpreted, Vv=VM code)
j  com.xuggle.xuggler.XugglerJNI.IContainer_flushPackets(JLcom/xuggle/xuggler/IContainer;)I+0
j  com.xuggle.xuggler.IContainer.flushPackets()I+5
j  com.xuggle.mediatool.MediaWriter.flush()V+301
j  RecordingApp.captureWindow.stop()V+11
j  RecordingApp.ScreenRecorder$2.actionPerformed(Ljava/awt/event/ActionEvent;)V+4
j  javax.swing.AbstractButton.fireActionPerformed(Ljava/awt/event/ActionEvent;)V+84 java.desktop@15.0.2
j  javax.swing.AbstractButton$Handler.actionPerformed(Ljava/awt/event/ActionEvent;)V+5 java.desktop@15.0.2
j  javax.swing.DefaultButtonModel.fireActionPerformed(Ljava/awt/event/ActionEvent;)V+34 java.desktop@15.0.2
j  javax.swing.DefaultButtonModel.setPressed(Z)V+117 java.desktop@15.0.2
j  javax.swing.plaf.basic.BasicButtonListener.mouseReleased(Ljava/awt/event/MouseEvent;)V+35 java.desktop@15.0.2
j  java.awt.Component.processMouseEvent(Ljava/awt/event/MouseEvent;)V+64 java.desktop@15.0.2
j  javax.swing.JComponent.processMouseEvent(Ljava/awt/event/MouseEvent;)V+23 java.desktop@15.0.2
j  java.awt.Component.processEvent(Ljava/awt/AWTEvent;)V+81 java.desktop@15.0.2
j  java.awt.Container.processEvent(Ljava/awt/AWTEvent;)V+18 java.desktop@15.0.2
j  java.awt.Component.dispatchEventImpl(Ljava/awt/AWTEvent;)V+496 java.desktop@15.0.2
j  java.awt.Container.dispatchEventImpl(Ljava/awt/AWTEvent;)V+42 java.desktop@15.0.2
j  java.awt.Component.dispatchEvent(Ljava/awt/AWTEvent;)V+2 java.desktop@15.0.2
j  java.awt.LightweightDispatcher.retargetMouseEvent(Ljava/awt/Component;ILjava/awt/event/MouseEvent;)V+349 java.desktop@15.0.2
j  java.awt.LightweightDispatcher.processMouseEvent(Ljava/awt/event/MouseEvent;)Z+155 java.desktop@15.0.2
j  java.awt.LightweightDispatcher.dispatchEvent(Ljava/awt/AWTEvent;)Z+50 java.desktop@15.0.2
j  java.awt.Container.dispatchEventImpl(Ljava/awt/AWTEvent;)V+12 java.desktop@15.0.2
j  java.awt.Window.dispatchEventImpl(Ljava/awt/AWTEvent;)V+19 java.desktop@15.0.2
j  java.awt.Component.dispatchEvent(Ljava/awt/AWTEvent;)V+2 java.desktop@15.0.2
j  java.awt.EventQueue.dispatchEventImpl(Ljava/awt/AWTEvent;Ljava/lang/Object;)V+41 java.desktop@15.0.2
j  java.awt.EventQueue$4.run()Ljava/lang/Void;+32 java.desktop@15.0.2
j  java.awt.EventQueue$4.run()Ljava/lang/Object;+1 java.desktop@15.0.2
J 760 c1 java.security.AccessController.executePrivileged(Ljava/security/PrivilegedAction;Ljava/security/AccessControlContext;Ljava/lang/Class;)Ljava/lang/Object; java.base@15.0.2 (65 bytes) @ 0x000001b0806cbbc4 [0x000001b0806cba60+0x0000000000000164]
j  java.security.AccessController.doPrivileged(Ljava/security/PrivilegedAction;Ljava/security/AccessControlContext;)Ljava/lang/Object;+13 java.base@15.0.2
j  java.security.ProtectionDomain$JavaSecurityAccessImpl.doIntersectionPrivilege(Ljava/security/PrivilegedAction;Ljava/security/AccessControlContext;Ljava/security/AccessControlContext;)Ljava/lang/Object;+18 java.base@15.0.2
j  java.security.ProtectionDomain$JavaSecurityAccessImpl.doIntersectionPrivilege(Ljava/security/PrivilegedAction;Ljava/security/AccessControlContext;)Ljava/lang/Object;+6 java.base@15.0.2
j  java.awt.EventQueue$5.run()Ljava/lang/Void;+11 java.desktop@15.0.2
j  java.awt.EventQueue$5.run()Ljava/lang/Object;+1 java.desktop@15.0.2
J 760 c1 java.security.AccessController.executePrivileged(Ljava/security/PrivilegedAction;Ljava/security/AccessControlContext;Ljava/lang/Class;)Ljava/lang/Object; java.base@15.0.2 (65 bytes) @ 0x000001b0806cbbc4 [0x000001b0806cba60+0x0000000000000164]
j  java.security.AccessController.doPrivileged(Ljava/security/PrivilegedAction;Ljava/security/AccessControlContext;)Ljava/lang/Object;+13 java.base@15.0.2
j  java.security.ProtectionDomain$JavaSecurityAccessImpl.doIntersectionPrivilege(Ljava/security/PrivilegedAction;Ljava/security/AccessControlContext;Ljava/security/AccessControlContext;)Ljava/lang/Object;+18 java.base@15.0.2
j  java.awt.EventQueue.dispatchEvent(Ljava/awt/AWTEvent;)V+73 java.desktop@15.0.2
j  java.awt.EventDispatchThread.pumpOneEventForFilters(I)V+78 java.desktop@15.0.2
j  java.awt.EventDispatchThread.pumpEventsForFilter(ILjava/awt/Conditional;Ljava/awt/EventFilter;)V+35 java.desktop@15.0.2
j  java.awt.EventDispatchThread.pumpEventsForHierarchy(ILjava/awt/Conditional;Ljava/awt/Component;)V+11 java.desktop@15.0.2
j  java.awt.EventDispatchThread.pumpEvents(ILjava/awt/Conditional;)V+4 java.desktop@15.0.2
j  java.awt.EventDispatchThread.pumpEvents(Ljava/awt/Conditional;)V+3 java.desktop@15.0.2
j  java.awt.EventDispatchThread.run()V+9 java.desktop@15.0.2
v  ~StubRoutines::call_stub

siginfo: EXCEPTION_ACCESS_VIOLATION (0xc0000005), reading address 0x0000000000000058


Register to memory mapping:

RIP=0x000000006e952a57 xuggle8164358494976092487.dll
RAX=0x0 is NULL
RBX={method} {0x000001b0fe901b28} 'IContainer_flushPackets' '(JLcom/xuggle/xuggler/IContainer;)I' in 'com/xuggle/xuggler/XugglerJNI'
RCX=0x0 is NULL
RDX=0x000001b0ec77d560 points into unknown readable memory: 0x000000006fe70ab0 | b0 0a e7 6f 00 00 00 00
RSP=0x000000161cbfdd30 is pointing into the stack for thread: 0x000001b0ff840930
RBP=0x000000161cbfde00 is pointing into the stack for thread: 0x000001b0ff840930
RSI=0x0000000000000401 is an unknown value
RDI=0x0000000800b6d620 is a pointer to class: 
java.util.concurrent.atomic.AtomicBoolean {0x0000000800b6d628}
R8 =0x000001b0ec77d560 points into unknown readable memory: 0x000000006fe70ab0 | b0 0a e7 6f 00 00 00 00
R9 =0x000000161cbfdf38 is pointing into the stack for thread: 0x000001b0ff840930
R10=0x000001b08000f148 is at code_begin+1000 in an Interpreter codelet
method entry point (kind = native)  [0x000001b08000ed60, 0x000001b08000f7e0]  2688 bytes
R11=0x0000000086874d60 is an oop: java.lang.Class 
{0x0000000086874d60} - klass: 'java/lang/Class'
R12=0x0 is NULL
R13={method} {0x000001b0fe901b28} 'IContainer_flushPackets' '(JLcom/xuggle/xuggler/IContainer;)I' in 'com/xuggle/xuggler/XugglerJNI'
R14=0x000000161cbfdf48 is pointing into the stack for thread: 0x000001b0ff840930
R15=0x000001b0ff840930 is a thread


Registers:
RAX=0x0000000000000000, RBX=0x000001b0fe901b20, RCX=0x0000000000000000, RDX=0x000001b0ec77d560
RSP=0x000000161cbfdd30, RBP=0x000000161cbfde00, RSI=0x0000000000000401, RDI=0x0000000800b6d620
R8 =0x000001b0ec77d560, R9 =0x000000161cbfdf38, R10=0x000001b08000f148, R11=0x0000000086874d60
R12=0x0000000000000000, R13=0x000001b0fe901b20, R14=0x000000161cbfdf48, R15=0x000001b0ff840930
RIP=0x000000006e952a57, EFLAGS=0x0000000000010206

Top of Stack: (sp=0x000000161cbfdd30)
0x000000161cbfdd30:   000001b0fe913e00 0000000000000000
0x000000161cbfdd40:   00000000000003d8 000000161cbfde40
0x000000161cbfdd50:   000000006e7a35ab 00007ffa9b38ff68
0x000000161cbfdd60:   000001b0fe901b20 0000000000000401
0x000000161cbfdd70:   0000000800b6d620 000000006e749cb4
0x000000161cbfdd80:   000001b0ec77d560 000000161cbfdfa8
0x000000161cbfdd90:   00001ecd287d53a1 000000161cbfe068
0x000000161cbfdda0:   000000161cbfdf48 0000000800b6d620
0x000000161cbfddb0:   000000161cbfde40 000001b0ff840930
0x000000161cbfddc0:   0000000000000000 ffffffffff840930
0x000000161cbfddd0:   000000161cbfdf18 000001b0fe901b20
0x000000161cbfdde0:   0000000000000401 0000000800b6d620
0x000000161cbfddf0:   000000161cbfde80 000000006e7a361f
0x000000161cbfde00:   000001b0ec77d560 000001b0fe901b20
0x000000161cbfde10:   000000161cbfdf18 00007ffa9b0dc687
0x000000161cbfde20:   0000000000001975 000001b0ff840930 

Instructions: (pc=0x000000006e952a57)
0x000000006e952957:   f7 fc ff ff 0f 1f 44 00 00 48 8b 43 48 49 39 c6
0x000000006e952967:   7e 1a 44 8b 43 54 45 85 c0 75 7a 48 89 d9 e8 46
0x000000006e952977:   f4 ff ff 48 8b 43 48 49 39 c6 7f e6 8b 4b 54 85
0x000000006e952987:   c9 75 62 48 8b 7b 20 4c 29 f0 48 29 c7 48 89 7b
0x000000006e952997:   18 e9 94 fe ff ff 0f 1f 00 45 85 c9 0f 84 30 fd
0x000000006e9529a7:   ff ff e9 38 fe ff ff 66 90 48 89 43 20 e9 69 fe
0x000000006e9529b7:   ff ff 0f 1f 80 00 00 00 00 41 89 f0 8b 4b 60 41
0x000000006e9529c7:   29 d0 41 ff d1 48 8b 4b 08 89 43 60 48 8b 43 30
0x000000006e9529d7:   e9 87 fd ff ff 0f 1f 40 00 48 c7 c0 e0 ff ff ff
0x000000006e9529e7:   e9 4f fe ff ff 48 c7 c0 bb b0 b9 df e9 43 fe ff
0x000000006e9529f7:   ff 48 89 73 20 c7 43 58 00 00 00 00 e9 21 ff ff
0x000000006e952a07:   ff 4c 8d 05 11 28 fc 00 ba 18 00 00 00 48 89 d9
0x000000006e952a17:   e8 94 9c d7 00 44 8b bb b8 00 00 00 48 8b 73 08
0x000000006e952a27:   e9 fd fe ff ff c7 43 54 01 00 00 00 0f 84 87 fd
0x000000006e952a37:   ff ff 89 43 78 e9 7f fd ff ff 0f 1f 44 00 00 66
0x000000006e952a47:   2e 0f 1f 84 00 00 00 00 00 57 56 53 48 83 ec 30
0x000000006e952a57:   8b 51 58 48 89 cb 85 d2 74 4f 48 8b 41 18 48 8b
0x000000006e952a67:   89 f8 00 00 00 41 b8 00 00 00 00 48 89 c2 48 29
0x000000006e952a77:   ca 48 85 d2 49 0f 4f d0 48 39 c8 89 d7 48 8b 53
0x000000006e952a87:   08 48 0f 42 c1 48 89 83 f8 00 00 00 48 39 c2 72
0x000000006e952a97:   49 85 ff 48 89 93 f8 00 00 00 48 89 53 18 75 22
0x000000006e952aa7:   48 83 c4 30 5b 5e 5f c3 90 48 8b 41 08 31 ff 48
0x000000006e952ab7:   89 81 f8 00 00 00 48 89 41 18 48 89 43 20 85 ff
0x000000006e952ac7:   74 de 48 63 d7 41 b8 01 00 00 00 48 89 d9 48 83
0x000000006e952ad7:   c4 30 5b 5e 5f e9 df fa ff ff 48 29 d0 48 89 c6
0x000000006e952ae7:   8b 43 78 85 c0 0f 85 d1 00 00 00 48 8b 83 d0 00
0x000000006e952af7:   00 00 48 85 c0 0f 84 ee 00 00 00 4c 8b 83 e0 00
0x000000006e952b07:   00 00 48 8b 4b 28 44 8b 8b dc 00 00 00 4c 89 44
0x000000006e952b17:   24 20 41 89 f0 ff d0 85 c0 0f 88 9a 00 00 00 48
0x000000006e952b27:   63 c6 48 03 43 48 48 3b 83 f0 00 00 00 0f 8f 96
0x000000006e952b37:   00 00 00 66 0f 1f 44 00 00 8b b3 dc 00 00 00 8d
0x000000006e952b47:   56 ff 83 fa 01 77 0a c7 83 dc 00 00 00 03 00 00 


Stack slot to memory mapping:
stack at sp + 0 slots: 0x000001b0fe913e00 is pointing into metadata
stack at sp + 1 slots: 0x0 is NULL
stack at sp + 2 slots: 0x00000000000003d8 is an unknown value
stack at sp + 3 slots: 0x000000161cbfde40 is pointing into the stack for thread: 0x000001b0ff840930
stack at sp + 4 slots: 0x000000006e7a35ab xuggle8164358494976092487.dll
stack at sp + 5 slots: 0x00007ffa9b38ff68 jvm.dll
stack at sp + 6 slots: {method} {0x000001b0fe901b28} 'IContainer_flushPackets' '(JLcom/xuggle/xuggler/IContainer;)I' in 'com/xuggle/xuggler/XugglerJNI'
stack at sp + 7 slots: 0x0000000000000401 is an unknown value


---------------  P R O C E S S  ---------------

Threads class SMR info:
_java_thread_list=0x000001b0905fe7d0, length=19, elements={
0x000001b0fe2e7770, 0x000001b0fe2e8ae0, 0x000001b0fe304800, 0x000001b0fe3071d0,
0x000001b0fe308bc0, 0x000001b0fe310960, 0x000001b0fe311af0, 0x000001b0fe323cb0,
0x000001b0fed3b9f0, 0x000001b0fed62a10, 0x000001b0ff02e020, 0x000001b0ff02e9c0,
0x000001b0ff849570, 0x000001b0ff840930, 0x000001b0ee892420, 0x000001b0ffa46300,
0x000001b0ffa2b320, 0x000001b0ffa69360, 0x000001b0ffaab9c0
}

Java Threads: ( => current thread )
  0x000001b0fe2e7770 JavaThread "Reference Handler" daemon [_thread_blocked, id=1656, stack(0x000000161bb00000,0x000000161bc00000)]
  0x000001b0fe2e8ae0 JavaThread "Finalizer" daemon [_thread_blocked, id=7592, stack(0x000000161bc00000,0x000000161bd00000)]
  0x000001b0fe304800 JavaThread "Signal Dispatcher" daemon [_thread_blocked, id=17204, stack(0x000000161bd00000,0x000000161be00000)]
  0x000001b0fe3071d0 JavaThread "Attach Listener" daemon [_thread_blocked, id=19272, stack(0x000000161be00000,0x000000161bf00000)]
  0x000001b0fe308bc0 JavaThread "Service Thread" daemon [_thread_blocked, id=24456, stack(0x000000161bf00000,0x000000161c000000)]
  0x000001b0fe310960 JavaThread "C2 CompilerThread0" daemon [_thread_in_native, id=19560, stack(0x000000161c000000,0x000000161c100000)]
  0x000001b0fe311af0 JavaThread "C1 CompilerThread0" daemon [_thread_blocked, id=22684, stack(0x000000161c100000,0x000000161c200000)]
  0x000001b0fe323cb0 JavaThread "Sweeper thread" daemon [_thread_blocked, id=9148, stack(0x000000161c200000,0x000000161c300000)]
  0x000001b0fed3b9f0 JavaThread "Notification Thread" daemon [_thread_blocked, id=2352, stack(0x000000161c300000,0x000000161c400000)]
  0x000001b0fed62a10 JavaThread "Common-Cleaner" daemon [_thread_blocked, id=4144, stack(0x000000161c500000,0x000000161c600000)]
  0x000001b0ff02e020 JavaThread "Java2D Disposer" daemon [_thread_blocked, id=5564, stack(0x000000161c700000,0x000000161c800000)]
  0x000001b0ff02e9c0 JavaThread "AWT-Windows" daemon [_thread_in_native, id=15316, stack(0x000000161c900000,0x000000161ca00000)]
  0x000001b0ff849570 JavaThread "AWT-Shutdown" [_thread_blocked, id=10848, stack(0x000000161c800000,0x000000161c900000)]
=>0x000001b0ff840930 JavaThread "AWT-EventQueue-0" [_thread_in_native, id=24348, stack(0x000000161cb00000,0x000000161cc00000)]
  0x000001b0ee892420 JavaThread "DestroyJavaVM" [_thread_blocked, id=10400, stack(0x000000161b400000,0x000000161b500000)]
  0x000001b0ffa46300 JavaThread "TimerQueue" daemon [_thread_blocked, id=5400, stack(0x000000161cc00000,0x000000161cd00000)]
  0x000001b0ffa2b320 JavaThread "Java Sound Event Dispatcher" daemon [_thread_blocked, id=8128, stack(0x000000161cd00000,0x000000161ce00000)]
  0x000001b0ffa69360 JavaThread "Thread-1" [_thread_in_native, id=13120, stack(0x000000161d100000,0x000000161d200000)]
  0x000001b0ffaab9c0 JavaThread "C2 CompilerThread1" daemon [_thread_in_native, id=11608, stack(0x000000161d400000,0x000000161d500000)]

Other Threads:
  0x000001b0fe2e5750 VMThread "VM Thread" [stack: 0x000000161ba00000,0x000000161bb00000] [id=12156]
  0x000001b0fed62700 WatcherThread [stack: 0x000000161c400000,0x000000161c500000] [id=15000]
  0x000001b0ee8d6080 GCTaskThread "GC Thread#0" [stack: 0x000000161b500000,0x000000161b600000] [id=17756]
  0x000001b0ffaa46f0 GCTaskThread "GC Thread#1" [stack: 0x000000161d500000,0x000000161d600000] [id=10688]
  0x000001b0ffaa63a0 GCTaskThread "GC Thread#2" [stack: 0x000000161d600000,0x000000161d700000] [id=18456]
  0x000001b0ffaa5d40 GCTaskThread "GC Thread#3" [stack: 0x000000161d700000,0x000000161d800000] [id=3628]
  0x000001b0ffaa6d30 GCTaskThread "GC Thread#4" [stack: 0x000000161d800000,0x000000161d900000] [id=4812]
  0x000001b0ffaa76c0 GCTaskThread "GC Thread#5" [stack: 0x000000161d900000,0x000000161da00000] [id=7580]
  0x000001b0ffaa4d50 GCTaskThread "GC Thread#6" [stack: 0x000000161da00000,0x000000161db00000] [id=18088]
  0x000001b0ffaa79f0 GCTaskThread "GC Thread#7" [stack: 0x000000161db00000,0x000000161dc00000] [id=14656]
  0x000001b0ee8e7630 ConcurrentGCThread "G1 Main Marker" [stack: 0x000000161b600000,0x000000161b700000] [id=11028]
  0x000001b0ee8e82a0 ConcurrentGCThread "G1 Conc#0" [stack: 0x000000161b700000,0x000000161b800000] [id=13792]
  0x000001b0ffaa7060 ConcurrentGCThread "G1 Conc#1" [stack: 0x000000161dc00000,0x000000161dd00000] [id=5636]
  0x000001b0ee96cfe0 ConcurrentGCThread "G1 Refine#0" [stack: 0x000000161b800000,0x000000161b900000] [id=2008]
  0x000001b0ee96dc60 ConcurrentGCThread "G1 Young RemSet Sampling" [stack: 0x000000161b900000,0x000000161ba00000] [id=11428]

Threads with active compile tasks:
C2 CompilerThread0     4035 1693       4       java.io.WinNTFileSystem::normalize (224 bytes)
C2 CompilerThread1     4035 1461       4       java.util.regex.Matcher::search (154 bytes)

VM state: not at safepoint (normal execution)

VM Mutex/Monitor currently owned by a thread: None

Heap address: 0x0000000082600000, size: 2010 MB, Compressed Oops mode: 32-bit
CDS archive(s) mapped at: [0x0000000800000000-0x0000000800b50000-0x0000000800b50000), size 11862016, SharedBaseAddress: 0x0000000800000000, ArchiveRelocationMode: 0.
Compressed class space mapped at: 0x0000000800b50000-0x0000000840b50000, size: 1073741824
Narrow klass base: 0x0000000800000000, Narrow klass shift: 3, Narrow klass range: 0x100000000

GC Precious Log:
 CPUs: 8 total, 8 available
 Memory: 8033M
 Large Page Support: Disabled
 NUMA Support: Disabled
 Compressed Oops: Enabled (32-bit)
 Heap Region Size: 1M
 Heap Min Capacity: 8M
 Heap Initial Capacity: 126M
 Heap Max Capacity: 2010M
 Pre-touch: Disabled
 Parallel Workers: 8
 Concurrent Workers: 2
 Concurrent Refinement Workers: 8
 Periodic GC: Disabled

Heap:
 garbage-first heap   total 75776K, used 27326K [0x0000000082600000, 0x0000000100000000)
  region size 1024K, 5 young (5120K), 1 survivors (1024K)
 Metaspace       used 10425K, capacity 10600K, committed 10752K, reserved 1058816K
  class space    used 1087K, capacity 1170K, committed 1280K, reserved 1048576K

Heap Regions: E=young(eden), S=young(survivor), O=old, HS=humongous(starts), HC=humongous(continues), CS=collection set, F=free, OA=open archive, CA=closed archive, TAMS=top-at-mark-start (previous, next)
|   0|0x0000000082600000, 0x0000000082700000, 0x0000000082700000|100%|HS|  |TAMS 0x0000000082700000, 0x0000000082600000| Complete 
|   1|0x0000000082700000, 0x0000000082800000, 0x0000000082800000|100%|HC|  |TAMS 0x0000000082800000, 0x0000000082700000| Complete 
|   2|0x0000000082800000, 0x0000000082900000, 0x0000000082900000|100%|HS|  |TAMS 0x0000000082800000, 0x0000000082800000| Complete 
|   3|0x0000000082900000, 0x0000000082a00000, 0x0000000082a00000|100%|HC|  |TAMS 0x0000000082900000, 0x0000000082900000| Complete 
|   4|0x0000000082a00000, 0x0000000082b00000, 0x0000000082b00000|100%|HC|  |TAMS 0x0000000082a00000, 0x0000000082a00000| Complete 
|   5|0x0000000082b00000, 0x0000000082c00000, 0x0000000082c00000|100%|HC|  |TAMS 0x0000000082b00000, 0x0000000082b00000| Complete 
|   6|0x0000000082c00000, 0x0000000082d00000, 0x0000000082d00000|100%|HS|  |TAMS 0x0000000082d00000, 0x0000000082c00000| Complete 
|   7|0x0000000082d00000, 0x0000000082e00000, 0x0000000082e00000|100%|HC|  |TAMS 0x0000000082e00000, 0x0000000082d00000| Complete 
|   8|0x0000000082e00000, 0x0000000082f00000, 0x0000000082f00000|100%|HC|  |TAMS 0x0000000082f00000, 0x0000000082e00000| Complete 
|   9|0x0000000082f00000, 0x0000000083000000, 0x0000000083000000|100%|HC|  |TAMS 0x0000000083000000, 0x0000000082f00000| Complete 
|  10|0x0000000083000000, 0x0000000083100000, 0x0000000083100000|100%|HC|  |TAMS 0x0000000083100000, 0x0000000083000000| Complete 
|  11|0x0000000083100000, 0x0000000083200000, 0x0000000083200000|100%|HC|  |TAMS 0x0000000083200000, 0x0000000083100000| Complete 
|  12|0x0000000083200000, 0x0000000083200000, 0x0000000083300000|  0%| F|  |TAMS 0x0000000083200000, 0x0000000083200000| Untracked 
|  13|0x0000000083300000, 0x0000000083300000, 0x0000000083400000|  0%| F|  |TAMS 0x0000000083300000, 0x0000000083300000| Untracked 
|  14|0x0000000083400000, 0x0000000083400000, 0x0000000083500000|  0%| F|  |TAMS 0x0000000083400000, 0x0000000083400000| Untracked 
|  15|0x0000000083500000, 0x0000000083500000, 0x0000000083600000|  0%| F|  |TAMS 0x0000000083500000, 0x0000000083500000| Untracked 
|  16|0x0000000083600000, 0x0000000083600000, 0x0000000083700000|  0%| F|  |TAMS 0x0000000083600000, 0x0000000083600000| Untracked 
|  17|0x0000000083700000, 0x0000000083700000, 0x0000000083800000|  0%| F|  |TAMS 0x0000000083700000, 0x0000000083700000| Untracked 
|  18|0x0000000083800000, 0x0000000083800000, 0x0000000083900000|  0%| F|  |TAMS 0x0000000083800000, 0x0000000083800000| Untracked 
|  19|0x0000000083900000, 0x0000000083900000, 0x0000000083a00000|  0%| F|  |TAMS 0x0000000083900000, 0x0000000083900000| Untracked 
|  20|0x0000000083a00000, 0x0000000083a00000, 0x0000000083b00000|  0%| F|  |TAMS 0x0000000083a00000, 0x0000000083a00000| Untracked 
|  21|0x0000000083b00000, 0x0000000083b00000, 0x0000000083c00000|  0%| F|  |TAMS 0x0000000083b00000, 0x0000000083b00000| Untracked 
|  22|0x0000000083c00000, 0x0000000083c00000, 0x0000000083d00000|  0%| F|  |TAMS 0x0000000083c00000, 0x0000000083c00000| Untracked 
|  23|0x0000000083d00000, 0x0000000083d00000, 0x0000000083e00000|  0%| F|  |TAMS 0x0000000083d00000, 0x0000000083d00000| Untracked 
|  24|0x0000000083e00000, 0x0000000083e00000, 0x0000000083f00000|  0%| F|  |TAMS 0x0000000083e00000, 0x0000000083e00000| Untracked 
|  25|0x0000000083f00000, 0x0000000083f00000, 0x0000000084000000|  0%| F|  |TAMS 0x0000000083f00000, 0x0000000083f00000| Untracked 
|  26|0x0000000084000000, 0x0000000084100000, 0x0000000084100000|100%|HS|  |TAMS 0x0000000084100000, 0x0000000084000000| Complete 
|  27|0x0000000084100000, 0x0000000084200000, 0x0000000084200000|100%|HC|  |TAMS 0x0000000084200000, 0x0000000084100000| Complete 
|  28|0x0000000084200000, 0x0000000084300000, 0x0000000084300000|100%|HC|  |TAMS 0x0000000084300000, 0x0000000084200000| Complete 
|  29|0x0000000084300000, 0x0000000084400000, 0x0000000084400000|100%|HC|  |TAMS 0x0000000084400000, 0x0000000084300000| Complete 
|  30|0x0000000084400000, 0x0000000084500000, 0x0000000084500000|100%|HC|  |TAMS 0x0000000084500000, 0x0000000084400000| Complete 
|  31|0x0000000084500000, 0x0000000084600000, 0x0000000084600000|100%|HC|  |TAMS 0x0000000084600000, 0x0000000084500000| Complete 
|  32|0x0000000084600000, 0x0000000084700000, 0x0000000084700000|100%|HC|  |TAMS 0x0000000084700000, 0x0000000084600000| Complete 
|  33|0x0000000084700000, 0x0000000084800000, 0x0000000084800000|100%|HC|  |TAMS 0x0000000084800000, 0x0000000084700000| Complete 
|  34|0x0000000084800000, 0x0000000084800000, 0x0000000084900000|  0%| F|  |TAMS 0x0000000084800000, 0x0000000084800000| Untracked 
|  35|0x0000000084900000, 0x0000000084900000, 0x0000000084a00000|  0%| F|  |TAMS 0x0000000084900000, 0x0000000084900000| Untracked 
|  36|0x0000000084a00000, 0x0000000084a00000, 0x0000000084b00000|  0%| F|  |TAMS 0x0000000084a00000, 0x0000000084a00000| Untracked 
|  37|0x0000000084b00000, 0x0000000084b00000, 0x0000000084c00000|  0%| F|  |TAMS 0x0000000084b00000, 0x0000000084b00000| Untracked 
|  38|0x0000000084c00000, 0x0000000084c00000, 0x0000000084d00000|  0%| F|  |TAMS 0x0000000084c00000, 0x0000000084c00000| Untracked 
|  39|0x0000000084d00000, 0x0000000084d00000, 0x0000000084e00000|  0%| F|  |TAMS 0x0000000084d00000, 0x0000000084d00000| Untracked 
|  40|0x0000000084e00000, 0x0000000084e00000, 0x0000000084f00000|  0%| F|  |TAMS 0x0000000084e00000, 0x0000000084e00000| Untracked 
|  41|0x0000000084f00000, 0x0000000084f00000, 0x0000000085000000|  0%| F|  |TAMS 0x0000000084f00000, 0x0000000084f00000| Untracked 
|  42|0x0000000085000000, 0x0000000085000000, 0x0000000085100000|  0%| F|  |TAMS 0x0000000085000000, 0x0000000085000000| Untracked 
|  43|0x0000000085100000, 0x0000000085100000, 0x0000000085200000|  0%| F|  |TAMS 0x0000000085100000, 0x0000000085100000| Untracked 
|  44|0x0000000085200000, 0x0000000085200000, 0x0000000085300000|  0%| F|  |TAMS 0x0000000085200000, 0x0000000085200000| Untracked 
|  45|0x0000000085300000, 0x0000000085300000, 0x0000000085400000|  0%| F|  |TAMS 0x0000000085300000, 0x0000000085300000| Untracked 
|  46|0x0000000085400000, 0x0000000085400000, 0x0000000085500000|  0%| F|  |TAMS 0x0000000085400000, 0x0000000085400000| Untracked 
|  47|0x0000000085500000, 0x0000000085500000, 0x0000000085600000|  0%| F|  |TAMS 0x0000000085500000, 0x0000000085500000| Untracked 
|  48|0x0000000085600000, 0x0000000085600000, 0x0000000085700000|  0%| F|  |TAMS 0x0000000085600000, 0x0000000085600000| Untracked 
|  49|0x0000000085700000, 0x0000000085700000, 0x0000000085800000|  0%| F|  |TAMS 0x0000000085700000, 0x0000000085700000| Untracked 
|  50|0x0000000085800000, 0x0000000085800000, 0x0000000085900000|  0%| F|  |TAMS 0x0000000085800000, 0x0000000085800000| Untracked 
|  51|0x0000000085900000, 0x0000000085900000, 0x0000000085a00000|  0%| F|  |TAMS 0x0000000085900000, 0x0000000085900000| Untracked 
|  52|0x0000000085a00000, 0x0000000085a00000, 0x0000000085b00000|  0%| F|  |TAMS 0x0000000085a00000, 0x0000000085a00000| Untracked 
|  53|0x0000000085b00000, 0x0000000085b00000, 0x0000000085c00000|  0%| F|  |TAMS 0x0000000085b00000, 0x0000000085b00000| Untracked 
|  54|0x0000000085c00000, 0x0000000085c00000, 0x0000000085d00000|  0%| F|  |TAMS 0x0000000085c00000, 0x0000000085c00000| Untracked 
|  55|0x0000000085d00000, 0x0000000085d00000, 0x0000000085e00000|  0%| F|  |TAMS 0x0000000085d00000, 0x0000000085d00000| Untracked 
|  56|0x0000000085e00000, 0x0000000085f00000, 0x0000000085f00000|100%| O|  |TAMS 0x0000000085f00000, 0x0000000085e00000| Untracked 
|  57|0x0000000085f00000, 0x0000000085f00000, 0x0000000086000000|  0%| F|  |TAMS 0x0000000085f00000, 0x0000000085f00000| Untracked 
|  58|0x0000000086000000, 0x0000000086000000, 0x0000000086100000|  0%| F|  |TAMS 0x0000000086000000, 0x0000000086000000| Untracked 
|  59|0x0000000086100000, 0x0000000086100000, 0x0000000086200000|  0%| F|  |TAMS 0x0000000086100000, 0x0000000086100000| Untracked 
|  60|0x0000000086200000, 0x0000000086200000, 0x0000000086300000|  0%| F|  |TAMS 0x0000000086200000, 0x0000000086200000| Untracked 
|  61|0x0000000086300000, 0x0000000086300000, 0x0000000086400000|  0%| F|  |TAMS 0x0000000086300000, 0x0000000086300000| Untracked 
|  62|0x0000000086400000, 0x0000000086400000, 0x0000000086500000|  0%| F|  |TAMS 0x0000000086400000, 0x0000000086400000| Untracked 
|  63|0x0000000086500000, 0x0000000086500000, 0x0000000086600000|  0%| F|  |TAMS 0x0000000086500000, 0x0000000086500000| Untracked 
|  64|0x0000000086600000, 0x0000000086600000, 0x0000000086700000|  0%| F|  |TAMS 0x0000000086600000, 0x0000000086600000| Untracked 
|  65|0x0000000086700000, 0x0000000086800000, 0x0000000086800000|100%| O|  |TAMS 0x0000000086800000, 0x0000000086700000| Untracked 
|  66|0x0000000086800000, 0x0000000086900000, 0x0000000086900000|100%| O|  |TAMS 0x0000000086900000, 0x0000000086800000| Untracked 
|  67|0x0000000086900000, 0x00000000869a6c00, 0x0000000086a00000| 65%| O|  |TAMS 0x00000000869a6c00, 0x0000000086900000| Untracked 
|  68|0x0000000086a00000, 0x0000000086a00000, 0x0000000086b00000|  0%| F|  |TAMS 0x0000000086a00000, 0x0000000086a00000| Untracked 
|  69|0x0000000086b00000, 0x0000000086b71738, 0x0000000086c00000| 44%| E|  |TAMS 0x0000000086b00000, 0x0000000086b00000| Complete 
|  70|0x0000000086c00000, 0x0000000086d00000, 0x0000000086d00000|100%| E|CS|TAMS 0x0000000086c00000, 0x0000000086c00000| Complete 
|  71|0x0000000086d00000, 0x0000000086d08e10, 0x0000000086e00000|  3%| S|CS|TAMS 0x0000000086d00000, 0x0000000086d00000| Complete 
| 123|0x000000008a100000, 0x000000008a200000, 0x000000008a200000|100%| E|CS|TAMS 0x000000008a100000, 0x000000008a100000| Complete 
| 125|0x000000008a300000, 0x000000008a400000, 0x000000008a400000|100%| E|CS|TAMS 0x000000008a300000, 0x000000008a300000| Complete 

Card table byte_map: [0x000001b0f71f0000,0x000001b0f75e0000] _byte_map_base: 0x000001b0f6ddd000

Marking Bits (Prev, Next): (CMBitMap*) 0x000001b0ee8d68f0, (CMBitMap*) 0x000001b0ee8d6930
 Prev Bits: [0x000001b0f79d0000, 0x000001b0f9938000)
 Next Bits: [0x000001b0f9940000, 0x000001b0fb8a8000)

Polling page: 0x000001b0ec790000

Metaspace:

Usage:
  Non-class:      9.21 MB capacity,     9.12 MB (>99%) used,    75.76 KB ( <1%) free+waste,    15.81 KB ( <1%) overhead. 
      Class:      1.14 MB capacity,     1.06 MB ( 93%) used,    76.34 KB (  7%) free+waste,     6.25 KB ( <1%) overhead. 
       Both:     10.35 MB capacity,    10.18 MB ( 98%) used,   152.09 KB (  1%) free+waste,    22.06 KB ( <1%) overhead. 

Virtual space:
  Non-class space:       10.00 MB reserved,       9.25 MB ( 92%) committed 
      Class space:        1.00 GB reserved,       1.25 MB ( <1%) committed 
             Both:        1.01 GB reserved,      10.50 MB (  1%) committed 

Chunk freelists:
   Non-Class:  42.00 KB
       Class:  14.00 KB
        Both:  56.00 KB

MaxMetaspaceSize: 17179869184.00 GB
CompressedClassSpaceSize: 1.00 GB

CodeHeap 'non-profiled nmethods': size=120000Kb used=574Kb max_used=574Kb free=119426Kb
 bounds [0x000001b087ad0000, 0x000001b087d40000, 0x000001b08f000000]
CodeHeap 'profiled nmethods': size=120000Kb used=3004Kb max_used=3004Kb free=116995Kb
 bounds [0x000001b0805a0000, 0x000001b080890000, 0x000001b087ad0000]
CodeHeap 'non-nmethods': size=5760Kb used=1329Kb max_used=1378Kb free=4430Kb
 bounds [0x000001b080000000, 0x000001b080270000, 0x000001b0805a0000]
 total_blobs=2325 nmethods=1689 adapters=549
 compilation: enabled
              stopped_count=0, restarted_count=0
 full_count=0

Compilation events (20 events):
Event: 3.917 Thread 0x000001b0fe311af0 1669       3       com.sun.media.sound.WaveFileWriter::getAudioFileFormat (235 bytes)
Event: 3.919 Thread 0x000001b0fe311af0 nmethod 1669 0x000001b080874910 code [0x000001b080874d00, 0x000001b080876c78]
Event: 3.919 Thread 0x000001b0fe311af0 1661       3       java.lang.invoke.LambdaForm$MH/0x0000000800c36840::invoke (94 bytes)
Event: 3.920 Thread 0x000001b0fe311af0 nmethod 1661 0x000001b080877710 code [0x000001b080877940, 0x000001b0808784d8]
Event: 3.920 Thread 0x000001b0fe311af0 1662       3       javax.sound.sampled.AudioFormat::toString (292 bytes)
Event: 3.927 Thread 0x000001b0fe311af0 nmethod 1662 0x000001b080878790 code [0x000001b080879040, 0x000001b08087e968]
Event: 3.927 Thread 0x000001b0fe311af0 1663       3       java.lang.invoke.LambdaForm$MH/0x0000000800c35840::linkToTargetMethod (9 bytes)
Event: 3.927 Thread 0x000001b0fe311af0 nmethod 1663 0x000001b080880310 code [0x000001b0808804c0, 0x000001b080880798]
Event: 3.927 Thread 0x000001b0fe311af0 1664       3       java.lang.invoke.LambdaForm$MH/0x0000000800c36440::invoke (94 bytes)
Event: 3.927 Thread 0x000001b0fe311af0 nmethod 1664 0x000001b080880890 code [0x000001b080880ac0, 0x000001b0808815d8]
Event: 3.927 Thread 0x000001b0fe311af0 1665       3       java.lang.invoke.LambdaForm$DMH/0x0000000800c36c40::invokeStatic (14 bytes)
Event: 3.927 Thread 0x000001b0fe311af0 nmethod 1665 0x000001b080881890 code [0x000001b080881a60, 0x000001b080881e18]
Event: 3.927 Thread 0x000001b0fe311af0 1666       3       java.lang.String::valueOf (5 bytes)
Event: 3.927 Thread 0x000001b0fe311af0 nmethod 1666 0x000001b080881f10 code [0x000001b0808820e0, 0x000001b080882378]
Event: 3.927 Thread 0x000001b0fe311af0 1667       3       java.lang.Float::toString (5 bytes)
Event: 3.927 Thread 0x000001b0fe311af0 nmethod 1667 0x000001b080882490 code [0x000001b080882640, 0x000001b080882878]
Event: 3.927 Thread 0x000001b0fe311af0 1670       1       java.awt.image.SampleModel::getNumBands (5 bytes)
Event: 3.927 Thread 0x000001b0fe311af0 nmethod 1670 0x000001b087b58790 code [0x000001b087b58920, 0x000001b087b589d8]
Event: 3.957 Thread 0x000001b0fe311af0 1672  s    1       java.lang.StringBuffer::length (5 bytes)
Event: 3.958 Thread 0x000001b0fe311af0 nmethod 1672 0x000001b087b58a90 code [0x000001b087b58c20, 0x000001b087b58d78]

GC Heap History (12 events):
Event: 3.664 GC heap before
{Heap before GC invocations=0 (full 0):
 garbage-first heap   total 129024K, used 76800K [0x0000000082600000, 0x0000000100000000)
  region size 1024K, 20 young (20480K), 0 survivors (0K)
 Metaspace       used 10334K, capacity 10527K, committed 10752K, reserved 1058816K
  class space    used 1084K, capacity 1170K, committed 1280K, reserved 1048576K
}
Event: 3.669 GC heap after
{Heap after GC invocations=1 (full 0):
 garbage-first heap   total 129024K, used 61094K [0x0000000082600000, 0x0000000100000000)
  region size 1024K, 3 young (3072K), 3 survivors (3072K)
 Metaspace       used 10334K, capacity 10527K, committed 10752K, reserved 1058816K
  class space    used 1084K, capacity 1170K, committed 1280K, reserved 1048576K
}
Event: 3.743 GC heap before
{Heap before GC invocations=2 (full 0):
 garbage-first heap   total 129024K, used 70310K [0x0000000082600000, 0x0000000100000000)
  region size 1024K, 5 young (5120K), 3 survivors (3072K)
 Metaspace       used 10340K, capacity 10527K, committed 10752K, reserved 1058816K
  class space    used 1084K, capacity 1170K, committed 1280K, reserved 1048576K
}
Event: 3.746 GC heap after
{Heap after GC invocations=3 (full 0):
 garbage-first heap   total 129024K, used 14311K [0x0000000082600000, 0x0000000100000000)
  region size 1024K, 1 young (1024K), 1 survivors (1024K)
 Metaspace       used 10340K, capacity 10527K, committed 10752K, reserved 1058816K
  class space    used 1084K, capacity 1170K, committed 1280K, reserved 1048576K
}
Event: 3.838 GC heap before
{Heap before GC invocations=4 (full 0):
 garbage-first heap   total 75776K, used 35815K [0x0000000082600000, 0x0000000100000000)
  region size 1024K, 5 young (5120K), 1 survivors (1024K)
 Metaspace       used 10374K, capacity 10527K, committed 10752K, reserved 1058816K
  class space    used 1086K, capacity 1170K, committed 1280K, reserved 1048576K
}
Event: 3.839 GC heap after
{Heap after GC invocations=5 (full 0):
 garbage-first heap   total 75776K, used 32527K [0x0000000082600000, 0x0000000100000000)
  region size 1024K, 1 young (1024K), 1 survivors (1024K)
 Metaspace       used 10374K, capacity 10527K, committed 10752K, reserved 1058816K
  class space    used 1086K, capacity 1170K, committed 1280K, reserved 1048576K
}
Event: 3.862 GC heap before
{Heap before GC invocations=6 (full 0):
 garbage-first heap   total 75776K, used 39695K [0x0000000082600000, 0x0000000100000000)
  region size 1024K, 3 young (3072K), 1 survivors (1024K)
 Metaspace       used 10377K, capacity 10527K, committed 10752K, reserved 1058816K
  class space    used 1086K, capacity 1170K, committed 1280K, reserved 1048576K
}
Event: 3.863 GC heap after
{Heap after GC invocations=7 (full 0):
 garbage-first heap   total 75776K, used 20160K [0x0000000082600000, 0x0000000100000000)
  region size 1024K, 1 young (1024K), 1 survivors (1024K)
 Metaspace       used 10377K, capacity 10527K, committed 10752K, reserved 1058816K
  class space    used 1086K, capacity 1170K, committed 1280K, reserved 1048576K
}
Event: 3.922 GC heap before
{Heap before GC invocations=8 (full 0):
 garbage-first heap   total 75776K, used 34496K [0x0000000082600000, 0x0000000100000000)
  region size 1024K, 4 young (4096K), 1 survivors (1024K)
 Metaspace       used 10414K, capacity 10600K, committed 10752K, reserved 1058816K
  class space    used 1086K, capacity 1170K, committed 1280K, reserved 1048576K
}
Event: 3.923 GC heap after
{Heap after GC invocations=9 (full 0):
 garbage-first heap   total 75776K, used 24254K [0x0000000082600000, 0x0000000100000000)
  region size 1024K, 1 young (1024K), 1 survivors (1024K)
 Metaspace       used 10414K, capacity 10600K, committed 10752K, reserved 1058816K
  class space    used 1086K, capacity 1170K, committed 1280K, reserved 1048576K
}
Event: 3.953 GC heap before
{Heap before GC invocations=10 (full 0):
 garbage-first heap   total 75776K, used 31422K [0x0000000082600000, 0x0000000100000000)
  region size 1024K, 3 young (3072K), 1 survivors (1024K)
 Metaspace       used 10414K, capacity 10600K, committed 10752K, reserved 1058816K
  class space    used 1086K, capacity 1170K, committed 1280K, reserved 1048576K
}
Event: 3.953 GC heap after
{Heap after GC invocations=11 (full 0):
 garbage-first heap   total 75776K, used 20158K [0x0000000082600000, 0x0000000100000000)
  region size 1024K, 1 young (1024K), 1 survivors (1024K)
 Metaspace       used 10414K, capacity 10600K, committed 10752K, reserved 1058816K
  class space    used 1086K, capacity 1170K, committed 1280K, reserved 1048576K
}

Deoptimization events (20 events):
Event: 3.777 Thread 0x000001b0ff840930 DEOPT PACKING pc=0x000001b08080e97d sp=0x000000161cbfceb0
Event: 3.777 Thread 0x000001b0ff840930 DEOPT UNPACKING pc=0x000001b08004e23f sp=0x000000161cbfc380 mode 0
Event: 3.791 Thread 0x000001b0ffa69360 Uncommon trap: trap_request=0xffffffde fr.pc=0x000001b087b4fc48 relative=0x0000000000000128
Event: 3.791 Thread 0x000001b0ffa69360 Uncommon trap: reason=class_check action=maybe_recompile pc=0x000001b087b4fc48 method=jdk.internal.misc.Unsafe.allocateUninitializedArray(Ljava/lang/Class;I)Ljava/lang/Object; @ 51 c2
Event: 3.791 Thread 0x000001b0ffa69360 DEOPT PACKING pc=0x000001b087b4fc48 sp=0x000000161d1feea0
Event: 3.791 Thread 0x000001b0ffa69360 DEOPT UNPACKING pc=0x000001b08004e42f sp=0x000000161d1fee28 mode 2
Event: 3.791 Thread 0x000001b0ffa69360 Uncommon trap: trap_request=0xffffffde fr.pc=0x000001b087b4fc48 relative=0x0000000000000128
Event: 3.791 Thread 0x000001b0ffa69360 Uncommon trap: reason=class_check action=maybe_recompile pc=0x000001b087b4fc48 method=jdk.internal.misc.Unsafe.allocateUninitializedArray(Ljava/lang/Class;I)Ljava/lang/Object; @ 51 c2
Event: 3.791 Thread 0x000001b0ffa69360 DEOPT PACKING pc=0x000001b087b4fc48 sp=0x000000161d1fe960
Event: 3.792 Thread 0x000001b0ffa69360 DEOPT UNPACKING pc=0x000001b08004e42f sp=0x000000161d1fe8e8 mode 2
Event: 3.792 Thread 0x000001b0ffa69360 Uncommon trap: trap_request=0xffffffde fr.pc=0x000001b087b4fc48 relative=0x0000000000000128
Event: 3.792 Thread 0x000001b0ffa69360 Uncommon trap: reason=class_check action=maybe_recompile pc=0x000001b087b4fc48 method=jdk.internal.misc.Unsafe.allocateUninitializedArray(Ljava/lang/Class;I)Ljava/lang/Object; @ 51 c2
Event: 3.792 Thread 0x000001b0ffa69360 DEOPT PACKING pc=0x000001b087b4fc48 sp=0x000000161d1fe960
Event: 3.792 Thread 0x000001b0ffa69360 DEOPT UNPACKING pc=0x000001b08004e42f sp=0x000000161d1fe8e8 mode 2
Event: 3.792 Thread 0x000001b0ffa69360 Uncommon trap: trap_request=0xffffffde fr.pc=0x000001b087b4fc48 relative=0x0000000000000128
Event: 3.792 Thread 0x000001b0ffa69360 Uncommon trap: reason=class_check action=maybe_recompile pc=0x000001b087b4fc48 method=jdk.internal.misc.Unsafe.allocateUninitializedArray(Ljava/lang/Class;I)Ljava/lang/Object; @ 51 c2
Event: 3.792 Thread 0x000001b0ffa69360 DEOPT PACKING pc=0x000001b087b4fc48 sp=0x000000161d1fe9f0
Event: 3.792 Thread 0x000001b0ffa69360 DEOPT UNPACKING pc=0x000001b08004e42f sp=0x000000161d1fe978 mode 2
Event: 3.804 Thread 0x000001b0ffa69360 DEOPT PACKING pc=0x000001b08071ddfb sp=0x000000161d1fe9d0
Event: 3.804 Thread 0x000001b0ffa69360 DEOPT UNPACKING pc=0x000001b08004e23f sp=0x000000161d1fde40 mode 0

Classes unloaded (0 events):
No events

Classes redefined (0 events):
No events

Internal exceptions (20 events):
Event: 3.939 Thread 0x000001b0ffa69360 Exception <a 'java/io/FileNotFoundException'{0x000000008a101bc0}> (0x000000008a101bc0) 
thrown [./open/src/hotspot/share/prims/jni.cpp, line 578]
Event: 3.939 Thread 0x000001b0ffa69360 Exception <a 'java/io/FileNotFoundException'{0x000000008a106380}> (0x000000008a106380) 
thrown [./open/src/hotspot/share/prims/jni.cpp, line 578]
Event: 3.940 Thread 0x000001b0ffa69360 Exception <a 'java/io/FileNotFoundException'{0x000000008a10ab40}> (0x000000008a10ab40) 
thrown [./open/src/hotspot/share/prims/jni.cpp, line 578]
Event: 3.940 Thread 0x000001b0ffa69360 Exception <a 'java/io/FileNotFoundException'{0x000000008a10f300}> (0x000000008a10f300) 
thrown [./open/src/hotspot/share/prims/jni.cpp, line 578]
Event: 3.941 Thread 0x000001b0ffa69360 Exception <a 'java/io/FileNotFoundException'{0x000000008a113ac0}> (0x000000008a113ac0) 
thrown [./open/src/hotspot/share/prims/jni.cpp, line 578]
Event: 3.942 Thread 0x000001b0ffa69360 Exception <a 'java/io/FileNotFoundException'{0x000000008a118280}> (0x000000008a118280) 
thrown [./open/src/hotspot/share/prims/jni.cpp, line 578]
Event: 3.946 Thread 0x000001b0ffa69360 Exception <a 'java/io/FileNotFoundException'{0x000000008a11ca40}> (0x000000008a11ca40) 
thrown [./open/src/hotspot/share/prims/jni.cpp, line 578]
Event: 3.947 Thread 0x000001b0ffa69360 Exception <a 'java/io/FileNotFoundException'{0x000000008a121200}> (0x000000008a121200) 
thrown [./open/src/hotspot/share/prims/jni.cpp, line 578]
Event: 3.948 Thread 0x000001b0ffa69360 Exception <a 'java/io/FileNotFoundException'{0x000000008a1259c0}> (0x000000008a1259c0) 
thrown [./open/src/hotspot/share/prims/jni.cpp, line 578]
Event: 3.949 Thread 0x000001b0ffa69360 Exception <a 'java/io/FileNotFoundException'{0x000000008a12a180}> (0x000000008a12a180) 
thrown [./open/src/hotspot/share/prims/jni.cpp, line 578]
Event: 3.949 Thread 0x000001b0ffa69360 Exception <a 'java/io/FileNotFoundException'{0x000000008a12e940}> (0x000000008a12e940) 
thrown [./open/src/hotspot/share/prims/jni.cpp, line 578]
Event: 3.950 Thread 0x000001b0ffa69360 Exception <a 'java/io/FileNotFoundException'{0x000000008a133100}> (0x000000008a133100) 
thrown [./open/src/hotspot/share/prims/jni.cpp, line 578]
Event: 3.951 Thread 0x000001b0ffa69360 Exception <a 'java/io/FileNotFoundException'{0x000000008a1378c0}> (0x000000008a1378c0) 
thrown [./open/src/hotspot/share/prims/jni.cpp, line 578]
Event: 3.951 Thread 0x000001b0ffa69360 Exception <a 'java/io/FileNotFoundException'{0x000000008a13c080}> (0x000000008a13c080) 
thrown [./open/src/hotspot/share/prims/jni.cpp, line 578]
Event: 3.952 Thread 0x000001b0ffa69360 Exception <a 'java/io/FileNotFoundException'{0x000000008a140840}> (0x000000008a140840) 
thrown [./open/src/hotspot/share/prims/jni.cpp, line 578]
Event: 3.953 Thread 0x000001b0ffa69360 Exception <a 'java/io/FileNotFoundException'{0x000000008a300058}> (0x000000008a300058) 
thrown [./open/src/hotspot/share/prims/jni.cpp, line 578]
Event: 3.955 Thread 0x000001b0ffa69360 Exception <a 'java/io/FileNotFoundException'{0x000000008a304878}> (0x000000008a304878) 
thrown [./open/src/hotspot/share/prims/jni.cpp, line 578]
Event: 3.956 Thread 0x000001b0ffa69360 Exception <a 'java/io/FileNotFoundException'{0x000000008a309038}> (0x000000008a309038) 
thrown [./open/src/hotspot/share/prims/jni.cpp, line 578]
Event: 3.957 Thread 0x000001b0ffa69360 Exception <a 'java/io/FileNotFoundException'{0x000000008a30d7f8}> (0x000000008a30d7f8) 
thrown [./open/src/hotspot/share/prims/jni.cpp, line 578]
Event: 3.957 Thread 0x000001b0ffa69360 Exception <a 'java/io/FileNotFoundException'{0x000000008a311fb8}> (0x000000008a311fb8) 
thrown [./open/src/hotspot/share/prims/jni.cpp, line 578]

Events (20 events):
Event: 3.844 Executing VM operation: G1Concurrent
Event: 3.844 Executing VM operation: G1Concurrent done
Event: 3.847 Executing VM operation: G1Concurrent
Event: 3.847 Executing VM operation: G1Concurrent done
Event: 3.857 Executing VM operation: ICBufferFull
Event: 3.857 Executing VM operation: ICBufferFull done
Event: 3.862 Executing VM operation: G1TryInitiateConcMark
Event: 3.863 Executing VM operation: G1TryInitiateConcMark done
Event: 3.874 Executing VM operation: G1Concurrent
Event: 3.875 Executing VM operation: G1Concurrent done
Event: 3.877 Executing VM operation: G1Concurrent
Event: 3.877 Executing VM operation: G1Concurrent done
Event: 3.922 Executing VM operation: G1TryInitiateConcMark
Event: 3.923 Executing VM operation: G1TryInitiateConcMark done
Event: 3.928 Executing VM operation: G1Concurrent
Event: 3.929 Executing VM operation: G1Concurrent done
Event: 3.931 Executing VM operation: G1Concurrent
Event: 3.931 Executing VM operation: G1Concurrent done
Event: 3.952 Executing VM operation: G1TryInitiateConcMark
Event: 3.953 Executing VM operation: G1TryInitiateConcMark done


Dynamic libraries:
0x00007ff655bf0000 - 0x00007ff655bff000 	C:\Program Files\Java\jdk-15.0.2\bin\javaw.exe
0x00007ffb08290000 - 0x00007ffb08485000 	C:\WINDOWS\SYSTEM32\ntdll.dll
0x00007ffb06990000 - 0x00007ffb06a4d000 	C:\WINDOWS\System32\KERNEL32.DLL
0x00007ffb05e40000 - 0x00007ffb06109000 	C:\WINDOWS\System32\KERNELBASE.dll
0x00007ffb05b80000 - 0x00007ffb05c80000 	C:\WINDOWS\System32\ucrtbase.dll
0x00007ffafeb90000 - 0x00007ffafeba8000 	C:\Program Files\Java\jdk-15.0.2\bin\jli.dll
0x00007ffaf4cd0000 - 0x00007ffaf4ce9000 	C:\Program Files\Java\jdk-15.0.2\bin\VCRUNTIME140.dll
0x00007ffb07610000 - 0x00007ffb076bc000 	C:\WINDOWS\System32\ADVAPI32.dll
0x00007ffb06a60000 - 0x00007ffb06afe000 	C:\WINDOWS\System32\msvcrt.dll
0x00007ffb06b70000 - 0x00007ffb06c0c000 	C:\WINDOWS\System32\sechost.dll
0x00007ffb06730000 - 0x00007ffb0685b000 	C:\WINDOWS\System32\RPCRT4.dll
0x00007ffb06c10000 - 0x00007ffb06db0000 	C:\WINDOWS\System32\USER32.dll
0x00007ffb06110000 - 0x00007ffb06132000 	C:\WINDOWS\System32\win32u.dll
0x00007ffb07440000 - 0x00007ffb0746a000 	C:\WINDOWS\System32\GDI32.dll
0x00007ffae9750000 - 0x00007ffae99ea000 	C:\WINDOWS\WinSxS\amd64_microsoft.windows.common-controls_6595b64144ccf1df_6.0.19041.844_none_ca00b6081b84eb1d\COMCTL32.dll
0x00007ffb05d30000 - 0x00007ffb05e3b000 	C:\WINDOWS\System32\gdi32full.dll
0x00007ffb05ae0000 - 0x00007ffb05b7d000 	C:\WINDOWS\System32\msvcp_win.dll
0x00007ffb02f90000 - 0x00007ffb02f9a000 	C:\WINDOWS\SYSTEM32\VERSION.dll
0x00007ffb06620000 - 0x00007ffb06650000 	C:\WINDOWS\System32\IMM32.DLL
0x00007ffb02980000 - 0x00007ffb0298c000 	C:\Program Files\Java\jdk-15.0.2\bin\vcruntime140_1.dll
0x00007ffac6370000 - 0x00007ffac6401000 	C:\Program Files\Java\jdk-15.0.2\bin\msvcp140.dll
0x00007ffa9ad90000 - 0x00007ffa9b8ee000 	C:\Program Files\Java\jdk-15.0.2\bin\server\jvm.dll
0x00007ffb07430000 - 0x00007ffb07438000 	C:\WINDOWS\System32\PSAPI.DLL
0x00007ffb00e90000 - 0x00007ffb00e99000 	C:\WINDOWS\SYSTEM32\WSOCK32.dll
0x00007ffaea610000 - 0x00007ffaea637000 	C:\WINDOWS\SYSTEM32\WINMM.dll
0x00007ffb06b00000 - 0x00007ffb06b6b000 	C:\WINDOWS\System32\WS2_32.dll
0x00007ffb042b0000 - 0x00007ffb042c2000 	C:\WINDOWS\SYSTEM32\kernel.appcore.dll
0x00007ffafef70000 - 0x00007ffafef7a000 	C:\Program Files\Java\jdk-15.0.2\bin\jimage.dll
0x00007ffb03fc0000 - 0x00007ffb041a4000 	C:\WINDOWS\SYSTEM32\DBGHELP.DLL
0x00007ffaebd70000 - 0x00007ffaebd9c000 	C:\WINDOWS\SYSTEM32\dbgcore.DLL
0x00007ffb05cb0000 - 0x00007ffb05d30000 	C:\WINDOWS\System32\bcryptPrimitives.dll
0x00007ffae1670000 - 0x00007ffae1695000 	C:\Program Files\Java\jdk-15.0.2\bin\java.dll
0x00007ffb076c0000 - 0x00007ffb07e02000 	C:\WINDOWS\System32\SHELL32.dll
0x00007ffb03830000 - 0x00007ffb03fc0000 	C:\WINDOWS\SYSTEM32\windows.storage.dll
0x00007ffb07e10000 - 0x00007ffb08165000 	C:\WINDOWS\System32\combase.dll
0x00007ffb05440000 - 0x00007ffb0546c000 	C:\WINDOWS\SYSTEM32\Wldp.dll
0x00007ffb06570000 - 0x00007ffb0661e000 	C:\WINDOWS\System32\SHCORE.dll
0x00007ffb07340000 - 0x00007ffb07395000 	C:\WINDOWS\System32\shlwapi.dll
0x00007ffb05910000 - 0x00007ffb0592f000 	C:\WINDOWS\SYSTEM32\profapi.dll
0x00007ffae9100000 - 0x00007ffae9119000 	C:\Program Files\Java\jdk-15.0.2\bin\net.dll
0x00007ffaf12e0000 - 0x00007ffaf13ec000 	C:\WINDOWS\SYSTEM32\WINHTTP.dll
0x00007ffb051c0000 - 0x00007ffb0522a000 	C:\WINDOWS\system32\mswsock.dll
0x00007ffae42d0000 - 0x00007ffae42e2000 	C:\Program Files\Java\jdk-15.0.2\bin\nio.dll
0x00007ffae1650000 - 0x00007ffae1668000 	C:\Program Files\Java\jdk-15.0.2\bin\zip.dll
0x00007ffac1980000 - 0x00007ffac1b00000 	C:\Program Files\Java\jdk-15.0.2\bin\awt.dll
0x00007ffb06650000 - 0x00007ffb0671d000 	C:\WINDOWS\System32\OLEAUT32.dll
0x00007ffb02b70000 - 0x00007ffb02c00000 	C:\WINDOWS\SYSTEM32\apphelp.dll
0x00007ffb032a0000 - 0x00007ffb032cf000 	C:\WINDOWS\system32\DWMAPI.DLL
0x00007ffb030b0000 - 0x00007ffb0314e000 	C:\WINDOWS\system32\uxtheme.dll
0x00007ffae84e0000 - 0x00007ffae8606000 	C:\WINDOWS\system32\opengl32.dll
0x00007ffafd4b0000 - 0x00007ffafd4dc000 	C:\WINDOWS\SYSTEM32\GLU32.dll
0x00007ffb074f0000 - 0x00007ffb07605000 	C:\WINDOWS\System32\MSCTF.dll
0x00007ffb06860000 - 0x00007ffb0698a000 	C:\WINDOWS\System32\ole32.dll
0x00007ffafea40000 - 0x00007ffafea50000 	C:\Program Files\Java\jdk-15.0.2\bin\verify.dll
0x00007ffb05390000 - 0x00007ffb053a8000 	C:\WINDOWS\SYSTEM32\CRYPTSP.dll
0x00007ffb04ae0000 - 0x00007ffb04b14000 	C:\WINDOWS\system32\rsaenh.dll
0x00007ffb05c80000 - 0x00007ffb05ca7000 	C:\WINDOWS\System32\bcrypt.dll
0x00007ffb058d0000 - 0x00007ffb058fe000 	C:\WINDOWS\SYSTEM32\USERENV.dll
0x00007ffb053b0000 - 0x00007ffb053bc000 	C:\WINDOWS\SYSTEM32\CRYPTBASE.dll
0x00007ffb04e60000 - 0x00007ffb04e9b000 	C:\WINDOWS\SYSTEM32\IPHLPAPI.DLL
0x00007ffb06a50000 - 0x00007ffb06a58000 	C:\WINDOWS\System32\NSI.dll
0x00007ffaf4a40000 - 0x00007ffaf4a57000 	C:\WINDOWS\SYSTEM32\dhcpcsvc6.DLL
0x00007ffaf6580000 - 0x00007ffaf659d000 	C:\WINDOWS\SYSTEM32\dhcpcsvc.DLL
0x00007ffb04ea0000 - 0x00007ffb04f6b000 	C:\WINDOWS\SYSTEM32\DNSAPI.dll
0x000000006e740000 - 0x00000000707f7000 	C:\Users\ahoff\AppData\Local\Temp\xuggle\xuggle8164358494976092487.dll
0x00007ffadcbf0000 - 0x00007ffadcbfc000 	C:\WINDOWS\SYSTEM32\Secur32.dll
0x00007ffae1630000 - 0x00007ffae1649000 	C:\WINDOWS\SYSTEM32\AVICAP32.dll
0x00007ffae1240000 - 0x00007ffae126b000 	C:\WINDOWS\SYSTEM32\MSVFW32.dll
0x00007ffb05890000 - 0x00007ffb058cc000 	C:\WINDOWS\SYSTEM32\SSPICLI.DLL
0x00007ffae1610000 - 0x00007ffae1621000 	C:\Program Files\Java\jdk-15.0.2\bin\jsound.dll
0x00007ffac32a0000 - 0x00007ffac333c000 	C:\WINDOWS\SYSTEM32\DSOUND.dll
0x00007ffb04fe0000 - 0x00007ffb0502b000 	C:\WINDOWS\SYSTEM32\powrprof.dll
0x00007ffae0c60000 - 0x00007ffae0c86000 	C:\WINDOWS\SYSTEM32\winmmbase.dll
0x00007ffb04e40000 - 0x00007ffb04e52000 	C:\WINDOWS\SYSTEM32\UMPDC.dll
0x00007ffb064a0000 - 0x00007ffb06549000 	C:\WINDOWS\System32\clbcatq.dll
0x00007ffb004d0000 - 0x00007ffb00555000 	C:\WINDOWS\System32\MMDevApi.dll
0x00007ffb05780000 - 0x00007ffb057ac000 	C:\WINDOWS\System32\DEVOBJ.dll
0x00007ffb06140000 - 0x00007ffb0618e000 	C:\WINDOWS\System32\cfgmgr32.dll
0x00007ffac11a0000 - 0x00007ffac11e6000 	C:\WINDOWS\SYSTEM32\wdmaud.drv
0x00007ffb02f20000 - 0x00007ffb02f29000 	C:\WINDOWS\SYSTEM32\ksuser.dll
0x00007ffb00600000 - 0x00007ffb0060a000 	C:\WINDOWS\SYSTEM32\AVRT.dll
0x00007ffafff70000 - 0x00007ffb000f5000 	C:\WINDOWS\SYSTEM32\AUDIOSES.DLL
0x00007ffae42c0000 - 0x00007ffae42cd000 	C:\WINDOWS\SYSTEM32\msacm32.drv
0x00007ffacdfa0000 - 0x00007ffacdfbe000 	C:\WINDOWS\SYSTEM32\MSACM32.dll
0x00007ffae3f80000 - 0x00007ffae3f8b000 	C:\WINDOWS\SYSTEM32\midimap.dll
0x00007ffac1390000 - 0x00007ffac1415000 	C:\Program Files\Java\jdk-15.0.2\bin\freetype.dll
0x00007ffabaf00000 - 0x00007ffabafa9000 	C:\Program Files\Java\jdk-15.0.2\bin\fontmanager.dll
0x00007ffaec080000 - 0x00007ffaec17b000 	C:\WINDOWS\SYSTEM32\textinputframework.dll
0x00007ffb02860000 - 0x00007ffb02952000 	C:\WINDOWS\System32\CoreMessaging.dll
0x00007ffb02180000 - 0x00007ffb024de000 	C:\WINDOWS\System32\CoreUIComponents.dll
0x00007ffb04720000 - 0x00007ffb04753000 	C:\WINDOWS\SYSTEM32\ntmarta.dll
0x00007ffb011a0000 - 0x00007ffb012f4000 	C:\WINDOWS\SYSTEM32\wintypes.dll

dbghelp: loaded successfully - version: 4.0.5 - missing functions: none
symbol engine: initialized successfully - sym options: 0x614 - pdb path: .;C:\Program Files\Java\jdk-15.0.2\bin;C:\WINDOWS\SYSTEM32;C:\WINDOWS\WinSxS\amd64_microsoft.windows.common-controls_6595b64144ccf1df_6.0.19041.844_none_ca00b6081b84eb1d;C:\Program Files\Java\jdk-15.0.2\bin\server;C:\Users\ahoff\AppData\Local\Temp\xuggle

VM Arguments:
jvm_args: -Dfile.encoding=Cp1252 -XX:+ShowCodeDetailsInExceptionMessages 
java_command: RecordingApp.ScreenRecorder
java_class_path (initial): C:\Users\ahoff\Desktop\RecordApp\RecordingApp\lib\bin\main;C:\Users\ahoff\.gradle\caches\modules-2\files-2.1\org.apache.commons\commons-math3\3.6.1\e4ba98f1d4b3c80ec46392f25e094a6a2e58fcbf\commons-math3-3.6.1.jar;C:\Users\ahoff\.gradle\caches\modules-2\files-2.1\com.google.guava\guava\29.0-jre\801142b4c3d0f0770dd29abea50906cacfddd447\guava-29.0-jre.jar;C:\Users\ahoff\.gradle\caches\modules-2\files-2.1\xuggle\xuggle-xuggler-server-all\5.7.0-20210205.154804-12\36f70422f6b773c7ddc441728e775b972ce31f6\xuggle-xuggler-server-all-5.7.0-20210205.154804-12.jar;C:\Users\ahoff\.gradle\caches\modules-2\files-2.1\com.google.guava\failureaccess\1.0.1\1dcf1de382a0bf95a3d8b0849546c88bac1292c9\failureaccess-1.0.1.jar;C:\Users\ahoff\.gradle\caches\modules-2\files-2.1\com.google.guava\listenablefuture\9999.0-empty-to-avoid-conflict-with-guava\b421526c5f297295adef1c886e5246c39d4ac629\listenablefuture-9999.0-empty-to-avoid-conflict-with-guava.jar;C:\Users\ahoff\.gradle\caches\modules-2\files-2.1\com.google.code.findbugs\jsr305\3.0.2\25ea2e8b0c338a877313bd4672d3fe056ea78f0d\jsr305-3.0.2.jar;C:\Users\ahoff\.gradle\caches\modules-2\files-2.1\org.checkerframework\checker-qual\2.11.1\8c43bf8f99b841d23aadda6044329dad9b63c185\checker-qual-2.11.1.jar;C:\Users\ahoff\.gradle\caches\modules-2\files-2.1\com.google.errorprone\error_prone_annotations\2.3.4\dac170e4594de319655ffb62f41cbd6dbb5e601e\error_prone_annotations-2.3.4.jar;C:\Users\ahoff\.gradle\caches\modules-2\files-2.1\com.google.j2objc\j2objc-annotations\1.3\ba035118bc8bac37d7eff77700720999acd9986d\j2objc-annotations-1.3.jar;C:\Users\ahoff\.gradle\caches\modules-2\files-2.1\org.slf4j\slf4j-api\1.7.30\b5a4b6d16ab13e34a88fae84c35cd5d68cac922c\slf4j-api-1.7.30.jar;C:\Users\ahoff\.gradle\caches\modules-2\files-2.1\commons-cli\commons-cli\1.1\11c98b99ad538f2f67633afd4d7f4d98ecfbb408\commons-cli-1.1.jar;C:\Users\ahoff\.gradle\caches\modules-2\files-2.1\ch.qos.logback\logback-classic\1.0.0\2577f6b69bbab34bb55634a4500b
Launcher Type: SUN_STANDARD

[Global flags]
     intx CICompilerCount                          = 4                                         {product} {ergonomic}
     uint ConcGCThreads                            = 2                                         {product} {ergonomic}
     uint G1ConcRefinementThreads                  = 8                                         {product} {ergonomic}
   size_t G1HeapRegionSize                         = 1048576                                   {product} {ergonomic}
    uintx GCDrainStackTargetSize                   = 64                                        {product} {ergonomic}
   size_t InitialHeapSize                          = 132120576                                 {product} {ergonomic}
   size_t MarkStackSize                            = 4194304                                   {product} {ergonomic}
   size_t MaxHeapSize                              = 2107637760                                {product} {ergonomic}
   size_t MaxNewSize                               = 1264582656                                {product} {ergonomic}
   size_t MinHeapDeltaBytes                        = 1048576                                   {product} {ergonomic}
   size_t MinHeapSize                              = 8388608                                   {product} {ergonomic}
    uintx NonNMethodCodeHeapSize                   = 5839372                                {pd product} {ergonomic}
    uintx NonProfiledCodeHeapSize                  = 122909434                              {pd product} {ergonomic}
    uintx ProfiledCodeHeapSize                     = 122909434                              {pd product} {ergonomic}
    uintx ReservedCodeCacheSize                    = 251658240                              {pd product} {ergonomic}
     bool SegmentedCodeCache                       = true                                      {product} {ergonomic}
     bool ShowCodeDetailsInExceptionMessages       = true                                   {manageable} {command line}
   size_t SoftMaxHeapSize                          = 2107637760                             {manageable} {ergonomic}
     bool UseCompressedClassPointers               = true                                 {lp64_product} {ergonomic}
     bool UseCompressedOops                        = true                                 {lp64_product} {ergonomic}
     bool UseG1GC                                  = true                                      {product} {ergonomic}
     bool UseLargePagesIndividualAllocation        = false                                  {pd product} {ergonomic}

Logging:
Log output configuration:
 #0: stdout all=warning uptime,level,tags
 #1: stderr all=off uptime,level,tags

Environment Variables:
PATH=C:/Users/ahoff/.p2/pool/plugins/org.eclipse.justj.openjdk.hotspot.jre.full.win32.x86_64_15.0.1.v20201027-0507/jre/bin/server;C:/Users/ahoff/.p2/pool/plugins/org.eclipse.justj.openjdk.hotspot.jre.full.win32.x86_64_15.0.1.v20201027-0507/jre/bin;C:\Program Files\Common Files\Oracle\Java\javapath;C:\Program Files\VanDyke Software\Clients\;C:\windows\system32;C:\windows;C:\windows\System32\Wbem;C:\windows\System32\WindowsPowerShell\v1.0\;C:\windows\System32\OpenSSH\;C:\Program Files (x86)\NVIDIA Corporation\PhysX\Common;C:\Program Files\NVIDIA Corporation\NVIDIA NvDLISR;C:\Program Files\nodejs\;C:\WINDOWS\system32;C:\WINDOWS;C:\WINDOWS\System32\Wbem;C:\WINDOWS\System32\WindowsPowerShell\v1.0\;C:\WINDOWS\System32\OpenSSH\;C:\Program Files\Git\cmd;C:\ProgramData\chocolatey\bin;C:\Users\ahoff\AppData\Local\Microsoft\WindowsApps;C:\Users\ahoff\AppData\Local\Programs\Microsoft VS Code\bin;C:\Users\ahoff\AppData\Roaming\npm;C:\Program Files\heroku\bin;C:\MinGW\bin;C:\ProgramData\chocolatey\bin\;C:\Program Files\Java\jdk-15.0.2\bin;C:\Gradle\gradle-6.8.3-bin\gradle-6.8.3\bin;;C:\Users\ahoff\Desktop;
USERNAME=ahoff
OS=Windows_NT
PROCESSOR_IDENTIFIER=Intel64 Family 6 Model 158 Stepping 10, GenuineIntel



---------------  S Y S T E M  ---------------

OS:
 Windows 10 , 64 bit Build 19041 (10.0.19041.804)
OS uptime: 6 days 6:33 hours

CPU: total 8 (initial active 8) (4 cores per cpu, 2 threads per core) family 6 model 158 stepping 10 microcode 0xde, cmov, cx8, fxsr, mmx, sse, sse2, sse3, ssse3, sse4.1, sse4.2, popcnt, vzeroupper, avx, avx2, aes, clmul, erms, 3dnowpref, lzcnt, ht, tsc, tscinvbit, bmi1, bmi2, adx, fma, clflush, clflushopt

Memory: 4k page, system-wide physical 8033M (1349M free)
TotalPageFile size 22794M (AvailPageFile size 4456M)
current process WorkingSet (physical memory assigned to process): 186M, peak: 189M
current process commit charge ("private bytes"): 224M, peak: 269M

vm_info: Java HotSpot(TM) 64-Bit Server VM (15.0.2+7-27) for windows-amd64 JRE (15.0.2+7-27), built on Dec  7 2020 20:07:01 by "mach5one" with unknown MS VC++:1925

END.
